{"D:\\aptitude-app-cit\\server\\controllers\\adminController.js": {"path":"D:\\aptitude-app-cit\\server\\controllers\\adminController.js","statementMap":{"0":{"start":{"line":1,"column":17},"end":{"line":1,"column":36}},"1":{"start":{"line":2,"column":19},"end":{"line":2,"column":38}},"2":{"start":{"line":3,"column":17},"end":{"line":3,"column":46}},"3":{"start":{"line":4,"column":13},"end":{"line":4,"column":38}},"4":{"start":{"line":5,"column":19},"end":{"line":5,"column":50}},"5":{"start":{"line":6,"column":13},"end":{"line":6,"column":38}},"6":{"start":{"line":7,"column":18},"end":{"line":7,"column":48}},"7":{"start":{"line":9,"column":27},"end":{"line":9,"column":29}},"8":{"start":{"line":11,"column":25},"end":{"line":14,"column":1}},"9":{"start":{"line":12,"column":2},"end":{"line":12,"column":40}},"10":{"start":{"line":13,"column":2},"end":{"line":13,"column":60}},"11":{"start":{"line":17,"column":23},"end":{"line":33,"column":1}},"12":{"start":{"line":18,"column":66},"end":{"line":18,"column":74}},"13":{"start":{"line":19,"column":2},"end":{"line":32,"column":3}},"14":{"start":{"line":20,"column":21},"end":{"line":27,"column":6}},"15":{"start":{"line":28,"column":28},"end":{"line":28,"column":49}},"16":{"start":{"line":29,"column":4},"end":{"line":29,"column":42}},"17":{"start":{"line":31,"column":4},"end":{"line":31,"column":69}},"18":{"start":{"line":35,"column":24},"end":{"line":65,"column":1}},"19":{"start":{"line":36,"column":15},"end":{"line":36,"column":61}},"20":{"start":{"line":37,"column":14},"end":{"line":37,"column":49}},"21":{"start":{"line":38,"column":2},"end":{"line":38,"column":61}},"22":{"start":{"line":38,"column":34},"end":{"line":38,"column":61}},"23":{"start":{"line":39,"column":2},"end":{"line":39,"column":27}},"24":{"start":{"line":39,"column":17},"end":{"line":39,"column":27}},"25":{"start":{"line":41,"column":25},"end":{"line":41,"column":49}},"26":{"start":{"line":42,"column":15},"end":{"line":42,"column":33}},"27":{"start":{"line":44,"column":2},"end":{"line":64,"column":3}},"28":{"start":{"line":45,"column":18},"end":{"line":45,"column":20}},"29":{"start":{"line":46,"column":4},"end":{"line":48,"column":5}},"30":{"start":{"line":47,"column":6},"end":{"line":47,"column":38}},"31":{"start":{"line":50,"column":22},"end":{"line":50,"column":96}},"32":{"start":{"line":51,"column":27},"end":{"line":51,"column":63}},"33":{"start":{"line":52,"column":26},"end":{"line":52,"column":61}},"34":{"start":{"line":54,"column":4},"end":{"line":60,"column":7}},"35":{"start":{"line":62,"column":4},"end":{"line":62,"column":45}},"36":{"start":{"line":63,"column":4},"end":{"line":63,"column":54}},"37":{"start":{"line":67,"column":23},"end":{"line":87,"column":1}},"38":{"start":{"line":68,"column":66},"end":{"line":68,"column":74}},"39":{"start":{"line":69,"column":2},"end":{"line":86,"column":3}},"40":{"start":{"line":70,"column":21},"end":{"line":70,"column":59}},"41":{"start":{"line":71,"column":4},"end":{"line":73,"column":5}},"42":{"start":{"line":72,"column":6},"end":{"line":72,"column":69}},"43":{"start":{"line":75,"column":4},"end":{"line":75,"column":49}},"44":{"start":{"line":75,"column":28},"end":{"line":75,"column":49}},"45":{"start":{"line":76,"column":4},"end":{"line":76,"column":58}},"46":{"start":{"line":76,"column":31},"end":{"line":76,"column":58}},"47":{"start":{"line":77,"column":4},"end":{"line":77,"column":76}},"48":{"start":{"line":77,"column":37},"end":{"line":77,"column":76}},"49":{"start":{"line":78,"column":4},"end":{"line":78,"column":70}},"50":{"start":{"line":78,"column":35},"end":{"line":78,"column":70}},"51":{"start":{"line":79,"column":4},"end":{"line":79,"column":61}},"52":{"start":{"line":79,"column":32},"end":{"line":79,"column":61}},"53":{"start":{"line":80,"column":4},"end":{"line":80,"column":38}},"54":{"start":{"line":82,"column":28},"end":{"line":82,"column":49}},"55":{"start":{"line":83,"column":4},"end":{"line":83,"column":42}},"56":{"start":{"line":85,"column":4},"end":{"line":85,"column":69}},"57":{"start":{"line":89,"column":23},"end":{"line":108,"column":1}},"58":{"start":{"line":90,"column":2},"end":{"line":107,"column":3}},"59":{"start":{"line":91,"column":21},"end":{"line":91,"column":59}},"60":{"start":{"line":92,"column":4},"end":{"line":94,"column":5}},"61":{"start":{"line":93,"column":6},"end":{"line":93,"column":69}},"62":{"start":{"line":96,"column":4},"end":{"line":99,"column":7}},"63":{"start":{"line":101,"column":4},"end":{"line":101,"column":31}},"64":{"start":{"line":102,"column":4},"end":{"line":102,"column":71}},"65":{"start":{"line":103,"column":4},"end":{"line":103,"column":58}},"66":{"start":{"line":105,"column":4},"end":{"line":105,"column":44}},"67":{"start":{"line":106,"column":4},"end":{"line":106,"column":54}},"68":{"start":{"line":111,"column":19},"end":{"line":120,"column":1}},"69":{"start":{"line":112,"column":48},"end":{"line":112,"column":56}},"70":{"start":{"line":113,"column":2},"end":{"line":119,"column":3}},"71":{"start":{"line":114,"column":17},"end":{"line":114,"column":70}},"72":{"start":{"line":115,"column":24},"end":{"line":115,"column":41}},"73":{"start":{"line":116,"column":4},"end":{"line":116,"column":38}},"74":{"start":{"line":118,"column":4},"end":{"line":118,"column":65}},"75":{"start":{"line":122,"column":20},"end":{"line":137,"column":1}},"76":{"start":{"line":123,"column":2},"end":{"line":136,"column":3}},"77":{"start":{"line":124,"column":4},"end":{"line":126,"column":5}},"78":{"start":{"line":125,"column":6},"end":{"line":125,"column":68}},"79":{"start":{"line":127,"column":17},"end":{"line":127,"column":73}},"80":{"start":{"line":128,"column":4},"end":{"line":132,"column":5}},"81":{"start":{"line":129,"column":6},"end":{"line":129,"column":33}},"82":{"start":{"line":131,"column":6},"end":{"line":131,"column":58}},"83":{"start":{"line":134,"column":4},"end":{"line":134,"column":41}},"84":{"start":{"line":135,"column":4},"end":{"line":135,"column":54}},"85":{"start":{"line":139,"column":19},"end":{"line":157,"column":1}},"86":{"start":{"line":140,"column":43},"end":{"line":140,"column":51}},"87":{"start":{"line":141,"column":2},"end":{"line":156,"column":3}},"88":{"start":{"line":142,"column":17},"end":{"line":142,"column":51}},"89":{"start":{"line":143,"column":4},"end":{"line":145,"column":5}},"90":{"start":{"line":144,"column":6},"end":{"line":144,"column":65}},"91":{"start":{"line":147,"column":4},"end":{"line":147,"column":48}},"92":{"start":{"line":147,"column":29},"end":{"line":147,"column":48}},"93":{"start":{"line":148,"column":4},"end":{"line":148,"column":57}},"94":{"start":{"line":148,"column":32},"end":{"line":148,"column":57}},"95":{"start":{"line":149,"column":4},"end":{"line":149,"column":64}},"96":{"start":{"line":149,"column":35},"end":{"line":149,"column":64}},"97":{"start":{"line":150,"column":4},"end":{"line":150,"column":34}},"98":{"start":{"line":152,"column":24},"end":{"line":152,"column":41}},"99":{"start":{"line":153,"column":4},"end":{"line":153,"column":38}},"100":{"start":{"line":155,"column":4},"end":{"line":155,"column":65}},"101":{"start":{"line":159,"column":19},"end":{"line":177,"column":1}},"102":{"start":{"line":160,"column":2},"end":{"line":176,"column":3}},"103":{"start":{"line":161,"column":17},"end":{"line":161,"column":51}},"104":{"start":{"line":162,"column":4},"end":{"line":164,"column":5}},"105":{"start":{"line":163,"column":6},"end":{"line":163,"column":65}},"106":{"start":{"line":166,"column":4},"end":{"line":169,"column":7}},"107":{"start":{"line":171,"column":4},"end":{"line":171,"column":27}},"108":{"start":{"line":172,"column":4},"end":{"line":172,"column":54}},"109":{"start":{"line":174,"column":4},"end":{"line":174,"column":40}},"110":{"start":{"line":175,"column":4},"end":{"line":175,"column":54}},"111":{"start":{"line":180,"column":18},"end":{"line":185,"column":1}},"112":{"start":{"line":181,"column":2},"end":{"line":181,"column":31}},"113":{"start":{"line":181,"column":17},"end":{"line":181,"column":31}},"114":{"start":{"line":182,"column":2},"end":{"line":182,"column":32}},"115":{"start":{"line":182,"column":17},"end":{"line":182,"column":32}},"116":{"start":{"line":183,"column":2},"end":{"line":183,"column":32}},"117":{"start":{"line":183,"column":17},"end":{"line":183,"column":32}},"118":{"start":{"line":184,"column":2},"end":{"line":184,"column":18}},"119":{"start":{"line":187,"column":21},"end":{"line":291,"column":1}},"120":{"start":{"line":188,"column":2},"end":{"line":290,"column":3}},"121":{"start":{"line":189,"column":26},"end":{"line":189,"column":71}},"122":{"start":{"line":190,"column":23},"end":{"line":190,"column":50}},"123":{"start":{"line":191,"column":29},"end":{"line":191,"column":62}},"124":{"start":{"line":193,"column":24},"end":{"line":193,"column":73}},"125":{"start":{"line":195,"column":25},"end":{"line":195,"column":75}},"126":{"start":{"line":196,"column":26},"end":{"line":196,"column":35}},"127":{"start":{"line":198,"column":23},"end":{"line":198,"column":32}},"128":{"start":{"line":200,"column":4},"end":{"line":219,"column":5}},"129":{"start":{"line":201,"column":6},"end":{"line":201,"column":30}},"130":{"start":{"line":201,"column":21},"end":{"line":201,"column":30}},"131":{"start":{"line":203,"column":18},"end":{"line":203,"column":67}},"132":{"start":{"line":204,"column":6},"end":{"line":204,"column":40}},"133":{"start":{"line":206,"column":18},"end":{"line":206,"column":41}},"134":{"start":{"line":207,"column":6},"end":{"line":209,"column":7}},"135":{"start":{"line":208,"column":8},"end":{"line":208,"column":82}},"136":{"start":{"line":210,"column":20},"end":{"line":210,"column":42}},"137":{"start":{"line":211,"column":6},"end":{"line":211,"column":35}},"138":{"start":{"line":212,"column":6},"end":{"line":212,"column":35}},"139":{"start":{"line":214,"column":23},"end":{"line":214,"column":62}},"140":{"start":{"line":215,"column":6},"end":{"line":215,"column":87}},"141":{"start":{"line":215,"column":37},"end":{"line":215,"column":87}},"142":{"start":{"line":216,"column":17},"end":{"line":216,"column":41}},"143":{"start":{"line":217,"column":6},"end":{"line":217,"column":23}},"144":{"start":{"line":218,"column":6},"end":{"line":218,"column":20}},"145":{"start":{"line":221,"column":32},"end":{"line":221,"column":34}},"146":{"start":{"line":222,"column":4},"end":{"line":236,"column":5}},"147":{"start":{"line":223,"column":21},"end":{"line":223,"column":22}},"148":{"start":{"line":224,"column":14},"end":{"line":224,"column":15}},"149":{"start":{"line":225,"column":6},"end":{"line":230,"column":7}},"150":{"start":{"line":225,"column":19},"end":{"line":225,"column":20}},"151":{"start":{"line":226,"column":8},"end":{"line":229,"column":9}},"152":{"start":{"line":227,"column":10},"end":{"line":227,"column":48}},"153":{"start":{"line":228,"column":10},"end":{"line":228,"column":17}},"154":{"start":{"line":231,"column":6},"end":{"line":235,"column":9}},"155":{"start":{"line":238,"column":28},"end":{"line":243,"column":9}},"156":{"start":{"line":239,"column":26},"end":{"line":239,"column":44}},"157":{"start":{"line":240,"column":45},"end":{"line":243,"column":7}},"158":{"start":{"line":246,"column":26},"end":{"line":246,"column":35}},"159":{"start":{"line":247,"column":26},"end":{"line":247,"column":49}},"160":{"start":{"line":249,"column":4},"end":{"line":268,"column":5}},"161":{"start":{"line":250,"column":19},"end":{"line":250,"column":70}},"162":{"start":{"line":251,"column":6},"end":{"line":251,"column":26}},"163":{"start":{"line":251,"column":17},"end":{"line":251,"column":26}},"164":{"start":{"line":254,"column":8},"end":{"line":254,"column":90}},"165":{"start":{"line":256,"column":6},"end":{"line":267,"column":7}},"166":{"start":{"line":257,"column":20},"end":{"line":257,"column":49}},"167":{"start":{"line":258,"column":8},"end":{"line":260,"column":9}},"168":{"start":{"line":259,"column":10},"end":{"line":259,"column":59}},"169":{"start":{"line":261,"column":19},"end":{"line":261,"column":41}},"170":{"start":{"line":262,"column":8},"end":{"line":262,"column":22}},"171":{"start":{"line":263,"column":20},"end":{"line":263,"column":48}},"172":{"start":{"line":264,"column":8},"end":{"line":266,"column":9}},"173":{"start":{"line":265,"column":10},"end":{"line":265,"column":26}},"174":{"start":{"line":270,"column":29},"end":{"line":274,"column":7}},"175":{"start":{"line":270,"column":106},"end":{"line":274,"column":5}},"176":{"start":{"line":276,"column":4},"end":{"line":286,"column":7}},"177":{"start":{"line":288,"column":4},"end":{"line":288,"column":42}},"178":{"start":{"line":289,"column":4},"end":{"line":289,"column":66}},"179":{"start":{"line":293,"column":29},"end":{"line":310,"column":1}},"180":{"start":{"line":294,"column":2},"end":{"line":309,"column":3}},"181":{"start":{"line":295,"column":23},"end":{"line":295,"column":33}},"182":{"start":{"line":296,"column":4},"end":{"line":298,"column":5}},"183":{"start":{"line":297,"column":6},"end":{"line":297,"column":66}},"184":{"start":{"line":300,"column":17},"end":{"line":303,"column":30}},"185":{"start":{"line":305,"column":4},"end":{"line":305,"column":19}},"186":{"start":{"line":307,"column":4},"end":{"line":307,"column":50}},"187":{"start":{"line":308,"column":4},"end":{"line":308,"column":67}},"188":{"start":{"line":312,"column":28},"end":{"line":353,"column":1}},"189":{"start":{"line":313,"column":2},"end":{"line":352,"column":3}},"190":{"start":{"line":314,"column":19},"end":{"line":314,"column":29}},"191":{"start":{"line":315,"column":4},"end":{"line":317,"column":5}},"192":{"start":{"line":316,"column":6},"end":{"line":316,"column":66}},"193":{"start":{"line":319,"column":17},"end":{"line":319,"column":56}},"194":{"start":{"line":320,"column":4},"end":{"line":322,"column":5}},"195":{"start":{"line":321,"column":6},"end":{"line":321,"column":65}},"196":{"start":{"line":324,"column":24},"end":{"line":324,"column":90}},"197":{"start":{"line":326,"column":17},"end":{"line":336,"column":6}},"198":{"start":{"line":327,"column":18},"end":{"line":327,"column":76}},"199":{"start":{"line":328,"column":6},"end":{"line":335,"column":8}},"200":{"start":{"line":338,"column":19},"end":{"line":340,"column":6}},"201":{"start":{"line":341,"column":16},"end":{"line":341,"column":34}},"202":{"start":{"line":343,"column":4},"end":{"line":343,"column":46}},"203":{"start":{"line":344,"column":4},"end":{"line":347,"column":6}},"204":{"start":{"line":348,"column":4},"end":{"line":348,"column":18}},"205":{"start":{"line":350,"column":4},"end":{"line":350,"column":49}},"206":{"start":{"line":351,"column":4},"end":{"line":351,"column":62}},"207":{"start":{"line":355,"column":0},"end":{"line":367,"column":2}}},"fnMap":{"0":{"name":"(anonymous_0)","decl":{"start":{"line":11,"column":25},"end":{"line":11,"column":26}},"loc":{"start":{"line":11,"column":58},"end":{"line":14,"column":1}},"line":11},"1":{"name":"(anonymous_1)","decl":{"start":{"line":17,"column":23},"end":{"line":17,"column":24}},"loc":{"start":{"line":17,"column":43},"end":{"line":33,"column":1}},"line":17},"2":{"name":"(anonymous_2)","decl":{"start":{"line":35,"column":24},"end":{"line":35,"column":25}},"loc":{"start":{"line":35,"column":44},"end":{"line":65,"column":1}},"line":35},"3":{"name":"(anonymous_3)","decl":{"start":{"line":67,"column":23},"end":{"line":67,"column":24}},"loc":{"start":{"line":67,"column":43},"end":{"line":87,"column":1}},"line":67},"4":{"name":"(anonymous_4)","decl":{"start":{"line":89,"column":23},"end":{"line":89,"column":24}},"loc":{"start":{"line":89,"column":43},"end":{"line":108,"column":1}},"line":89},"5":{"name":"(anonymous_5)","decl":{"start":{"line":111,"column":19},"end":{"line":111,"column":20}},"loc":{"start":{"line":111,"column":39},"end":{"line":120,"column":1}},"line":111},"6":{"name":"(anonymous_6)","decl":{"start":{"line":122,"column":20},"end":{"line":122,"column":21}},"loc":{"start":{"line":122,"column":40},"end":{"line":137,"column":1}},"line":122},"7":{"name":"(anonymous_7)","decl":{"start":{"line":139,"column":19},"end":{"line":139,"column":20}},"loc":{"start":{"line":139,"column":39},"end":{"line":157,"column":1}},"line":139},"8":{"name":"(anonymous_8)","decl":{"start":{"line":159,"column":19},"end":{"line":159,"column":20}},"loc":{"start":{"line":159,"column":39},"end":{"line":177,"column":1}},"line":159},"9":{"name":"(anonymous_9)","decl":{"start":{"line":180,"column":18},"end":{"line":180,"column":19}},"loc":{"start":{"line":180,"column":27},"end":{"line":185,"column":1}},"line":180},"10":{"name":"(anonymous_10)","decl":{"start":{"line":187,"column":21},"end":{"line":187,"column":22}},"loc":{"start":{"line":187,"column":41},"end":{"line":291,"column":1}},"line":187},"11":{"name":"(anonymous_11)","decl":{"start":{"line":239,"column":12},"end":{"line":239,"column":13}},"loc":{"start":{"line":239,"column":26},"end":{"line":239,"column":44}},"line":239},"12":{"name":"(anonymous_12)","decl":{"start":{"line":240,"column":11},"end":{"line":240,"column":12}},"loc":{"start":{"line":240,"column":45},"end":{"line":243,"column":7}},"line":240},"13":{"name":"(anonymous_13)","decl":{"start":{"line":270,"column":69},"end":{"line":270,"column":70}},"loc":{"start":{"line":270,"column":106},"end":{"line":274,"column":5}},"line":270},"14":{"name":"(anonymous_14)","decl":{"start":{"line":293,"column":29},"end":{"line":293,"column":30}},"loc":{"start":{"line":293,"column":49},"end":{"line":310,"column":1}},"line":293},"15":{"name":"(anonymous_15)","decl":{"start":{"line":312,"column":28},"end":{"line":312,"column":29}},"loc":{"start":{"line":312,"column":48},"end":{"line":353,"column":1}},"line":312},"16":{"name":"(anonymous_16)","decl":{"start":{"line":326,"column":33},"end":{"line":326,"column":34}},"loc":{"start":{"line":326,"column":40},"end":{"line":336,"column":5}},"line":326}},"branchMap":{"0":{"loc":{"start":{"line":36,"column":24},"end":{"line":36,"column":57}},"type":"binary-expr","locations":[{"start":{"line":36,"column":24},"end":{"line":36,"column":52}},{"start":{"line":36,"column":56},"end":{"line":36,"column":57}}],"line":36},"1":{"loc":{"start":{"line":37,"column":14},"end":{"line":37,"column":49}},"type":"binary-expr","locations":[{"start":{"line":37,"column":14},"end":{"line":37,"column":43}},{"start":{"line":37,"column":47},"end":{"line":37,"column":49}}],"line":37},"2":{"loc":{"start":{"line":38,"column":2},"end":{"line":38,"column":61}},"type":"if","locations":[{"start":{"line":38,"column":2},"end":{"line":38,"column":61}},{"start":{},"end":{}}],"line":38},"3":{"loc":{"start":{"line":39,"column":2},"end":{"line":39,"column":27}},"type":"if","locations":[{"start":{"line":39,"column":2},"end":{"line":39,"column":27}},{"start":{},"end":{}}],"line":39},"4":{"loc":{"start":{"line":41,"column":25},"end":{"line":41,"column":49}},"type":"binary-expr","locations":[{"start":{"line":41,"column":25},"end":{"line":41,"column":43}},{"start":{"line":41,"column":47},"end":{"line":41,"column":49}}],"line":41},"5":{"loc":{"start":{"line":46,"column":4},"end":{"line":48,"column":5}},"type":"if","locations":[{"start":{"line":46,"column":4},"end":{"line":48,"column":5}},{"start":{},"end":{}}],"line":46},"6":{"loc":{"start":{"line":57,"column":18},"end":{"line":57,"column":56}},"type":"binary-expr","locations":[{"start":{"line":57,"column":18},"end":{"line":57,"column":51}},{"start":{"line":57,"column":55},"end":{"line":57,"column":56}}],"line":57},"7":{"loc":{"start":{"line":71,"column":4},"end":{"line":73,"column":5}},"type":"if","locations":[{"start":{"line":71,"column":4},"end":{"line":73,"column":5}},{"start":{},"end":{}}],"line":71},"8":{"loc":{"start":{"line":75,"column":4},"end":{"line":75,"column":49}},"type":"if","locations":[{"start":{"line":75,"column":4},"end":{"line":75,"column":49}},{"start":{},"end":{}}],"line":75},"9":{"loc":{"start":{"line":76,"column":4},"end":{"line":76,"column":58}},"type":"if","locations":[{"start":{"line":76,"column":4},"end":{"line":76,"column":58}},{"start":{},"end":{}}],"line":76},"10":{"loc":{"start":{"line":77,"column":4},"end":{"line":77,"column":76}},"type":"if","locations":[{"start":{"line":77,"column":4},"end":{"line":77,"column":76}},{"start":{},"end":{}}],"line":77},"11":{"loc":{"start":{"line":78,"column":4},"end":{"line":78,"column":70}},"type":"if","locations":[{"start":{"line":78,"column":4},"end":{"line":78,"column":70}},{"start":{},"end":{}}],"line":78},"12":{"loc":{"start":{"line":79,"column":4},"end":{"line":79,"column":61}},"type":"if","locations":[{"start":{"line":79,"column":4},"end":{"line":79,"column":61}},{"start":{},"end":{}}],"line":79},"13":{"loc":{"start":{"line":92,"column":4},"end":{"line":94,"column":5}},"type":"if","locations":[{"start":{"line":92,"column":4},"end":{"line":94,"column":5}},{"start":{},"end":{}}],"line":92},"14":{"loc":{"start":{"line":112,"column":27},"end":{"line":112,"column":43}},"type":"default-arg","locations":[{"start":{"line":112,"column":41},"end":{"line":112,"column":43}}],"line":112},"15":{"loc":{"start":{"line":124,"column":4},"end":{"line":126,"column":5}},"type":"if","locations":[{"start":{"line":124,"column":4},"end":{"line":126,"column":5}},{"start":{},"end":{}}],"line":124},"16":{"loc":{"start":{"line":128,"column":4},"end":{"line":132,"column":5}},"type":"if","locations":[{"start":{"line":128,"column":4},"end":{"line":132,"column":5}},{"start":{"line":130,"column":11},"end":{"line":132,"column":5}}],"line":128},"17":{"loc":{"start":{"line":143,"column":4},"end":{"line":145,"column":5}},"type":"if","locations":[{"start":{"line":143,"column":4},"end":{"line":145,"column":5}},{"start":{},"end":{}}],"line":143},"18":{"loc":{"start":{"line":147,"column":4},"end":{"line":147,"column":48}},"type":"if","locations":[{"start":{"line":147,"column":4},"end":{"line":147,"column":48}},{"start":{},"end":{}}],"line":147},"19":{"loc":{"start":{"line":148,"column":4},"end":{"line":148,"column":57}},"type":"if","locations":[{"start":{"line":148,"column":4},"end":{"line":148,"column":57}},{"start":{},"end":{}}],"line":148},"20":{"loc":{"start":{"line":149,"column":4},"end":{"line":149,"column":64}},"type":"if","locations":[{"start":{"line":149,"column":4},"end":{"line":149,"column":64}},{"start":{},"end":{}}],"line":149},"21":{"loc":{"start":{"line":162,"column":4},"end":{"line":164,"column":5}},"type":"if","locations":[{"start":{"line":162,"column":4},"end":{"line":164,"column":5}},{"start":{},"end":{}}],"line":162},"22":{"loc":{"start":{"line":181,"column":2},"end":{"line":181,"column":31}},"type":"if","locations":[{"start":{"line":181,"column":2},"end":{"line":181,"column":31}},{"start":{},"end":{}}],"line":181},"23":{"loc":{"start":{"line":182,"column":2},"end":{"line":182,"column":32}},"type":"if","locations":[{"start":{"line":182,"column":2},"end":{"line":182,"column":32}},{"start":{},"end":{}}],"line":182},"24":{"loc":{"start":{"line":183,"column":2},"end":{"line":183,"column":32}},"type":"if","locations":[{"start":{"line":183,"column":2},"end":{"line":183,"column":32}},{"start":{},"end":{}}],"line":183},"25":{"loc":{"start":{"line":201,"column":6},"end":{"line":201,"column":30}},"type":"if","locations":[{"start":{"line":201,"column":6},"end":{"line":201,"column":30}},{"start":{},"end":{}}],"line":201},"26":{"loc":{"start":{"line":203,"column":18},"end":{"line":203,"column":67}},"type":"cond-expr","locations":[{"start":{"line":203,"column":34},"end":{"line":203,"column":63}},{"start":{"line":203,"column":66},"end":{"line":203,"column":67}}],"line":203},"27":{"loc":{"start":{"line":207,"column":6},"end":{"line":209,"column":7}},"type":"if","locations":[{"start":{"line":207,"column":6},"end":{"line":209,"column":7}},{"start":{},"end":{}}],"line":207},"28":{"loc":{"start":{"line":215,"column":6},"end":{"line":215,"column":87}},"type":"if","locations":[{"start":{"line":215,"column":6},"end":{"line":215,"column":87}},{"start":{},"end":{}}],"line":215},"29":{"loc":{"start":{"line":226,"column":8},"end":{"line":229,"column":9}},"type":"if","locations":[{"start":{"line":226,"column":8},"end":{"line":229,"column":9}},{"start":{},"end":{}}],"line":226},"30":{"loc":{"start":{"line":233,"column":24},"end":{"line":233,"column":52}},"type":"cond-expr","locations":[{"start":{"line":233,"column":28},"end":{"line":233,"column":48}},{"start":{"line":233,"column":51},"end":{"line":233,"column":52}}],"line":233},"31":{"loc":{"start":{"line":242,"column":24},"end":{"line":242,"column":50}},"type":"cond-expr","locations":[{"start":{"line":242,"column":32},"end":{"line":242,"column":46}},{"start":{"line":242,"column":49},"end":{"line":242,"column":50}}],"line":242},"32":{"loc":{"start":{"line":251,"column":6},"end":{"line":251,"column":26}},"type":"if","locations":[{"start":{"line":251,"column":6},"end":{"line":251,"column":26}},{"start":{},"end":{}}],"line":251},"33":{"loc":{"start":{"line":254,"column":8},"end":{"line":254,"column":90}},"type":"cond-expr","locations":[{"start":{"line":254,"column":37},"end":{"line":254,"column":68}},{"start":{"line":254,"column":71},"end":{"line":254,"column":90}}],"line":254},"34":{"loc":{"start":{"line":257,"column":20},"end":{"line":257,"column":49}},"type":"binary-expr","locations":[{"start":{"line":257,"column":20},"end":{"line":257,"column":30}},{"start":{"line":257,"column":34},"end":{"line":257,"column":49}}],"line":257},"35":{"loc":{"start":{"line":258,"column":8},"end":{"line":260,"column":9}},"type":"if","locations":[{"start":{"line":258,"column":8},"end":{"line":260,"column":9}},{"start":{},"end":{}}],"line":258},"36":{"loc":{"start":{"line":264,"column":8},"end":{"line":266,"column":9}},"type":"if","locations":[{"start":{"line":264,"column":8},"end":{"line":266,"column":9}},{"start":{},"end":{}}],"line":264},"37":{"loc":{"start":{"line":264,"column":12},"end":{"line":264,"column":56}},"type":"binary-expr","locations":[{"start":{"line":264,"column":12},"end":{"line":264,"column":29}},{"start":{"line":264,"column":33},"end":{"line":264,"column":56}}],"line":264},"38":{"loc":{"start":{"line":272,"column":23},"end":{"line":272,"column":58}},"type":"cond-expr","locations":[{"start":{"line":272,"column":31},"end":{"line":272,"column":54}},{"start":{"line":272,"column":57},"end":{"line":272,"column":58}}],"line":272},"39":{"loc":{"start":{"line":296,"column":4},"end":{"line":298,"column":5}},"type":"if","locations":[{"start":{"line":296,"column":4},"end":{"line":298,"column":5}},{"start":{},"end":{}}],"line":296},"40":{"loc":{"start":{"line":315,"column":4},"end":{"line":317,"column":5}},"type":"if","locations":[{"start":{"line":315,"column":4},"end":{"line":317,"column":5}},{"start":{},"end":{}}],"line":315},"41":{"loc":{"start":{"line":320,"column":4},"end":{"line":322,"column":5}},"type":"if","locations":[{"start":{"line":320,"column":4},"end":{"line":322,"column":5}},{"start":{},"end":{}}],"line":320},"42":{"loc":{"start":{"line":327,"column":18},"end":{"line":327,"column":76}},"type":"cond-expr","locations":[{"start":{"line":327,"column":32},"end":{"line":327,"column":70}},{"start":{"line":327,"column":73},"end":{"line":327,"column":76}}],"line":327},"43":{"loc":{"start":{"line":329,"column":21},"end":{"line":329,"column":39}},"type":"binary-expr","locations":[{"start":{"line":329,"column":21},"end":{"line":329,"column":33}},{"start":{"line":329,"column":37},"end":{"line":329,"column":39}}],"line":329},"44":{"loc":{"start":{"line":330,"column":15},"end":{"line":330,"column":34}},"type":"binary-expr","locations":[{"start":{"line":330,"column":15},"end":{"line":330,"column":28}},{"start":{"line":330,"column":32},"end":{"line":330,"column":34}}],"line":330}},"s":{"0":1,"1":1,"2":1,"3":1,"4":1,"5":1,"6":1,"7":1,"8":1,"9":0,"10":0,"11":1,"12":0,"13":0,"14":0,"15":0,"16":0,"17":0,"18":1,"19":0,"20":0,"21":0,"22":0,"23":0,"24":0,"25":0,"26":0,"27":0,"28":0,"29":0,"30":0,"31":0,"32":0,"33":0,"34":0,"35":0,"36":0,"37":1,"38":0,"39":0,"40":0,"41":0,"42":0,"43":0,"44":0,"45":0,"46":0,"47":0,"48":0,"49":0,"50":0,"51":0,"52":0,"53":0,"54":0,"55":0,"56":0,"57":1,"58":0,"59":0,"60":0,"61":0,"62":0,"63":0,"64":0,"65":0,"66":0,"67":0,"68":1,"69":0,"70":0,"71":0,"72":0,"73":0,"74":0,"75":1,"76":0,"77":0,"78":0,"79":0,"80":0,"81":0,"82":0,"83":0,"84":0,"85":1,"86":0,"87":0,"88":0,"89":0,"90":0,"91":0,"92":0,"93":0,"94":0,"95":0,"96":0,"97":0,"98":0,"99":0,"100":0,"101":1,"102":0,"103":0,"104":0,"105":0,"106":0,"107":0,"108":0,"109":0,"110":0,"111":1,"112":0,"113":0,"114":0,"115":0,"116":0,"117":0,"118":0,"119":1,"120":0,"121":0,"122":0,"123":0,"124":0,"125":0,"126":0,"127":0,"128":0,"129":0,"130":0,"131":0,"132":0,"133":0,"134":0,"135":0,"136":0,"137":0,"138":0,"139":0,"140":0,"141":0,"142":0,"143":0,"144":0,"145":0,"146":0,"147":0,"148":0,"149":0,"150":0,"151":0,"152":0,"153":0,"154":0,"155":0,"156":0,"157":0,"158":0,"159":0,"160":0,"161":0,"162":0,"163":0,"164":0,"165":0,"166":0,"167":0,"168":0,"169":0,"170":0,"171":0,"172":0,"173":0,"174":0,"175":0,"176":0,"177":0,"178":0,"179":1,"180":0,"181":0,"182":0,"183":0,"184":0,"185":0,"186":0,"187":0,"188":1,"189":0,"190":0,"191":0,"192":0,"193":0,"194":0,"195":0,"196":0,"197":0,"198":0,"199":0,"200":0,"201":0,"202":0,"203":0,"204":0,"205":0,"206":0,"207":1},"f":{"0":0,"1":0,"2":0,"3":0,"4":0,"5":0,"6":0,"7":0,"8":0,"9":0,"10":0,"11":0,"12":0,"13":0,"14":0,"15":0,"16":0},"b":{"0":[0,0],"1":[0,0],"2":[0,0],"3":[0,0],"4":[0,0],"5":[0,0],"6":[0,0],"7":[0,0],"8":[0,0],"9":[0,0],"10":[0,0],"11":[0,0],"12":[0,0],"13":[0,0],"14":[0],"15":[0,0],"16":[0,0],"17":[0,0],"18":[0,0],"19":[0,0],"20":[0,0],"21":[0,0],"22":[0,0],"23":[0,0],"24":[0,0],"25":[0,0],"26":[0,0],"27":[0,0],"28":[0,0],"29":[0,0],"30":[0,0],"31":[0,0],"32":[0,0],"33":[0,0],"34":[0,0],"35":[0,0],"36":[0,0],"37":[0,0],"38":[0,0],"39":[0,0],"40":[0,0],"41":[0,0],"42":[0,0],"43":[0,0],"44":[0,0]},"_coverageSchema":"1a1c01bbd47fc00a2c39e90264f33305004495a9","hash":"eccc20b6d7950e1e67c46afc05cdbd431ede172a"}
,"D:\\aptitude-app-cit\\server\\controllers\\authController.js": {"path":"D:\\aptitude-app-cit\\server\\controllers\\authController.js","statementMap":{"0":{"start":{"line":1,"column":13},"end":{"line":1,"column":38}},"1":{"start":{"line":2,"column":12},"end":{"line":2,"column":35}},"2":{"start":{"line":4,"column":22},"end":{"line":15,"column":1}},"3":{"start":{"line":5,"column":16},"end":{"line":7,"column":4}},"4":{"start":{"line":9,"column":2},"end":{"line":14,"column":5}},"5":{"start":{"line":17,"column":0},"end":{"line":42,"column":2}},"6":{"start":{"line":18,"column":2},"end":{"line":41,"column":3}},"7":{"start":{"line":19,"column":38},"end":{"line":19,"column":46}},"8":{"start":{"line":21,"column":23},"end":{"line":21,"column":52}},"9":{"start":{"line":22,"column":4},"end":{"line":24,"column":5}},"10":{"start":{"line":23,"column":6},"end":{"line":23,"column":86}},"11":{"start":{"line":26,"column":17},"end":{"line":26,"column":61}},"12":{"start":{"line":28,"column":4},"end":{"line":28,"column":33}},"13":{"start":{"line":29,"column":4},"end":{"line":34,"column":7}},"14":{"start":{"line":36,"column":4},"end":{"line":36,"column":42}},"15":{"start":{"line":37,"column":4},"end":{"line":39,"column":5}},"16":{"start":{"line":38,"column":6},"end":{"line":38,"column":86}},"17":{"start":{"line":40,"column":4},"end":{"line":40,"column":77}},"18":{"start":{"line":44,"column":0},"end":{"line":63,"column":2}},"19":{"start":{"line":45,"column":2},"end":{"line":62,"column":3}},"20":{"start":{"line":46,"column":32},"end":{"line":46,"column":40}},"21":{"start":{"line":47,"column":17},"end":{"line":47,"column":46}},"22":{"start":{"line":48,"column":4},"end":{"line":58,"column":5}},"23":{"start":{"line":49,"column":6},"end":{"line":49,"column":35}},"24":{"start":{"line":50,"column":6},"end":{"line":55,"column":9}},"25":{"start":{"line":57,"column":6},"end":{"line":57,"column":63}},"26":{"start":{"line":60,"column":4},"end":{"line":60,"column":39}},"27":{"start":{"line":61,"column":4},"end":{"line":61,"column":54}},"28":{"start":{"line":65,"column":0},"end":{"line":73,"column":2}},"29":{"start":{"line":66,"column":2},"end":{"line":71,"column":5}},"30":{"start":{"line":72,"column":2},"end":{"line":72,"column":63}},"31":{"start":{"line":75,"column":0},"end":{"line":83,"column":2}},"32":{"start":{"line":76,"column":15},"end":{"line":81,"column":3}},"33":{"start":{"line":82,"column":2},"end":{"line":82,"column":29}}},"fnMap":{"0":{"name":"(anonymous_0)","decl":{"start":{"line":4,"column":22},"end":{"line":4,"column":23}},"loc":{"start":{"line":4,"column":39},"end":{"line":15,"column":1}},"line":4},"1":{"name":"(anonymous_1)","decl":{"start":{"line":17,"column":23},"end":{"line":17,"column":24}},"loc":{"start":{"line":17,"column":43},"end":{"line":42,"column":1}},"line":17},"2":{"name":"(anonymous_2)","decl":{"start":{"line":44,"column":20},"end":{"line":44,"column":21}},"loc":{"start":{"line":44,"column":40},"end":{"line":63,"column":1}},"line":44},"3":{"name":"(anonymous_3)","decl":{"start":{"line":65,"column":21},"end":{"line":65,"column":22}},"loc":{"start":{"line":65,"column":35},"end":{"line":73,"column":1}},"line":65},"4":{"name":"(anonymous_4)","decl":{"start":{"line":75,"column":16},"end":{"line":75,"column":17}},"loc":{"start":{"line":75,"column":36},"end":{"line":83,"column":1}},"line":75}},"branchMap":{"0":{"loc":{"start":{"line":22,"column":4},"end":{"line":24,"column":5}},"type":"if","locations":[{"start":{"line":22,"column":4},"end":{"line":24,"column":5}},{"start":{},"end":{}}],"line":22},"1":{"loc":{"start":{"line":37,"column":4},"end":{"line":39,"column":5}},"type":"if","locations":[{"start":{"line":37,"column":4},"end":{"line":39,"column":5}},{"start":{},"end":{}}],"line":37},"2":{"loc":{"start":{"line":48,"column":4},"end":{"line":58,"column":5}},"type":"if","locations":[{"start":{"line":48,"column":4},"end":{"line":58,"column":5}},{"start":{"line":56,"column":11},"end":{"line":58,"column":5}}],"line":48},"3":{"loc":{"start":{"line":48,"column":8},"end":{"line":48,"column":52}},"type":"binary-expr","locations":[{"start":{"line":48,"column":8},"end":{"line":48,"column":12}},{"start":{"line":48,"column":17},"end":{"line":48,"column":51}}],"line":48}},"s":{"0":1,"1":1,"2":1,"3":6,"4":6,"5":1,"6":2,"7":2,"8":2,"9":2,"10":1,"11":1,"12":1,"13":1,"14":0,"15":0,"16":0,"17":0,"18":1,"19":6,"20":6,"21":6,"22":6,"23":5,"24":5,"25":1,"26":0,"27":0,"28":1,"29":0,"30":0,"31":1,"32":1,"33":1},"f":{"0":6,"1":2,"2":6,"3":0,"4":1},"b":{"0":[1,1],"1":[0,0],"2":[5,1],"3":[6,6]},"_coverageSchema":"1a1c01bbd47fc00a2c39e90264f33305004495a9","hash":"4b5144fece2de8b25a1d21128fc50cd322615468"}
,"D:\\aptitude-app-cit\\server\\controllers\\submissionController.js": {"path":"D:\\aptitude-app-cit\\server\\controllers\\submissionController.js","statementMap":{"0":{"start":{"line":1,"column":17},"end":{"line":1,"column":36}},"1":{"start":{"line":2,"column":20},"end":{"line":2,"column":37}},"2":{"start":{"line":3,"column":19},"end":{"line":3,"column":50}},"3":{"start":{"line":4,"column":13},"end":{"line":4,"column":38}},"4":{"start":{"line":5,"column":17},"end":{"line":5,"column":46}},"5":{"start":{"line":6,"column":28},"end":{"line":44,"column":1}},"6":{"start":{"line":7,"column":2},"end":{"line":43,"column":3}},"7":{"start":{"line":8,"column":23},"end":{"line":8,"column":63}},"8":{"start":{"line":10,"column":4},"end":{"line":12,"column":5}},"9":{"start":{"line":11,"column":6},"end":{"line":11,"column":71}},"10":{"start":{"line":14,"column":4},"end":{"line":16,"column":5}},"11":{"start":{"line":15,"column":6},"end":{"line":15,"column":89}},"12":{"start":{"line":18,"column":24},"end":{"line":18,"column":82}},"13":{"start":{"line":20,"column":4},"end":{"line":22,"column":5}},"14":{"start":{"line":21,"column":6},"end":{"line":21,"column":76}},"15":{"start":{"line":25,"column":6},"end":{"line":27,"column":28}},"16":{"start":{"line":29,"column":23},"end":{"line":37,"column":5}},"17":{"start":{"line":39,"column":4},"end":{"line":39,"column":25}},"18":{"start":{"line":41,"column":4},"end":{"line":41,"column":62}},"19":{"start":{"line":42,"column":4},"end":{"line":42,"column":54}},"20":{"start":{"line":46,"column":33},"end":{"line":119,"column":1}},"21":{"start":{"line":47,"column":2},"end":{"line":118,"column":3}},"22":{"start":{"line":48,"column":4},"end":{"line":50,"column":5}},"23":{"start":{"line":49,"column":6},"end":{"line":49,"column":72}},"24":{"start":{"line":52,"column":23},"end":{"line":54,"column":32}},"25":{"start":{"line":56,"column":4},"end":{"line":58,"column":5}},"26":{"start":{"line":57,"column":6},"end":{"line":57,"column":71}},"27":{"start":{"line":60,"column":4},"end":{"line":62,"column":5}},"28":{"start":{"line":61,"column":6},"end":{"line":61,"column":89}},"29":{"start":{"line":64,"column":20},"end":{"line":64,"column":78}},"30":{"start":{"line":67,"column":6},"end":{"line":69,"column":28}},"31":{"start":{"line":71,"column":4},"end":{"line":71,"column":53}},"32":{"start":{"line":72,"column":4},"end":{"line":75,"column":6}},"33":{"start":{"line":77,"column":16},"end":{"line":77,"column":47}},"34":{"start":{"line":78,"column":4},"end":{"line":78,"column":18}},"35":{"start":{"line":80,"column":4},"end":{"line":80,"column":68}},"36":{"start":{"line":81,"column":4},"end":{"line":81,"column":19}},"37":{"start":{"line":82,"column":4},"end":{"line":82,"column":21}},"38":{"start":{"line":83,"column":4},"end":{"line":83,"column":49}},"39":{"start":{"line":84,"column":4},"end":{"line":84,"column":48}},"40":{"start":{"line":85,"column":4},"end":{"line":85,"column":47}},"41":{"start":{"line":86,"column":4},"end":{"line":86,"column":73}},"42":{"start":{"line":87,"column":4},"end":{"line":87,"column":65}},"43":{"start":{"line":88,"column":4},"end":{"line":88,"column":19}},"44":{"start":{"line":91,"column":6},"end":{"line":91,"column":91}},"45":{"start":{"line":92,"column":4},"end":{"line":92,"column":36}},"46":{"start":{"line":93,"column":4},"end":{"line":93,"column":19}},"47":{"start":{"line":94,"column":4},"end":{"line":94,"column":48}},"48":{"start":{"line":95,"column":4},"end":{"line":95,"column":19}},"49":{"start":{"line":96,"column":4},"end":{"line":96,"column":21}},"50":{"start":{"line":98,"column":15},"end":{"line":98,"column":16}},"51":{"start":{"line":99,"column":4},"end":{"line":110,"column":5}},"52":{"start":{"line":100,"column":18},"end":{"line":100,"column":41}},"53":{"start":{"line":101,"column":23},"end":{"line":101,"column":38}},"54":{"start":{"line":102,"column":22},"end":{"line":102,"column":57}},"55":{"start":{"line":103,"column":6},"end":{"line":103,"column":66}},"56":{"start":{"line":104,"column":6},"end":{"line":104,"column":79}},"57":{"start":{"line":105,"column":6},"end":{"line":105,"column":79}},"58":{"start":{"line":106,"column":6},"end":{"line":106,"column":82}},"59":{"start":{"line":107,"column":6},"end":{"line":107,"column":81}},"60":{"start":{"line":108,"column":6},"end":{"line":108,"column":24}},"61":{"start":{"line":109,"column":6},"end":{"line":109,"column":16}},"62":{"start":{"line":112,"column":4},"end":{"line":112,"column":14}},"63":{"start":{"line":114,"column":4},"end":{"line":114,"column":46}},"64":{"start":{"line":115,"column":4},"end":{"line":117,"column":5}},"65":{"start":{"line":116,"column":6},"end":{"line":116,"column":69}},"66":{"start":{"line":121,"column":0},"end":{"line":124,"column":2}}},"fnMap":{"0":{"name":"(anonymous_0)","decl":{"start":{"line":6,"column":28},"end":{"line":6,"column":29}},"loc":{"start":{"line":6,"column":48},"end":{"line":44,"column":1}},"line":6},"1":{"name":"(anonymous_1)","decl":{"start":{"line":46,"column":33},"end":{"line":46,"column":34}},"loc":{"start":{"line":46,"column":53},"end":{"line":119,"column":1}},"line":46}},"branchMap":{"0":{"loc":{"start":{"line":10,"column":4},"end":{"line":12,"column":5}},"type":"if","locations":[{"start":{"line":10,"column":4},"end":{"line":12,"column":5}},{"start":{},"end":{}}],"line":10},"1":{"loc":{"start":{"line":14,"column":4},"end":{"line":16,"column":5}},"type":"if","locations":[{"start":{"line":14,"column":4},"end":{"line":16,"column":5}},{"start":{},"end":{}}],"line":14},"2":{"loc":{"start":{"line":20,"column":4},"end":{"line":22,"column":5}},"type":"if","locations":[{"start":{"line":20,"column":4},"end":{"line":22,"column":5}},{"start":{},"end":{}}],"line":20},"3":{"loc":{"start":{"line":25,"column":6},"end":{"line":27,"column":28}},"type":"cond-expr","locations":[{"start":{"line":26,"column":10},"end":{"line":26,"column":48}},{"start":{"line":27,"column":10},"end":{"line":27,"column":28}}],"line":25},"4":{"loc":{"start":{"line":48,"column":4},"end":{"line":50,"column":5}},"type":"if","locations":[{"start":{"line":48,"column":4},"end":{"line":50,"column":5}},{"start":{},"end":{}}],"line":48},"5":{"loc":{"start":{"line":56,"column":4},"end":{"line":58,"column":5}},"type":"if","locations":[{"start":{"line":56,"column":4},"end":{"line":58,"column":5}},{"start":{},"end":{}}],"line":56},"6":{"loc":{"start":{"line":60,"column":4},"end":{"line":62,"column":5}},"type":"if","locations":[{"start":{"line":60,"column":4},"end":{"line":62,"column":5}},{"start":{},"end":{}}],"line":60},"7":{"loc":{"start":{"line":67,"column":6},"end":{"line":69,"column":28}},"type":"cond-expr","locations":[{"start":{"line":68,"column":10},"end":{"line":68,"column":48}},{"start":{"line":69,"column":10},"end":{"line":69,"column":28}}],"line":67},"8":{"loc":{"start":{"line":91,"column":6},"end":{"line":91,"column":91}},"type":"cond-expr","locations":[{"start":{"line":91,"column":29},"end":{"line":91,"column":85}},{"start":{"line":91,"column":88},"end":{"line":91,"column":91}}],"line":91},"9":{"loc":{"start":{"line":104,"column":34},"end":{"line":104,"column":59}},"type":"binary-expr","locations":[{"start":{"line":104,"column":34},"end":{"line":104,"column":42}},{"start":{"line":104,"column":46},"end":{"line":104,"column":59}}],"line":104},"10":{"loc":{"start":{"line":106,"column":29},"end":{"line":106,"column":62}},"type":"cond-expr","locations":[{"start":{"line":106,"column":39},"end":{"line":106,"column":48}},{"start":{"line":106,"column":51},"end":{"line":106,"column":62}}],"line":106},"11":{"loc":{"start":{"line":107,"column":34},"end":{"line":107,"column":61}},"type":"binary-expr","locations":[{"start":{"line":107,"column":34},"end":{"line":107,"column":54}},{"start":{"line":107,"column":58},"end":{"line":107,"column":61}}],"line":107},"12":{"loc":{"start":{"line":115,"column":4},"end":{"line":117,"column":5}},"type":"if","locations":[{"start":{"line":115,"column":4},"end":{"line":117,"column":5}},{"start":{},"end":{}}],"line":115}},"s":{"0":1,"1":1,"2":1,"3":1,"4":1,"5":1,"6":0,"7":0,"8":0,"9":0,"10":0,"11":0,"12":0,"13":0,"14":0,"15":0,"16":0,"17":0,"18":0,"19":0,"20":1,"21":0,"22":0,"23":0,"24":0,"25":0,"26":0,"27":0,"28":0,"29":0,"30":0,"31":0,"32":0,"33":0,"34":0,"35":0,"36":0,"37":0,"38":0,"39":0,"40":0,"41":0,"42":0,"43":0,"44":0,"45":0,"46":0,"47":0,"48":0,"49":0,"50":0,"51":0,"52":0,"53":0,"54":0,"55":0,"56":0,"57":0,"58":0,"59":0,"60":0,"61":0,"62":0,"63":0,"64":0,"65":0,"66":1},"f":{"0":0,"1":0},"b":{"0":[0,0],"1":[0,0],"2":[0,0],"3":[0,0],"4":[0,0],"5":[0,0],"6":[0,0],"7":[0,0],"8":[0,0],"9":[0,0],"10":[0,0],"11":[0,0],"12":[0,0]},"_coverageSchema":"1a1c01bbd47fc00a2c39e90264f33305004495a9","hash":"40e5baffd25e14ef13eca0c27cf0215bc7d327e8"}
,"D:\\aptitude-app-cit\\server\\controllers\\testController.js": {"path":"D:\\aptitude-app-cit\\server\\controllers\\testController.js","statementMap":{"0":{"start":{"line":1,"column":17},"end":{"line":1,"column":36}},"1":{"start":{"line":2,"column":13},"end":{"line":2,"column":38}},"2":{"start":{"line":3,"column":17},"end":{"line":3,"column":46}},"3":{"start":{"line":4,"column":19},"end":{"line":4,"column":50}},"4":{"start":{"line":5,"column":16},"end":{"line":5,"column":44}},"5":{"start":{"line":6,"column":18},"end":{"line":6,"column":48}},"6":{"start":{"line":7,"column":28},"end":{"line":7,"column":58}},"7":{"start":{"line":9,"column":21},"end":{"line":16,"column":1}},"8":{"start":{"line":10,"column":15},"end":{"line":10,"column":25}},"9":{"start":{"line":11,"column":2},"end":{"line":14,"column":3}},"10":{"start":{"line":11,"column":15},"end":{"line":11,"column":30}},"11":{"start":{"line":12,"column":14},"end":{"line":12,"column":49}},"12":{"start":{"line":13,"column":4},"end":{"line":13,"column":44}},"13":{"start":{"line":15,"column":2},"end":{"line":15,"column":14}},"14":{"start":{"line":18,"column":20},"end":{"line":26,"column":1}},"15":{"start":{"line":19,"column":2},"end":{"line":25,"column":3}},"16":{"start":{"line":20,"column":18},"end":{"line":20,"column":62}},"17":{"start":{"line":21,"column":4},"end":{"line":21,"column":32}},"18":{"start":{"line":23,"column":4},"end":{"line":23,"column":57}},"19":{"start":{"line":24,"column":4},"end":{"line":24,"column":76}},"20":{"start":{"line":28,"column":18},"end":{"line":116,"column":1}},"21":{"start":{"line":29,"column":2},"end":{"line":115,"column":3}},"22":{"start":{"line":30,"column":19},"end":{"line":30,"column":32}},"23":{"start":{"line":31,"column":4},"end":{"line":33,"column":5}},"24":{"start":{"line":32,"column":6},"end":{"line":32,"column":74}},"25":{"start":{"line":35,"column":19},"end":{"line":35,"column":31}},"26":{"start":{"line":37,"column":31},"end":{"line":37,"column":87}},"27":{"start":{"line":38,"column":4},"end":{"line":40,"column":5}},"28":{"start":{"line":39,"column":6},"end":{"line":39,"column":88}},"29":{"start":{"line":42,"column":16},"end":{"line":42,"column":26}},"30":{"start":{"line":44,"column":18},"end":{"line":48,"column":6}},"31":{"start":{"line":50,"column":4},"end":{"line":73,"column":5}},"32":{"start":{"line":51,"column":22},"end":{"line":51,"column":74}},"33":{"start":{"line":52,"column":6},"end":{"line":54,"column":7}},"34":{"start":{"line":53,"column":8},"end":{"line":53,"column":68}},"35":{"start":{"line":56,"column":27},"end":{"line":58,"column":33}},"36":{"start":{"line":60,"column":23},"end":{"line":60,"column":84}},"37":{"start":{"line":60,"column":64},"end":{"line":60,"column":82}},"38":{"start":{"line":61,"column":6},"end":{"line":61,"column":99}},"39":{"start":{"line":61,"column":34},"end":{"line":61,"column":97}},"40":{"start":{"line":63,"column":6},"end":{"line":72,"column":9}},"41":{"start":{"line":75,"column":4},"end":{"line":78,"column":5}},"42":{"start":{"line":76,"column":6},"end":{"line":76,"column":33}},"43":{"start":{"line":77,"column":6},"end":{"line":77,"column":27}},"44":{"start":{"line":80,"column":17},"end":{"line":83,"column":6}},"45":{"start":{"line":85,"column":4},"end":{"line":87,"column":5}},"46":{"start":{"line":86,"column":6},"end":{"line":86,"column":86}},"47":{"start":{"line":89,"column":21},"end":{"line":89,"column":49}},"48":{"start":{"line":90,"column":28},"end":{"line":90,"column":41}},"49":{"start":{"line":91,"column":22},"end":{"line":91,"column":75}},"50":{"start":{"line":93,"column":4},"end":{"line":100,"column":7}},"51":{"start":{"line":98,"column":37},"end":{"line":98,"column":42}},"52":{"start":{"line":102,"column":4},"end":{"line":111,"column":7}},"53":{"start":{"line":113,"column":4},"end":{"line":113,"column":55}},"54":{"start":{"line":114,"column":4},"end":{"line":114,"column":79}},"55":{"start":{"line":118,"column":19},"end":{"line":224,"column":1}},"56":{"start":{"line":119,"column":2},"end":{"line":223,"column":3}},"57":{"start":{"line":120,"column":35},"end":{"line":120,"column":43}},"58":{"start":{"line":121,"column":19},"end":{"line":121,"column":32}},"59":{"start":{"line":122,"column":19},"end":{"line":122,"column":31}},"60":{"start":{"line":124,"column":4},"end":{"line":126,"column":5}},"61":{"start":{"line":125,"column":6},"end":{"line":125,"column":74}},"62":{"start":{"line":128,"column":4},"end":{"line":130,"column":5}},"63":{"start":{"line":129,"column":6},"end":{"line":129,"column":79}},"64":{"start":{"line":132,"column":4},"end":{"line":134,"column":5}},"65":{"start":{"line":133,"column":6},"end":{"line":133,"column":118}},"66":{"start":{"line":136,"column":20},"end":{"line":136,"column":53}},"67":{"start":{"line":137,"column":4},"end":{"line":139,"column":5}},"68":{"start":{"line":138,"column":6},"end":{"line":138,"column":69}},"69":{"start":{"line":141,"column":4},"end":{"line":143,"column":5}},"70":{"start":{"line":142,"column":6},"end":{"line":142,"column":87}},"71":{"start":{"line":145,"column":4},"end":{"line":147,"column":5}},"72":{"start":{"line":146,"column":6},"end":{"line":146,"column":84}},"73":{"start":{"line":149,"column":4},"end":{"line":151,"column":5}},"74":{"start":{"line":150,"column":6},"end":{"line":150,"column":84}},"75":{"start":{"line":153,"column":21},"end":{"line":153,"column":76}},"76":{"start":{"line":154,"column":16},"end":{"line":154,"column":26}},"77":{"start":{"line":155,"column":4},"end":{"line":159,"column":5}},"78":{"start":{"line":156,"column":6},"end":{"line":156,"column":33}},"79":{"start":{"line":157,"column":6},"end":{"line":157,"column":27}},"80":{"start":{"line":158,"column":6},"end":{"line":158,"column":92}},"81":{"start":{"line":161,"column":23},"end":{"line":161,"column":76}},"82":{"start":{"line":161,"column":61},"end":{"line":161,"column":74}},"83":{"start":{"line":162,"column":26},"end":{"line":162,"column":46}},"84":{"start":{"line":164,"column":4},"end":{"line":170,"column":5}},"85":{"start":{"line":165,"column":6},"end":{"line":169,"column":7}},"86":{"start":{"line":166,"column":8},"end":{"line":168,"column":11}},"87":{"start":{"line":172,"column":25},"end":{"line":174,"column":6}},"88":{"start":{"line":176,"column":17},"end":{"line":176,"column":72}},"89":{"start":{"line":176,"column":49},"end":{"line":176,"column":70}},"90":{"start":{"line":177,"column":16},"end":{"line":177,"column":17}},"91":{"start":{"line":178,"column":18},"end":{"line":178,"column":42}},"92":{"start":{"line":180,"column":4},"end":{"line":187,"column":5}},"93":{"start":{"line":181,"column":16},"end":{"line":181,"column":40}},"94":{"start":{"line":182,"column":6},"end":{"line":182,"column":23}},"95":{"start":{"line":182,"column":14},"end":{"line":182,"column":23}},"96":{"start":{"line":183,"column":23},"end":{"line":183,"column":46}},"97":{"start":{"line":184,"column":6},"end":{"line":186,"column":7}},"98":{"start":{"line":185,"column":8},"end":{"line":185,"column":19}},"99":{"start":{"line":189,"column":23},"end":{"line":189,"column":32}},"100":{"start":{"line":190,"column":4},"end":{"line":195,"column":5}},"101":{"start":{"line":191,"column":18},"end":{"line":191,"column":32}},"102":{"start":{"line":192,"column":6},"end":{"line":194,"column":7}},"103":{"start":{"line":193,"column":8},"end":{"line":193,"column":42}},"104":{"start":{"line":198,"column":4},"end":{"line":212,"column":5}},"105":{"start":{"line":199,"column":6},"end":{"line":206,"column":9}},"106":{"start":{"line":208,"column":6},"end":{"line":210,"column":7}},"107":{"start":{"line":209,"column":8},"end":{"line":209,"column":90}},"108":{"start":{"line":211,"column":6},"end":{"line":211,"column":16}},"109":{"start":{"line":214,"column":4},"end":{"line":214,"column":33}},"110":{"start":{"line":215,"column":4},"end":{"line":215,"column":25}},"111":{"start":{"line":217,"column":32},"end":{"line":217,"column":104}},"112":{"start":{"line":219,"column":4},"end":{"line":219,"column":46}},"113":{"start":{"line":221,"column":4},"end":{"line":221,"column":56}},"114":{"start":{"line":222,"column":4},"end":{"line":222,"column":81}},"115":{"start":{"line":226,"column":21},"end":{"line":261,"column":1}},"116":{"start":{"line":227,"column":2},"end":{"line":260,"column":3}},"117":{"start":{"line":228,"column":19},"end":{"line":228,"column":32}},"118":{"start":{"line":229,"column":32},"end":{"line":229,"column":40}},"119":{"start":{"line":231,"column":4},"end":{"line":233,"column":5}},"120":{"start":{"line":232,"column":6},"end":{"line":232,"column":74}},"121":{"start":{"line":235,"column":4},"end":{"line":237,"column":5}},"122":{"start":{"line":236,"column":6},"end":{"line":236,"column":79}},"123":{"start":{"line":239,"column":20},"end":{"line":239,"column":53}},"124":{"start":{"line":240,"column":4},"end":{"line":242,"column":5}},"125":{"start":{"line":241,"column":6},"end":{"line":241,"column":81}},"126":{"start":{"line":244,"column":4},"end":{"line":246,"column":5}},"127":{"start":{"line":245,"column":6},"end":{"line":245,"column":84}},"128":{"start":{"line":248,"column":4},"end":{"line":254,"column":7}},"129":{"start":{"line":256,"column":4},"end":{"line":256,"column":60}},"130":{"start":{"line":258,"column":4},"end":{"line":258,"column":58}},"131":{"start":{"line":259,"column":4},"end":{"line":259,"column":79}},"132":{"start":{"line":263,"column":0},"end":{"line":268,"column":2}}},"fnMap":{"0":{"name":"(anonymous_0)","decl":{"start":{"line":9,"column":21},"end":{"line":9,"column":22}},"loc":{"start":{"line":9,"column":32},"end":{"line":16,"column":1}},"line":9},"1":{"name":"(anonymous_1)","decl":{"start":{"line":18,"column":20},"end":{"line":18,"column":21}},"loc":{"start":{"line":18,"column":40},"end":{"line":26,"column":1}},"line":18},"2":{"name":"(anonymous_2)","decl":{"start":{"line":28,"column":18},"end":{"line":28,"column":19}},"loc":{"start":{"line":28,"column":38},"end":{"line":116,"column":1}},"line":28},"3":{"name":"(anonymous_3)","decl":{"start":{"line":60,"column":53},"end":{"line":60,"column":54}},"loc":{"start":{"line":60,"column":64},"end":{"line":60,"column":82}},"line":60},"4":{"name":"(anonymous_4)","decl":{"start":{"line":61,"column":24},"end":{"line":61,"column":25}},"loc":{"start":{"line":61,"column":34},"end":{"line":61,"column":97}},"line":61},"5":{"name":"(anonymous_5)","decl":{"start":{"line":98,"column":30},"end":{"line":98,"column":31}},"loc":{"start":{"line":98,"column":37},"end":{"line":98,"column":42}},"line":98},"6":{"name":"(anonymous_6)","decl":{"start":{"line":118,"column":19},"end":{"line":118,"column":20}},"loc":{"start":{"line":118,"column":39},"end":{"line":224,"column":1}},"line":118},"7":{"name":"(anonymous_7)","decl":{"start":{"line":161,"column":53},"end":{"line":161,"column":54}},"loc":{"start":{"line":161,"column":61},"end":{"line":161,"column":74}},"line":161},"8":{"name":"(anonymous_8)","decl":{"start":{"line":176,"column":42},"end":{"line":176,"column":43}},"loc":{"start":{"line":176,"column":49},"end":{"line":176,"column":70}},"line":176},"9":{"name":"(anonymous_9)","decl":{"start":{"line":226,"column":21},"end":{"line":226,"column":22}},"loc":{"start":{"line":226,"column":41},"end":{"line":261,"column":1}},"line":226}},"branchMap":{"0":{"loc":{"start":{"line":31,"column":4},"end":{"line":33,"column":5}},"type":"if","locations":[{"start":{"line":31,"column":4},"end":{"line":33,"column":5}},{"start":{},"end":{}}],"line":31},"1":{"loc":{"start":{"line":38,"column":4},"end":{"line":40,"column":5}},"type":"if","locations":[{"start":{"line":38,"column":4},"end":{"line":40,"column":5}},{"start":{},"end":{}}],"line":38},"2":{"loc":{"start":{"line":50,"column":4},"end":{"line":73,"column":5}},"type":"if","locations":[{"start":{"line":50,"column":4},"end":{"line":73,"column":5}},{"start":{},"end":{}}],"line":50},"3":{"loc":{"start":{"line":50,"column":8},"end":{"line":50,"column":42}},"type":"binary-expr","locations":[{"start":{"line":50,"column":8},"end":{"line":50,"column":15}},{"start":{"line":50,"column":19},"end":{"line":50,"column":42}}],"line":50},"4":{"loc":{"start":{"line":52,"column":6},"end":{"line":54,"column":7}},"type":"if","locations":[{"start":{"line":52,"column":6},"end":{"line":54,"column":7}},{"start":{},"end":{}}],"line":52},"5":{"loc":{"start":{"line":75,"column":4},"end":{"line":78,"column":5}},"type":"if","locations":[{"start":{"line":75,"column":4},"end":{"line":78,"column":5}},{"start":{},"end":{}}],"line":75},"6":{"loc":{"start":{"line":75,"column":8},"end":{"line":75,"column":43}},"type":"binary-expr","locations":[{"start":{"line":75,"column":8},"end":{"line":75,"column":15}},{"start":{"line":75,"column":19},"end":{"line":75,"column":43}}],"line":75},"7":{"loc":{"start":{"line":85,"column":4},"end":{"line":87,"column":5}},"type":"if","locations":[{"start":{"line":85,"column":4},"end":{"line":87,"column":5}},{"start":{},"end":{}}],"line":85},"8":{"loc":{"start":{"line":85,"column":8},"end":{"line":85,"column":40}},"type":"binary-expr","locations":[{"start":{"line":85,"column":8},"end":{"line":85,"column":13}},{"start":{"line":85,"column":17},"end":{"line":85,"column":40}}],"line":85},"9":{"loc":{"start":{"line":124,"column":4},"end":{"line":126,"column":5}},"type":"if","locations":[{"start":{"line":124,"column":4},"end":{"line":126,"column":5}},{"start":{},"end":{}}],"line":124},"10":{"loc":{"start":{"line":128,"column":4},"end":{"line":130,"column":5}},"type":"if","locations":[{"start":{"line":128,"column":4},"end":{"line":130,"column":5}},{"start":{},"end":{}}],"line":128},"11":{"loc":{"start":{"line":128,"column":8},"end":{"line":128,"column":65}},"type":"binary-expr","locations":[{"start":{"line":128,"column":8},"end":{"line":128,"column":18}},{"start":{"line":128,"column":22},"end":{"line":128,"column":65}}],"line":128},"12":{"loc":{"start":{"line":132,"column":4},"end":{"line":134,"column":5}},"type":"if","locations":[{"start":{"line":132,"column":4},"end":{"line":134,"column":5}},{"start":{},"end":{}}],"line":132},"13":{"loc":{"start":{"line":132,"column":8},"end":{"line":132,"column":73}},"type":"binary-expr","locations":[{"start":{"line":132,"column":8},"end":{"line":132,"column":16}},{"start":{"line":132,"column":20},"end":{"line":132,"column":47}},{"start":{"line":132,"column":51},"end":{"line":132,"column":73}}],"line":132},"14":{"loc":{"start":{"line":137,"column":4},"end":{"line":139,"column":5}},"type":"if","locations":[{"start":{"line":137,"column":4},"end":{"line":139,"column":5}},{"start":{},"end":{}}],"line":137},"15":{"loc":{"start":{"line":141,"column":4},"end":{"line":143,"column":5}},"type":"if","locations":[{"start":{"line":141,"column":4},"end":{"line":143,"column":5}},{"start":{},"end":{}}],"line":141},"16":{"loc":{"start":{"line":145,"column":4},"end":{"line":147,"column":5}},"type":"if","locations":[{"start":{"line":145,"column":4},"end":{"line":147,"column":5}},{"start":{},"end":{}}],"line":145},"17":{"loc":{"start":{"line":149,"column":4},"end":{"line":151,"column":5}},"type":"if","locations":[{"start":{"line":149,"column":4},"end":{"line":151,"column":5}},{"start":{},"end":{}}],"line":149},"18":{"loc":{"start":{"line":155,"column":4},"end":{"line":159,"column":5}},"type":"if","locations":[{"start":{"line":155,"column":4},"end":{"line":159,"column":5}},{"start":{},"end":{}}],"line":155},"19":{"loc":{"start":{"line":165,"column":6},"end":{"line":169,"column":7}},"type":"if","locations":[{"start":{"line":165,"column":6},"end":{"line":169,"column":7}},{"start":{},"end":{}}],"line":165},"20":{"loc":{"start":{"line":182,"column":6},"end":{"line":182,"column":23}},"type":"if","locations":[{"start":{"line":182,"column":6},"end":{"line":182,"column":23}},{"start":{},"end":{}}],"line":182},"21":{"loc":{"start":{"line":184,"column":6},"end":{"line":186,"column":7}},"type":"if","locations":[{"start":{"line":184,"column":6},"end":{"line":186,"column":7}},{"start":{},"end":{}}],"line":184},"22":{"loc":{"start":{"line":184,"column":10},"end":{"line":184,"column":64}},"type":"binary-expr","locations":[{"start":{"line":184,"column":10},"end":{"line":184,"column":32}},{"start":{"line":184,"column":36},"end":{"line":184,"column":64}}],"line":184},"23":{"loc":{"start":{"line":192,"column":6},"end":{"line":194,"column":7}},"type":"if","locations":[{"start":{"line":192,"column":6},"end":{"line":194,"column":7}},{"start":{},"end":{}}],"line":192},"24":{"loc":{"start":{"line":208,"column":6},"end":{"line":210,"column":7}},"type":"if","locations":[{"start":{"line":208,"column":6},"end":{"line":210,"column":7}},{"start":{},"end":{}}],"line":208},"25":{"loc":{"start":{"line":231,"column":4},"end":{"line":233,"column":5}},"type":"if","locations":[{"start":{"line":231,"column":4},"end":{"line":233,"column":5}},{"start":{},"end":{}}],"line":231},"26":{"loc":{"start":{"line":235,"column":4},"end":{"line":237,"column":5}},"type":"if","locations":[{"start":{"line":235,"column":4},"end":{"line":237,"column":5}},{"start":{},"end":{}}],"line":235},"27":{"loc":{"start":{"line":235,"column":8},"end":{"line":235,"column":65}},"type":"binary-expr","locations":[{"start":{"line":235,"column":8},"end":{"line":235,"column":18}},{"start":{"line":235,"column":22},"end":{"line":235,"column":65}}],"line":235},"28":{"loc":{"start":{"line":240,"column":4},"end":{"line":242,"column":5}},"type":"if","locations":[{"start":{"line":240,"column":4},"end":{"line":242,"column":5}},{"start":{},"end":{}}],"line":240},"29":{"loc":{"start":{"line":240,"column":8},"end":{"line":240,"column":54}},"type":"binary-expr","locations":[{"start":{"line":240,"column":8},"end":{"line":240,"column":16}},{"start":{"line":240,"column":20},"end":{"line":240,"column":54}}],"line":240},"30":{"loc":{"start":{"line":244,"column":4},"end":{"line":246,"column":5}},"type":"if","locations":[{"start":{"line":244,"column":4},"end":{"line":246,"column":5}},{"start":{},"end":{}}],"line":244}},"s":{"0":1,"1":1,"2":1,"3":1,"4":1,"5":1,"6":1,"7":1,"8":1,"9":1,"10":1,"11":1,"12":1,"13":1,"14":1,"15":0,"16":0,"17":0,"18":0,"19":0,"20":1,"21":1,"22":1,"23":1,"24":0,"25":1,"26":1,"27":1,"28":0,"29":1,"30":1,"31":1,"32":0,"33":0,"34":0,"35":0,"36":0,"37":0,"38":0,"39":0,"40":0,"41":1,"42":0,"43":0,"44":1,"45":1,"46":0,"47":1,"48":1,"49":1,"50":1,"51":2,"52":1,"53":0,"54":0,"55":1,"56":3,"57":3,"58":3,"59":3,"60":3,"61":0,"62":3,"63":0,"64":3,"65":0,"66":3,"67":3,"68":0,"69":3,"70":0,"71":3,"72":0,"73":3,"74":1,"75":2,"76":2,"77":2,"78":0,"79":0,"80":0,"81":2,"82":4,"83":2,"84":2,"85":4,"86":1,"87":1,"88":1,"89":2,"90":1,"91":1,"92":1,"93":2,"94":2,"95":0,"96":2,"97":2,"98":2,"99":1,"100":1,"101":2,"102":2,"103":2,"104":1,"105":1,"106":0,"107":0,"108":0,"109":1,"110":1,"111":1,"112":1,"113":0,"114":0,"115":1,"116":0,"117":0,"118":0,"119":0,"120":0,"121":0,"122":0,"123":0,"124":0,"125":0,"126":0,"127":0,"128":0,"129":0,"130":0,"131":0,"132":1},"f":{"0":1,"1":0,"2":1,"3":0,"4":0,"5":2,"6":3,"7":4,"8":2,"9":0},"b":{"0":[0,1],"1":[0,1],"2":[0,1],"3":[1,0],"4":[0,0],"5":[0,1],"6":[1,0],"7":[0,1],"8":[1,1],"9":[0,3],"10":[0,3],"11":[3,3],"12":[0,3],"13":[3,3,3],"14":[0,3],"15":[0,3],"16":[0,3],"17":[1,2],"18":[0,2],"19":[1,3],"20":[0,2],"21":[2,0],"22":[2,2],"23":[2,0],"24":[0,0],"25":[0,0],"26":[0,0],"27":[0,0],"28":[0,0],"29":[0,0],"30":[0,0]},"_coverageSchema":"1a1c01bbd47fc00a2c39e90264f33305004495a9","hash":"4d114a61143d54852412660cc75fb7cd8809552e"}
,"D:\\aptitude-app-cit\\server\\middleware\\authMiddleware.js": {"path":"D:\\aptitude-app-cit\\server\\middleware\\authMiddleware.js","statementMap":{"0":{"start":{"line":1,"column":12},"end":{"line":1,"column":35}},"1":{"start":{"line":2,"column":13},"end":{"line":2,"column":38}},"2":{"start":{"line":4,"column":16},"end":{"line":24,"column":1}},"3":{"start":{"line":5,"column":16},"end":{"line":5,"column":34}},"4":{"start":{"line":7,"column":2},"end":{"line":9,"column":3}},"5":{"start":{"line":8,"column":4},"end":{"line":8,"column":73}},"6":{"start":{"line":11,"column":2},"end":{"line":23,"column":3}},"7":{"start":{"line":12,"column":20},"end":{"line":12,"column":61}},"8":{"start":{"line":13,"column":17},"end":{"line":13,"column":68}},"9":{"start":{"line":15,"column":4},"end":{"line":17,"column":5}},"10":{"start":{"line":16,"column":6},"end":{"line":16,"column":88}},"11":{"start":{"line":19,"column":4},"end":{"line":19,"column":20}},"12":{"start":{"line":20,"column":4},"end":{"line":20,"column":18}},"13":{"start":{"line":22,"column":4},"end":{"line":22,"column":77}},"14":{"start":{"line":26,"column":14},"end":{"line":31,"column":1}},"15":{"start":{"line":27,"column":2},"end":{"line":29,"column":3}},"16":{"start":{"line":28,"column":4},"end":{"line":28,"column":18}},"17":{"start":{"line":30,"column":2},"end":{"line":30,"column":73}},"18":{"start":{"line":33,"column":0},"end":{"line":33,"column":36}}},"fnMap":{"0":{"name":"(anonymous_0)","decl":{"start":{"line":4,"column":16},"end":{"line":4,"column":17}},"loc":{"start":{"line":4,"column":42},"end":{"line":24,"column":1}},"line":4},"1":{"name":"(anonymous_1)","decl":{"start":{"line":26,"column":14},"end":{"line":26,"column":15}},"loc":{"start":{"line":26,"column":34},"end":{"line":31,"column":1}},"line":26}},"branchMap":{"0":{"loc":{"start":{"line":7,"column":2},"end":{"line":9,"column":3}},"type":"if","locations":[{"start":{"line":7,"column":2},"end":{"line":9,"column":3}},{"start":{},"end":{}}],"line":7},"1":{"loc":{"start":{"line":15,"column":4},"end":{"line":17,"column":5}},"type":"if","locations":[{"start":{"line":15,"column":4},"end":{"line":17,"column":5}},{"start":{},"end":{}}],"line":15},"2":{"loc":{"start":{"line":27,"column":2},"end":{"line":29,"column":3}},"type":"if","locations":[{"start":{"line":27,"column":2},"end":{"line":29,"column":3}},{"start":{},"end":{}}],"line":27},"3":{"loc":{"start":{"line":27,"column":6},"end":{"line":27,"column":34}},"type":"binary-expr","locations":[{"start":{"line":27,"column":6},"end":{"line":27,"column":14}},{"start":{"line":27,"column":18},"end":{"line":27,"column":34}}],"line":27}},"s":{"0":1,"1":1,"2":1,"3":7,"4":7,"5":0,"6":7,"7":7,"8":7,"9":7,"10":0,"11":7,"12":7,"13":0,"14":1,"15":1,"16":0,"17":1,"18":1},"f":{"0":7,"1":1},"b":{"0":[0,7],"1":[0,7],"2":[0,1],"3":[1,1]},"_coverageSchema":"1a1c01bbd47fc00a2c39e90264f33305004495a9","hash":"4a11b56915028c72861533e6833d714fdf07bf5e"}
,"D:\\aptitude-app-cit\\server\\middleware\\errorMiddleware.js": {"path":"D:\\aptitude-app-cit\\server\\middleware\\errorMiddleware.js","statementMap":{"0":{"start":{"line":4,"column":17},"end":{"line":9,"column":1}},"1":{"start":{"line":5,"column":2},"end":{"line":7,"column":3}},"2":{"start":{"line":6,"column":4},"end":{"line":6,"column":92}},"3":{"start":{"line":8,"column":2},"end":{"line":8,"column":16}},"4":{"start":{"line":12,"column":21},"end":{"line":22,"column":1}},"5":{"start":{"line":13,"column":2},"end":{"line":13,"column":36}},"6":{"start":{"line":15,"column":17},"end":{"line":15,"column":52}},"7":{"start":{"line":17,"column":4},"end":{"line":19,"column":37}},"8":{"start":{"line":21,"column":2},"end":{"line":21,"column":39}},"9":{"start":{"line":24,"column":0},"end":{"line":24,"column":44}}},"fnMap":{"0":{"name":"(anonymous_0)","decl":{"start":{"line":4,"column":17},"end":{"line":4,"column":18}},"loc":{"start":{"line":4,"column":37},"end":{"line":9,"column":1}},"line":4},"1":{"name":"(anonymous_1)","decl":{"start":{"line":12,"column":21},"end":{"line":12,"column":22}},"loc":{"start":{"line":12,"column":46},"end":{"line":22,"column":1}},"line":12}},"branchMap":{"0":{"loc":{"start":{"line":5,"column":2},"end":{"line":7,"column":3}},"type":"if","locations":[{"start":{"line":5,"column":2},"end":{"line":7,"column":3}},{"start":{},"end":{}}],"line":5},"1":{"loc":{"start":{"line":15,"column":17},"end":{"line":15,"column":52}},"type":"binary-expr","locations":[{"start":{"line":15,"column":17},"end":{"line":15,"column":31}},{"start":{"line":15,"column":35},"end":{"line":15,"column":45}},{"start":{"line":15,"column":49},"end":{"line":15,"column":52}}],"line":15},"2":{"loc":{"start":{"line":17,"column":4},"end":{"line":19,"column":37}},"type":"cond-expr","locations":[{"start":{"line":18,"column":8},"end":{"line":18,"column":31}},{"start":{"line":19,"column":8},"end":{"line":19,"column":37}}],"line":17},"3":{"loc":{"start":{"line":17,"column":4},"end":{"line":17,"column":59}},"type":"binary-expr","locations":[{"start":{"line":17,"column":4},"end":{"line":17,"column":18}},{"start":{"line":17,"column":22},"end":{"line":17,"column":59}}],"line":17},"4":{"loc":{"start":{"line":19,"column":8},"end":{"line":19,"column":37}},"type":"binary-expr","locations":[{"start":{"line":19,"column":8},"end":{"line":19,"column":19}},{"start":{"line":19,"column":23},"end":{"line":19,"column":37}}],"line":19}},"s":{"0":1,"1":0,"2":0,"3":0,"4":1,"5":0,"6":0,"7":0,"8":0,"9":1},"f":{"0":0,"1":0},"b":{"0":[0,0],"1":[0,0,0],"2":[0,0],"3":[0,0],"4":[0,0]},"_coverageSchema":"1a1c01bbd47fc00a2c39e90264f33305004495a9","hash":"fe94d8afb99255061f49005257794df3da97f0eb"}
,"D:\\aptitude-app-cit\\server\\middleware\\validateRequest.js": {"path":"D:\\aptitude-app-cit\\server\\middleware\\validateRequest.js","statementMap":{"0":{"start":{"line":1,"column":29},"end":{"line":1,"column":57}},"1":{"start":{"line":6,"column":24},"end":{"line":19,"column":1}},"2":{"start":{"line":7,"column":17},"end":{"line":7,"column":38}},"3":{"start":{"line":8,"column":2},"end":{"line":17,"column":3}},"4":{"start":{"line":9,"column":4},"end":{"line":16,"column":7}},"5":{"start":{"line":11,"column":66},"end":{"line":15,"column":7}},"6":{"start":{"line":18,"column":2},"end":{"line":18,"column":16}},"7":{"start":{"line":21,"column":0},"end":{"line":21,"column":33}}},"fnMap":{"0":{"name":"(anonymous_0)","decl":{"start":{"line":6,"column":24},"end":{"line":6,"column":25}},"loc":{"start":{"line":6,"column":44},"end":{"line":19,"column":1}},"line":6},"1":{"name":"(anonymous_1)","decl":{"start":{"line":11,"column":58},"end":{"line":11,"column":59}},"loc":{"start":{"line":11,"column":66},"end":{"line":15,"column":7}},"line":11}},"branchMap":{"0":{"loc":{"start":{"line":8,"column":2},"end":{"line":17,"column":3}},"type":"if","locations":[{"start":{"line":8,"column":2},"end":{"line":17,"column":3}},{"start":{},"end":{}}],"line":8}},"s":{"0":1,"1":1,"2":13,"3":13,"4":1,"5":1,"6":12,"7":1},"f":{"0":13,"1":1},"b":{"0":[1,12]},"_coverageSchema":"1a1c01bbd47fc00a2c39e90264f33305004495a9","hash":"3310843c4d15c487f1bcc419c630dfd622c57d6f"}
,"D:\\aptitude-app-cit\\server\\routes\\adminRoutes.js": {"path":"D:\\aptitude-app-cit\\server\\routes\\adminRoutes.js","statementMap":{"0":{"start":{"line":1,"column":16},"end":{"line":1,"column":34}},"1":{"start":{"line":2,"column":15},"end":{"line":2,"column":31}},"2":{"start":{"line":15,"column":4},"end":{"line":15,"column":45}},"3":{"start":{"line":16,"column":27},"end":{"line":16,"column":66}},"4":{"start":{"line":17,"column":24},"end":{"line":17,"column":64}},"5":{"start":{"line":25,"column":4},"end":{"line":25,"column":44}},"6":{"start":{"line":26,"column":18},"end":{"line":26,"column":46}},"7":{"start":{"line":28,"column":30},"end":{"line":28,"column":90}},"8":{"start":{"line":30,"column":0},"end":{"line":33,"column":78}},"9":{"start":{"line":35,"column":0},"end":{"line":38,"column":82}},"10":{"start":{"line":40,"column":0},"end":{"line":42,"column":70}},"11":{"start":{"line":44,"column":0},"end":{"line":48,"column":78}},"12":{"start":{"line":50,"column":0},"end":{"line":50,"column":55}},"13":{"start":{"line":52,"column":0},"end":{"line":59,"column":2}},"14":{"start":{"line":61,"column":0},"end":{"line":68,"column":2}},"15":{"start":{"line":70,"column":0},"end":{"line":70,"column":24}}},"fnMap":{},"branchMap":{},"s":{"0":1,"1":1,"2":1,"3":1,"4":1,"5":1,"6":1,"7":1,"8":1,"9":1,"10":1,"11":1,"12":1,"13":1,"14":1,"15":1},"f":{},"b":{},"_coverageSchema":"1a1c01bbd47fc00a2c39e90264f33305004495a9","hash":"1d93dc57664d9ffea515653e2d800957ba5fb6e2"}
,"D:\\aptitude-app-cit\\server\\routes\\auth.js": {"path":"D:\\aptitude-app-cit\\server\\routes\\auth.js","statementMap":{"0":{"start":{"line":1,"column":16},"end":{"line":1,"column":34}},"1":{"start":{"line":2,"column":18},"end":{"line":2,"column":47}},"2":{"start":{"line":3,"column":15},"end":{"line":3,"column":31}},"3":{"start":{"line":4,"column":55},"end":{"line":4,"column":95}},"4":{"start":{"line":5,"column":20},"end":{"line":5,"column":59}},"5":{"start":{"line":6,"column":24},"end":{"line":6,"column":64}},"6":{"start":{"line":7,"column":38},"end":{"line":7,"column":77}},"7":{"start":{"line":9,"column":21},"end":{"line":14,"column":2}},"8":{"start":{"line":16,"column":0},"end":{"line":16,"column":71}},"9":{"start":{"line":17,"column":0},"end":{"line":17,"column":76}},"10":{"start":{"line":18,"column":0},"end":{"line":18,"column":35}},"11":{"start":{"line":19,"column":0},"end":{"line":19,"column":34}},"12":{"start":{"line":21,"column":0},"end":{"line":21,"column":24}}},"fnMap":{},"branchMap":{},"s":{"0":1,"1":1,"2":1,"3":1,"4":1,"5":1,"6":1,"7":1,"8":1,"9":1,"10":1,"11":1,"12":1},"f":{},"b":{},"_coverageSchema":"1a1c01bbd47fc00a2c39e90264f33305004495a9","hash":"7cd2550cfec3acdae5364828b56368657cd2067a"}
,"D:\\aptitude-app-cit\\server\\routes\\submissionRoutes.js": {"path":"D:\\aptitude-app-cit\\server\\routes\\submissionRoutes.js","statementMap":{"0":{"start":{"line":1,"column":16},"end":{"line":1,"column":34}},"1":{"start":{"line":2,"column":15},"end":{"line":2,"column":31}},"2":{"start":{"line":3,"column":20},"end":{"line":3,"column":59}},"3":{"start":{"line":4,"column":24},"end":{"line":4,"column":64}},"4":{"start":{"line":5,"column":19},"end":{"line":5,"column":50}},"5":{"start":{"line":9,"column":4},"end":{"line":9,"column":50}},"6":{"start":{"line":10,"column":30},"end":{"line":10,"column":75}},"7":{"start":{"line":12,"column":0},"end":{"line":22,"column":3}},"8":{"start":{"line":13,"column":2},"end":{"line":21,"column":3}},"9":{"start":{"line":14,"column":24},"end":{"line":16,"column":30}},"10":{"start":{"line":17,"column":4},"end":{"line":17,"column":26}},"11":{"start":{"line":19,"column":4},"end":{"line":19,"column":63}},"12":{"start":{"line":20,"column":4},"end":{"line":20,"column":54}},"13":{"start":{"line":24,"column":0},"end":{"line":24,"column":95}},"14":{"start":{"line":26,"column":0},"end":{"line":32,"column":2}},"15":{"start":{"line":34,"column":0},"end":{"line":34,"column":24}}},"fnMap":{"0":{"name":"(anonymous_0)","decl":{"start":{"line":12,"column":35},"end":{"line":12,"column":36}},"loc":{"start":{"line":12,"column":55},"end":{"line":22,"column":1}},"line":12}},"branchMap":{},"s":{"0":1,"1":1,"2":1,"3":1,"4":1,"5":1,"6":1,"7":1,"8":1,"9":1,"10":1,"11":0,"12":0,"13":1,"14":1,"15":1},"f":{"0":1},"b":{},"_coverageSchema":"1a1c01bbd47fc00a2c39e90264f33305004495a9","hash":"c79a50408ce6065faeed4fc79d3b7b4c3ddc2d91"}
,"D:\\aptitude-app-cit\\server\\routes\\testRoutes.js": {"path":"D:\\aptitude-app-cit\\server\\routes\\testRoutes.js","statementMap":{"0":{"start":{"line":1,"column":16},"end":{"line":1,"column":34}},"1":{"start":{"line":2,"column":15},"end":{"line":2,"column":31}},"2":{"start":{"line":8,"column":4},"end":{"line":8,"column":44}},"3":{"start":{"line":9,"column":20},"end":{"line":9,"column":59}},"4":{"start":{"line":10,"column":24},"end":{"line":10,"column":64}},"5":{"start":{"line":15,"column":4},"end":{"line":15,"column":43}},"6":{"start":{"line":17,"column":0},"end":{"line":17,"column":44}},"7":{"start":{"line":19,"column":0},"end":{"line":21,"column":60}},"8":{"start":{"line":23,"column":0},"end":{"line":25,"column":66}},"9":{"start":{"line":27,"column":0},"end":{"line":29,"column":70}},"10":{"start":{"line":31,"column":0},"end":{"line":31,"column":24}}},"fnMap":{},"branchMap":{},"s":{"0":1,"1":1,"2":1,"3":1,"4":1,"5":1,"6":1,"7":1,"8":1,"9":1,"10":1},"f":{},"b":{},"_coverageSchema":"1a1c01bbd47fc00a2c39e90264f33305004495a9","hash":"04a2efff5ca2a8c5043636027da89b3041ea7e62"}
,"D:\\aptitude-app-cit\\server\\validators\\adminValidators.js": {"path":"D:\\aptitude-app-cit\\server\\validators\\adminValidators.js","statementMap":{"0":{"start":{"line":1,"column":31},"end":{"line":1,"column":59}},"1":{"start":{"line":3,"column":28},"end":{"line":10,"column":1}},"2":{"start":{"line":12,"column":28},"end":{"line":20,"column":1}},"3":{"start":{"line":22,"column":27},"end":{"line":26,"column":1}},"4":{"start":{"line":28,"column":24},"end":{"line":33,"column":1}},"5":{"start":{"line":35,"column":24},"end":{"line":41,"column":1}},"6":{"start":{"line":43,"column":21},"end":{"line":43,"column":89}},"7":{"start":{"line":43,"column":38},"end":{"line":43,"column":89}},"8":{"start":{"line":45,"column":0},"end":{"line":52,"column":2}}},"fnMap":{"0":{"name":"(anonymous_0)","decl":{"start":{"line":43,"column":21},"end":{"line":43,"column":22}},"loc":{"start":{"line":43,"column":38},"end":{"line":43,"column":89}},"line":43}},"branchMap":{"0":{"loc":{"start":{"line":43,"column":22},"end":{"line":43,"column":33}},"type":"default-arg","locations":[{"start":{"line":43,"column":29},"end":{"line":43,"column":33}}],"line":43}},"s":{"0":1,"1":1,"2":1,"3":1,"4":1,"5":1,"6":1,"7":4,"8":1},"f":{"0":4},"b":{"0":[0]},"_coverageSchema":"1a1c01bbd47fc00a2c39e90264f33305004495a9","hash":"e17e2a42a9a25f62bc994a0558677614c58dbdb4"}
,"D:\\aptitude-app-cit\\server\\validators\\authValidators.js": {"path":"D:\\aptitude-app-cit\\server\\validators\\authValidators.js","statementMap":{"0":{"start":{"line":1,"column":17},"end":{"line":1,"column":45}},"1":{"start":{"line":3,"column":22},"end":{"line":9,"column":1}},"2":{"start":{"line":11,"column":19},"end":{"line":14,"column":1}},"3":{"start":{"line":16,"column":0},"end":{"line":16,"column":47}}},"fnMap":{},"branchMap":{},"s":{"0":1,"1":1,"2":1,"3":1},"f":{},"b":{},"_coverageSchema":"1a1c01bbd47fc00a2c39e90264f33305004495a9","hash":"9790f7b1722ac661681e77c571afb96b9f00c1c1"}
,"D:\\aptitude-app-cit\\server\\validators\\submissionValidators.js": {"path":"D:\\aptitude-app-cit\\server\\validators\\submissionValidators.js","statementMap":{"0":{"start":{"line":1,"column":18},"end":{"line":1,"column":46}},"1":{"start":{"line":3,"column":26},"end":{"line":3,"column":88}},"2":{"start":{"line":5,"column":0},"end":{"line":5,"column":39}}},"fnMap":{},"branchMap":{},"s":{"0":1,"1":1,"2":1},"f":{},"b":{},"_coverageSchema":"1a1c01bbd47fc00a2c39e90264f33305004495a9","hash":"c64dc5af78e2da6cffad18cdce87c3412612f879"}
,"D:\\aptitude-app-cit\\server\\validators\\testValidators.js": {"path":"D:\\aptitude-app-cit\\server\\validators\\testValidators.js","statementMap":{"0":{"start":{"line":1,"column":24},"end":{"line":1,"column":52}},"1":{"start":{"line":3,"column":24},"end":{"line":7,"column":1}},"2":{"start":{"line":9,"column":20},"end":{"line":9,"column":76}},"3":{"start":{"line":11,"column":26},"end":{"line":15,"column":1}},"4":{"start":{"line":17,"column":0},"end":{"line":21,"column":2}}},"fnMap":{},"branchMap":{},"s":{"0":1,"1":1,"2":1,"3":1,"4":1},"f":{},"b":{},"_coverageSchema":"1a1c01bbd47fc00a2c39e90264f33305004495a9","hash":"03a95ee86d5a0813a6c1b9885d55f6991f6c0f29"}
}
