{"D:\\aptitude-app-cit\\server\\controllers\\adminController.js": {"path":"D:\\aptitude-app-cit\\server\\controllers\\adminController.js","statementMap":{"0":{"start":{"line":1,"column":17},"end":{"line":1,"column":36}},"1":{"start":{"line":2,"column":19},"end":{"line":2,"column":38}},"2":{"start":{"line":3,"column":17},"end":{"line":3,"column":46}},"3":{"start":{"line":4,"column":13},"end":{"line":4,"column":38}},"4":{"start":{"line":5,"column":19},"end":{"line":5,"column":50}},"5":{"start":{"line":6,"column":13},"end":{"line":6,"column":38}},"6":{"start":{"line":7,"column":18},"end":{"line":7,"column":48}},"7":{"start":{"line":8,"column":30},"end":{"line":8,"column":61}},"8":{"start":{"line":10,"column":27},"end":{"line":10,"column":29}},"9":{"start":{"line":12,"column":25},"end":{"line":15,"column":1}},"10":{"start":{"line":13,"column":2},"end":{"line":13,"column":40}},"11":{"start":{"line":14,"column":2},"end":{"line":14,"column":60}},"12":{"start":{"line":18,"column":23},"end":{"line":34,"column":1}},"13":{"start":{"line":19,"column":66},"end":{"line":19,"column":74}},"14":{"start":{"line":20,"column":2},"end":{"line":33,"column":3}},"15":{"start":{"line":21,"column":21},"end":{"line":28,"column":6}},"16":{"start":{"line":29,"column":28},"end":{"line":29,"column":49}},"17":{"start":{"line":30,"column":4},"end":{"line":30,"column":42}},"18":{"start":{"line":32,"column":4},"end":{"line":32,"column":69}},"19":{"start":{"line":36,"column":24},"end":{"line":66,"column":1}},"20":{"start":{"line":37,"column":15},"end":{"line":37,"column":61}},"21":{"start":{"line":38,"column":14},"end":{"line":38,"column":49}},"22":{"start":{"line":39,"column":2},"end":{"line":39,"column":61}},"23":{"start":{"line":39,"column":34},"end":{"line":39,"column":61}},"24":{"start":{"line":40,"column":2},"end":{"line":40,"column":27}},"25":{"start":{"line":40,"column":17},"end":{"line":40,"column":27}},"26":{"start":{"line":42,"column":25},"end":{"line":42,"column":49}},"27":{"start":{"line":43,"column":15},"end":{"line":43,"column":33}},"28":{"start":{"line":45,"column":2},"end":{"line":65,"column":3}},"29":{"start":{"line":46,"column":18},"end":{"line":46,"column":20}},"30":{"start":{"line":47,"column":4},"end":{"line":49,"column":5}},"31":{"start":{"line":48,"column":6},"end":{"line":48,"column":38}},"32":{"start":{"line":51,"column":22},"end":{"line":51,"column":96}},"33":{"start":{"line":52,"column":27},"end":{"line":52,"column":63}},"34":{"start":{"line":53,"column":26},"end":{"line":53,"column":61}},"35":{"start":{"line":55,"column":4},"end":{"line":61,"column":7}},"36":{"start":{"line":63,"column":4},"end":{"line":63,"column":45}},"37":{"start":{"line":64,"column":4},"end":{"line":64,"column":54}},"38":{"start":{"line":68,"column":23},"end":{"line":88,"column":1}},"39":{"start":{"line":69,"column":66},"end":{"line":69,"column":74}},"40":{"start":{"line":70,"column":2},"end":{"line":87,"column":3}},"41":{"start":{"line":71,"column":21},"end":{"line":71,"column":59}},"42":{"start":{"line":72,"column":4},"end":{"line":74,"column":5}},"43":{"start":{"line":73,"column":6},"end":{"line":73,"column":69}},"44":{"start":{"line":76,"column":4},"end":{"line":76,"column":49}},"45":{"start":{"line":76,"column":28},"end":{"line":76,"column":49}},"46":{"start":{"line":77,"column":4},"end":{"line":77,"column":58}},"47":{"start":{"line":77,"column":31},"end":{"line":77,"column":58}},"48":{"start":{"line":78,"column":4},"end":{"line":78,"column":76}},"49":{"start":{"line":78,"column":37},"end":{"line":78,"column":76}},"50":{"start":{"line":79,"column":4},"end":{"line":79,"column":70}},"51":{"start":{"line":79,"column":35},"end":{"line":79,"column":70}},"52":{"start":{"line":80,"column":4},"end":{"line":80,"column":61}},"53":{"start":{"line":80,"column":32},"end":{"line":80,"column":61}},"54":{"start":{"line":81,"column":4},"end":{"line":81,"column":38}},"55":{"start":{"line":83,"column":28},"end":{"line":83,"column":49}},"56":{"start":{"line":84,"column":4},"end":{"line":84,"column":42}},"57":{"start":{"line":86,"column":4},"end":{"line":86,"column":69}},"58":{"start":{"line":90,"column":23},"end":{"line":109,"column":1}},"59":{"start":{"line":91,"column":2},"end":{"line":108,"column":3}},"60":{"start":{"line":92,"column":21},"end":{"line":92,"column":59}},"61":{"start":{"line":93,"column":4},"end":{"line":95,"column":5}},"62":{"start":{"line":94,"column":6},"end":{"line":94,"column":69}},"63":{"start":{"line":97,"column":4},"end":{"line":100,"column":7}},"64":{"start":{"line":102,"column":4},"end":{"line":102,"column":31}},"65":{"start":{"line":103,"column":4},"end":{"line":103,"column":71}},"66":{"start":{"line":104,"column":4},"end":{"line":104,"column":58}},"67":{"start":{"line":106,"column":4},"end":{"line":106,"column":44}},"68":{"start":{"line":107,"column":4},"end":{"line":107,"column":54}},"69":{"start":{"line":112,"column":19},"end":{"line":121,"column":1}},"70":{"start":{"line":113,"column":48},"end":{"line":113,"column":56}},"71":{"start":{"line":114,"column":2},"end":{"line":120,"column":3}},"72":{"start":{"line":115,"column":17},"end":{"line":115,"column":70}},"73":{"start":{"line":116,"column":24},"end":{"line":116,"column":41}},"74":{"start":{"line":117,"column":4},"end":{"line":117,"column":38}},"75":{"start":{"line":119,"column":4},"end":{"line":119,"column":65}},"76":{"start":{"line":123,"column":20},"end":{"line":138,"column":1}},"77":{"start":{"line":124,"column":2},"end":{"line":137,"column":3}},"78":{"start":{"line":125,"column":4},"end":{"line":127,"column":5}},"79":{"start":{"line":126,"column":6},"end":{"line":126,"column":68}},"80":{"start":{"line":128,"column":17},"end":{"line":128,"column":73}},"81":{"start":{"line":129,"column":4},"end":{"line":133,"column":5}},"82":{"start":{"line":130,"column":6},"end":{"line":130,"column":33}},"83":{"start":{"line":132,"column":6},"end":{"line":132,"column":58}},"84":{"start":{"line":135,"column":4},"end":{"line":135,"column":41}},"85":{"start":{"line":136,"column":4},"end":{"line":136,"column":54}},"86":{"start":{"line":140,"column":19},"end":{"line":158,"column":1}},"87":{"start":{"line":141,"column":43},"end":{"line":141,"column":51}},"88":{"start":{"line":142,"column":2},"end":{"line":157,"column":3}},"89":{"start":{"line":143,"column":17},"end":{"line":143,"column":51}},"90":{"start":{"line":144,"column":4},"end":{"line":146,"column":5}},"91":{"start":{"line":145,"column":6},"end":{"line":145,"column":65}},"92":{"start":{"line":148,"column":4},"end":{"line":148,"column":48}},"93":{"start":{"line":148,"column":29},"end":{"line":148,"column":48}},"94":{"start":{"line":149,"column":4},"end":{"line":149,"column":57}},"95":{"start":{"line":149,"column":32},"end":{"line":149,"column":57}},"96":{"start":{"line":150,"column":4},"end":{"line":150,"column":64}},"97":{"start":{"line":150,"column":35},"end":{"line":150,"column":64}},"98":{"start":{"line":151,"column":4},"end":{"line":151,"column":34}},"99":{"start":{"line":153,"column":24},"end":{"line":153,"column":41}},"100":{"start":{"line":154,"column":4},"end":{"line":154,"column":38}},"101":{"start":{"line":156,"column":4},"end":{"line":156,"column":65}},"102":{"start":{"line":160,"column":19},"end":{"line":178,"column":1}},"103":{"start":{"line":161,"column":2},"end":{"line":177,"column":3}},"104":{"start":{"line":162,"column":17},"end":{"line":162,"column":51}},"105":{"start":{"line":163,"column":4},"end":{"line":165,"column":5}},"106":{"start":{"line":164,"column":6},"end":{"line":164,"column":65}},"107":{"start":{"line":167,"column":4},"end":{"line":170,"column":7}},"108":{"start":{"line":172,"column":4},"end":{"line":172,"column":27}},"109":{"start":{"line":173,"column":4},"end":{"line":173,"column":54}},"110":{"start":{"line":175,"column":4},"end":{"line":175,"column":40}},"111":{"start":{"line":176,"column":4},"end":{"line":176,"column":54}},"112":{"start":{"line":181,"column":18},"end":{"line":186,"column":1}},"113":{"start":{"line":182,"column":2},"end":{"line":182,"column":31}},"114":{"start":{"line":182,"column":17},"end":{"line":182,"column":31}},"115":{"start":{"line":183,"column":2},"end":{"line":183,"column":32}},"116":{"start":{"line":183,"column":17},"end":{"line":183,"column":32}},"117":{"start":{"line":184,"column":2},"end":{"line":184,"column":32}},"118":{"start":{"line":184,"column":17},"end":{"line":184,"column":32}},"119":{"start":{"line":185,"column":2},"end":{"line":185,"column":18}},"120":{"start":{"line":188,"column":21},"end":{"line":293,"column":1}},"121":{"start":{"line":189,"column":2},"end":{"line":292,"column":3}},"122":{"start":{"line":190,"column":26},"end":{"line":190,"column":71}},"123":{"start":{"line":191,"column":23},"end":{"line":191,"column":50}},"124":{"start":{"line":192,"column":29},"end":{"line":192,"column":62}},"125":{"start":{"line":194,"column":24},"end":{"line":194,"column":73}},"126":{"start":{"line":196,"column":25},"end":{"line":196,"column":75}},"127":{"start":{"line":197,"column":26},"end":{"line":197,"column":35}},"128":{"start":{"line":199,"column":23},"end":{"line":199,"column":32}},"129":{"start":{"line":201,"column":4},"end":{"line":220,"column":5}},"130":{"start":{"line":202,"column":6},"end":{"line":202,"column":30}},"131":{"start":{"line":202,"column":21},"end":{"line":202,"column":30}},"132":{"start":{"line":204,"column":18},"end":{"line":204,"column":67}},"133":{"start":{"line":205,"column":6},"end":{"line":205,"column":40}},"134":{"start":{"line":207,"column":18},"end":{"line":207,"column":41}},"135":{"start":{"line":208,"column":6},"end":{"line":210,"column":7}},"136":{"start":{"line":209,"column":8},"end":{"line":209,"column":82}},"137":{"start":{"line":211,"column":20},"end":{"line":211,"column":42}},"138":{"start":{"line":212,"column":6},"end":{"line":212,"column":35}},"139":{"start":{"line":213,"column":6},"end":{"line":213,"column":35}},"140":{"start":{"line":215,"column":23},"end":{"line":215,"column":62}},"141":{"start":{"line":216,"column":6},"end":{"line":216,"column":87}},"142":{"start":{"line":216,"column":37},"end":{"line":216,"column":87}},"143":{"start":{"line":217,"column":17},"end":{"line":217,"column":41}},"144":{"start":{"line":218,"column":6},"end":{"line":218,"column":23}},"145":{"start":{"line":219,"column":6},"end":{"line":219,"column":20}},"146":{"start":{"line":222,"column":32},"end":{"line":222,"column":34}},"147":{"start":{"line":223,"column":4},"end":{"line":238,"column":5}},"148":{"start":{"line":224,"column":21},"end":{"line":224,"column":22}},"149":{"start":{"line":225,"column":14},"end":{"line":225,"column":15}},"150":{"start":{"line":226,"column":6},"end":{"line":231,"column":7}},"151":{"start":{"line":226,"column":19},"end":{"line":226,"column":20}},"152":{"start":{"line":227,"column":8},"end":{"line":230,"column":9}},"153":{"start":{"line":228,"column":10},"end":{"line":228,"column":48}},"154":{"start":{"line":229,"column":10},"end":{"line":229,"column":17}},"155":{"start":{"line":232,"column":6},"end":{"line":237,"column":9}},"156":{"start":{"line":240,"column":28},"end":{"line":245,"column":9}},"157":{"start":{"line":241,"column":26},"end":{"line":241,"column":44}},"158":{"start":{"line":242,"column":45},"end":{"line":245,"column":7}},"159":{"start":{"line":248,"column":26},"end":{"line":248,"column":35}},"160":{"start":{"line":249,"column":26},"end":{"line":249,"column":49}},"161":{"start":{"line":251,"column":4},"end":{"line":270,"column":5}},"162":{"start":{"line":252,"column":19},"end":{"line":252,"column":70}},"163":{"start":{"line":253,"column":6},"end":{"line":253,"column":26}},"164":{"start":{"line":253,"column":17},"end":{"line":253,"column":26}},"165":{"start":{"line":256,"column":8},"end":{"line":256,"column":90}},"166":{"start":{"line":258,"column":6},"end":{"line":269,"column":7}},"167":{"start":{"line":259,"column":20},"end":{"line":259,"column":49}},"168":{"start":{"line":260,"column":8},"end":{"line":262,"column":9}},"169":{"start":{"line":261,"column":10},"end":{"line":261,"column":59}},"170":{"start":{"line":263,"column":19},"end":{"line":263,"column":41}},"171":{"start":{"line":264,"column":8},"end":{"line":264,"column":22}},"172":{"start":{"line":265,"column":20},"end":{"line":265,"column":48}},"173":{"start":{"line":266,"column":8},"end":{"line":268,"column":9}},"174":{"start":{"line":267,"column":10},"end":{"line":267,"column":26}},"175":{"start":{"line":272,"column":29},"end":{"line":276,"column":7}},"176":{"start":{"line":272,"column":106},"end":{"line":276,"column":5}},"177":{"start":{"line":278,"column":4},"end":{"line":288,"column":7}},"178":{"start":{"line":290,"column":4},"end":{"line":290,"column":42}},"179":{"start":{"line":291,"column":4},"end":{"line":291,"column":66}},"180":{"start":{"line":295,"column":29},"end":{"line":312,"column":1}},"181":{"start":{"line":296,"column":2},"end":{"line":311,"column":3}},"182":{"start":{"line":297,"column":23},"end":{"line":297,"column":33}},"183":{"start":{"line":298,"column":4},"end":{"line":300,"column":5}},"184":{"start":{"line":299,"column":6},"end":{"line":299,"column":66}},"185":{"start":{"line":302,"column":17},"end":{"line":305,"column":30}},"186":{"start":{"line":307,"column":4},"end":{"line":307,"column":19}},"187":{"start":{"line":309,"column":4},"end":{"line":309,"column":50}},"188":{"start":{"line":310,"column":4},"end":{"line":310,"column":67}},"189":{"start":{"line":314,"column":23},"end":{"line":367,"column":1}},"190":{"start":{"line":315,"column":2},"end":{"line":366,"column":3}},"191":{"start":{"line":316,"column":19},"end":{"line":316,"column":29}},"192":{"start":{"line":317,"column":4},"end":{"line":319,"column":5}},"193":{"start":{"line":318,"column":6},"end":{"line":318,"column":66}},"194":{"start":{"line":321,"column":17},"end":{"line":321,"column":75}},"195":{"start":{"line":322,"column":4},"end":{"line":324,"column":5}},"196":{"start":{"line":323,"column":6},"end":{"line":323,"column":65}},"197":{"start":{"line":326,"column":24},"end":{"line":328,"column":30}},"198":{"start":{"line":330,"column":17},"end":{"line":341,"column":6}},"199":{"start":{"line":331,"column":18},"end":{"line":331,"column":79}},"200":{"start":{"line":332,"column":6},"end":{"line":340,"column":8}},"201":{"start":{"line":344,"column":6},"end":{"line":346,"column":11}},"202":{"start":{"line":345,"column":34},"end":{"line":345,"column":52}},"203":{"start":{"line":348,"column":4},"end":{"line":362,"column":7}},"204":{"start":{"line":358,"column":66},"end":{"line":358,"column":78}},"205":{"start":{"line":359,"column":65},"end":{"line":359,"column":77}},"206":{"start":{"line":364,"column":4},"end":{"line":364,"column":44}},"207":{"start":{"line":365,"column":4},"end":{"line":365,"column":69}},"208":{"start":{"line":369,"column":28},"end":{"line":410,"column":1}},"209":{"start":{"line":370,"column":2},"end":{"line":409,"column":3}},"210":{"start":{"line":371,"column":19},"end":{"line":371,"column":29}},"211":{"start":{"line":372,"column":4},"end":{"line":374,"column":5}},"212":{"start":{"line":373,"column":6},"end":{"line":373,"column":66}},"213":{"start":{"line":376,"column":17},"end":{"line":376,"column":56}},"214":{"start":{"line":377,"column":4},"end":{"line":379,"column":5}},"215":{"start":{"line":378,"column":6},"end":{"line":378,"column":65}},"216":{"start":{"line":381,"column":24},"end":{"line":381,"column":90}},"217":{"start":{"line":383,"column":17},"end":{"line":393,"column":6}},"218":{"start":{"line":384,"column":18},"end":{"line":384,"column":76}},"219":{"start":{"line":385,"column":6},"end":{"line":392,"column":8}},"220":{"start":{"line":395,"column":19},"end":{"line":397,"column":6}},"221":{"start":{"line":398,"column":16},"end":{"line":398,"column":34}},"222":{"start":{"line":400,"column":4},"end":{"line":400,"column":46}},"223":{"start":{"line":401,"column":4},"end":{"line":404,"column":6}},"224":{"start":{"line":405,"column":4},"end":{"line":405,"column":18}},"225":{"start":{"line":407,"column":4},"end":{"line":407,"column":49}},"226":{"start":{"line":408,"column":4},"end":{"line":408,"column":62}},"227":{"start":{"line":413,"column":20},"end":{"line":423,"column":1}},"228":{"start":{"line":414,"column":2},"end":{"line":422,"column":3}},"229":{"start":{"line":415,"column":18},"end":{"line":417,"column":30}},"230":{"start":{"line":418,"column":4},"end":{"line":418,"column":32}},"231":{"start":{"line":420,"column":4},"end":{"line":420,"column":41}},"232":{"start":{"line":421,"column":4},"end":{"line":421,"column":62}},"233":{"start":{"line":425,"column":26},"end":{"line":436,"column":1}},"234":{"start":{"line":426,"column":2},"end":{"line":435,"column":3}},"235":{"start":{"line":427,"column":24},"end":{"line":430,"column":30}},"236":{"start":{"line":431,"column":4},"end":{"line":431,"column":38}},"237":{"start":{"line":433,"column":4},"end":{"line":433,"column":47}},"238":{"start":{"line":434,"column":4},"end":{"line":434,"column":68}},"239":{"start":{"line":438,"column":28},"end":{"line":482,"column":1}},"240":{"start":{"line":439,"column":22},"end":{"line":439,"column":30}},"241":{"start":{"line":441,"column":2},"end":{"line":481,"column":3}},"242":{"start":{"line":442,"column":4},"end":{"line":444,"column":5}},"243":{"start":{"line":443,"column":6},"end":{"line":443,"column":80}},"244":{"start":{"line":446,"column":19},"end":{"line":446,"column":53}},"245":{"start":{"line":447,"column":4},"end":{"line":449,"column":5}},"246":{"start":{"line":448,"column":6},"end":{"line":448,"column":65}},"247":{"start":{"line":451,"column":4},"end":{"line":453,"column":5}},"248":{"start":{"line":452,"column":6},"end":{"line":452,"column":92}},"249":{"start":{"line":455,"column":4},"end":{"line":460,"column":5}},"250":{"start":{"line":456,"column":25},"end":{"line":456,"column":69}},"251":{"start":{"line":457,"column":6},"end":{"line":459,"column":7}},"252":{"start":{"line":458,"column":8},"end":{"line":458,"column":97}},"253":{"start":{"line":462,"column":4},"end":{"line":462,"column":29}},"254":{"start":{"line":463,"column":4},"end":{"line":463,"column":24}},"255":{"start":{"line":465,"column":4},"end":{"line":469,"column":7}},"256":{"start":{"line":471,"column":4},"end":{"line":477,"column":7}},"257":{"start":{"line":479,"column":4},"end":{"line":479,"column":49}},"258":{"start":{"line":480,"column":4},"end":{"line":480,"column":68}},"259":{"start":{"line":484,"column":0},"end":{"line":500,"column":2}}},"fnMap":{"0":{"name":"(anonymous_0)","decl":{"start":{"line":12,"column":25},"end":{"line":12,"column":26}},"loc":{"start":{"line":12,"column":58},"end":{"line":15,"column":1}},"line":12},"1":{"name":"(anonymous_1)","decl":{"start":{"line":18,"column":23},"end":{"line":18,"column":24}},"loc":{"start":{"line":18,"column":43},"end":{"line":34,"column":1}},"line":18},"2":{"name":"(anonymous_2)","decl":{"start":{"line":36,"column":24},"end":{"line":36,"column":25}},"loc":{"start":{"line":36,"column":44},"end":{"line":66,"column":1}},"line":36},"3":{"name":"(anonymous_3)","decl":{"start":{"line":68,"column":23},"end":{"line":68,"column":24}},"loc":{"start":{"line":68,"column":43},"end":{"line":88,"column":1}},"line":68},"4":{"name":"(anonymous_4)","decl":{"start":{"line":90,"column":23},"end":{"line":90,"column":24}},"loc":{"start":{"line":90,"column":43},"end":{"line":109,"column":1}},"line":90},"5":{"name":"(anonymous_5)","decl":{"start":{"line":112,"column":19},"end":{"line":112,"column":20}},"loc":{"start":{"line":112,"column":39},"end":{"line":121,"column":1}},"line":112},"6":{"name":"(anonymous_6)","decl":{"start":{"line":123,"column":20},"end":{"line":123,"column":21}},"loc":{"start":{"line":123,"column":40},"end":{"line":138,"column":1}},"line":123},"7":{"name":"(anonymous_7)","decl":{"start":{"line":140,"column":19},"end":{"line":140,"column":20}},"loc":{"start":{"line":140,"column":39},"end":{"line":158,"column":1}},"line":140},"8":{"name":"(anonymous_8)","decl":{"start":{"line":160,"column":19},"end":{"line":160,"column":20}},"loc":{"start":{"line":160,"column":39},"end":{"line":178,"column":1}},"line":160},"9":{"name":"(anonymous_9)","decl":{"start":{"line":181,"column":18},"end":{"line":181,"column":19}},"loc":{"start":{"line":181,"column":27},"end":{"line":186,"column":1}},"line":181},"10":{"name":"(anonymous_10)","decl":{"start":{"line":188,"column":21},"end":{"line":188,"column":22}},"loc":{"start":{"line":188,"column":41},"end":{"line":293,"column":1}},"line":188},"11":{"name":"(anonymous_11)","decl":{"start":{"line":241,"column":12},"end":{"line":241,"column":13}},"loc":{"start":{"line":241,"column":26},"end":{"line":241,"column":44}},"line":241},"12":{"name":"(anonymous_12)","decl":{"start":{"line":242,"column":11},"end":{"line":242,"column":12}},"loc":{"start":{"line":242,"column":45},"end":{"line":245,"column":7}},"line":242},"13":{"name":"(anonymous_13)","decl":{"start":{"line":272,"column":69},"end":{"line":272,"column":70}},"loc":{"start":{"line":272,"column":106},"end":{"line":276,"column":5}},"line":272},"14":{"name":"(anonymous_14)","decl":{"start":{"line":295,"column":29},"end":{"line":295,"column":30}},"loc":{"start":{"line":295,"column":49},"end":{"line":312,"column":1}},"line":295},"15":{"name":"(anonymous_15)","decl":{"start":{"line":314,"column":23},"end":{"line":314,"column":24}},"loc":{"start":{"line":314,"column":43},"end":{"line":367,"column":1}},"line":314},"16":{"name":"(anonymous_16)","decl":{"start":{"line":330,"column":33},"end":{"line":330,"column":34}},"loc":{"start":{"line":330,"column":40},"end":{"line":341,"column":5}},"line":330},"17":{"name":"(anonymous_17)","decl":{"start":{"line":345,"column":22},"end":{"line":345,"column":23}},"loc":{"start":{"line":345,"column":34},"end":{"line":345,"column":52}},"line":345},"18":{"name":"(anonymous_18)","decl":{"start":{"line":358,"column":59},"end":{"line":358,"column":60}},"loc":{"start":{"line":358,"column":66},"end":{"line":358,"column":78}},"line":358},"19":{"name":"(anonymous_19)","decl":{"start":{"line":359,"column":58},"end":{"line":359,"column":59}},"loc":{"start":{"line":359,"column":65},"end":{"line":359,"column":77}},"line":359},"20":{"name":"(anonymous_20)","decl":{"start":{"line":369,"column":28},"end":{"line":369,"column":29}},"loc":{"start":{"line":369,"column":48},"end":{"line":410,"column":1}},"line":369},"21":{"name":"(anonymous_21)","decl":{"start":{"line":383,"column":33},"end":{"line":383,"column":34}},"loc":{"start":{"line":383,"column":40},"end":{"line":393,"column":5}},"line":383},"22":{"name":"(anonymous_22)","decl":{"start":{"line":413,"column":20},"end":{"line":413,"column":21}},"loc":{"start":{"line":413,"column":40},"end":{"line":423,"column":1}},"line":413},"23":{"name":"(anonymous_23)","decl":{"start":{"line":425,"column":26},"end":{"line":425,"column":27}},"loc":{"start":{"line":425,"column":46},"end":{"line":436,"column":1}},"line":425},"24":{"name":"(anonymous_24)","decl":{"start":{"line":438,"column":28},"end":{"line":438,"column":29}},"loc":{"start":{"line":438,"column":48},"end":{"line":482,"column":1}},"line":438}},"branchMap":{"0":{"loc":{"start":{"line":37,"column":24},"end":{"line":37,"column":57}},"type":"binary-expr","locations":[{"start":{"line":37,"column":24},"end":{"line":37,"column":52}},{"start":{"line":37,"column":56},"end":{"line":37,"column":57}}],"line":37},"1":{"loc":{"start":{"line":38,"column":14},"end":{"line":38,"column":49}},"type":"binary-expr","locations":[{"start":{"line":38,"column":14},"end":{"line":38,"column":43}},{"start":{"line":38,"column":47},"end":{"line":38,"column":49}}],"line":38},"2":{"loc":{"start":{"line":39,"column":2},"end":{"line":39,"column":61}},"type":"if","locations":[{"start":{"line":39,"column":2},"end":{"line":39,"column":61}},{"start":{},"end":{}}],"line":39},"3":{"loc":{"start":{"line":40,"column":2},"end":{"line":40,"column":27}},"type":"if","locations":[{"start":{"line":40,"column":2},"end":{"line":40,"column":27}},{"start":{},"end":{}}],"line":40},"4":{"loc":{"start":{"line":42,"column":25},"end":{"line":42,"column":49}},"type":"binary-expr","locations":[{"start":{"line":42,"column":25},"end":{"line":42,"column":43}},{"start":{"line":42,"column":47},"end":{"line":42,"column":49}}],"line":42},"5":{"loc":{"start":{"line":47,"column":4},"end":{"line":49,"column":5}},"type":"if","locations":[{"start":{"line":47,"column":4},"end":{"line":49,"column":5}},{"start":{},"end":{}}],"line":47},"6":{"loc":{"start":{"line":58,"column":18},"end":{"line":58,"column":56}},"type":"binary-expr","locations":[{"start":{"line":58,"column":18},"end":{"line":58,"column":51}},{"start":{"line":58,"column":55},"end":{"line":58,"column":56}}],"line":58},"7":{"loc":{"start":{"line":72,"column":4},"end":{"line":74,"column":5}},"type":"if","locations":[{"start":{"line":72,"column":4},"end":{"line":74,"column":5}},{"start":{},"end":{}}],"line":72},"8":{"loc":{"start":{"line":76,"column":4},"end":{"line":76,"column":49}},"type":"if","locations":[{"start":{"line":76,"column":4},"end":{"line":76,"column":49}},{"start":{},"end":{}}],"line":76},"9":{"loc":{"start":{"line":77,"column":4},"end":{"line":77,"column":58}},"type":"if","locations":[{"start":{"line":77,"column":4},"end":{"line":77,"column":58}},{"start":{},"end":{}}],"line":77},"10":{"loc":{"start":{"line":78,"column":4},"end":{"line":78,"column":76}},"type":"if","locations":[{"start":{"line":78,"column":4},"end":{"line":78,"column":76}},{"start":{},"end":{}}],"line":78},"11":{"loc":{"start":{"line":79,"column":4},"end":{"line":79,"column":70}},"type":"if","locations":[{"start":{"line":79,"column":4},"end":{"line":79,"column":70}},{"start":{},"end":{}}],"line":79},"12":{"loc":{"start":{"line":80,"column":4},"end":{"line":80,"column":61}},"type":"if","locations":[{"start":{"line":80,"column":4},"end":{"line":80,"column":61}},{"start":{},"end":{}}],"line":80},"13":{"loc":{"start":{"line":93,"column":4},"end":{"line":95,"column":5}},"type":"if","locations":[{"start":{"line":93,"column":4},"end":{"line":95,"column":5}},{"start":{},"end":{}}],"line":93},"14":{"loc":{"start":{"line":113,"column":27},"end":{"line":113,"column":43}},"type":"default-arg","locations":[{"start":{"line":113,"column":41},"end":{"line":113,"column":43}}],"line":113},"15":{"loc":{"start":{"line":125,"column":4},"end":{"line":127,"column":5}},"type":"if","locations":[{"start":{"line":125,"column":4},"end":{"line":127,"column":5}},{"start":{},"end":{}}],"line":125},"16":{"loc":{"start":{"line":129,"column":4},"end":{"line":133,"column":5}},"type":"if","locations":[{"start":{"line":129,"column":4},"end":{"line":133,"column":5}},{"start":{"line":131,"column":11},"end":{"line":133,"column":5}}],"line":129},"17":{"loc":{"start":{"line":144,"column":4},"end":{"line":146,"column":5}},"type":"if","locations":[{"start":{"line":144,"column":4},"end":{"line":146,"column":5}},{"start":{},"end":{}}],"line":144},"18":{"loc":{"start":{"line":148,"column":4},"end":{"line":148,"column":48}},"type":"if","locations":[{"start":{"line":148,"column":4},"end":{"line":148,"column":48}},{"start":{},"end":{}}],"line":148},"19":{"loc":{"start":{"line":149,"column":4},"end":{"line":149,"column":57}},"type":"if","locations":[{"start":{"line":149,"column":4},"end":{"line":149,"column":57}},{"start":{},"end":{}}],"line":149},"20":{"loc":{"start":{"line":150,"column":4},"end":{"line":150,"column":64}},"type":"if","locations":[{"start":{"line":150,"column":4},"end":{"line":150,"column":64}},{"start":{},"end":{}}],"line":150},"21":{"loc":{"start":{"line":163,"column":4},"end":{"line":165,"column":5}},"type":"if","locations":[{"start":{"line":163,"column":4},"end":{"line":165,"column":5}},{"start":{},"end":{}}],"line":163},"22":{"loc":{"start":{"line":182,"column":2},"end":{"line":182,"column":31}},"type":"if","locations":[{"start":{"line":182,"column":2},"end":{"line":182,"column":31}},{"start":{},"end":{}}],"line":182},"23":{"loc":{"start":{"line":183,"column":2},"end":{"line":183,"column":32}},"type":"if","locations":[{"start":{"line":183,"column":2},"end":{"line":183,"column":32}},{"start":{},"end":{}}],"line":183},"24":{"loc":{"start":{"line":184,"column":2},"end":{"line":184,"column":32}},"type":"if","locations":[{"start":{"line":184,"column":2},"end":{"line":184,"column":32}},{"start":{},"end":{}}],"line":184},"25":{"loc":{"start":{"line":202,"column":6},"end":{"line":202,"column":30}},"type":"if","locations":[{"start":{"line":202,"column":6},"end":{"line":202,"column":30}},{"start":{},"end":{}}],"line":202},"26":{"loc":{"start":{"line":204,"column":18},"end":{"line":204,"column":67}},"type":"cond-expr","locations":[{"start":{"line":204,"column":34},"end":{"line":204,"column":63}},{"start":{"line":204,"column":66},"end":{"line":204,"column":67}}],"line":204},"27":{"loc":{"start":{"line":208,"column":6},"end":{"line":210,"column":7}},"type":"if","locations":[{"start":{"line":208,"column":6},"end":{"line":210,"column":7}},{"start":{},"end":{}}],"line":208},"28":{"loc":{"start":{"line":216,"column":6},"end":{"line":216,"column":87}},"type":"if","locations":[{"start":{"line":216,"column":6},"end":{"line":216,"column":87}},{"start":{},"end":{}}],"line":216},"29":{"loc":{"start":{"line":227,"column":8},"end":{"line":230,"column":9}},"type":"if","locations":[{"start":{"line":227,"column":8},"end":{"line":230,"column":9}},{"start":{},"end":{}}],"line":227},"30":{"loc":{"start":{"line":235,"column":24},"end":{"line":235,"column":52}},"type":"cond-expr","locations":[{"start":{"line":235,"column":28},"end":{"line":235,"column":48}},{"start":{"line":235,"column":51},"end":{"line":235,"column":52}}],"line":235},"31":{"loc":{"start":{"line":244,"column":24},"end":{"line":244,"column":50}},"type":"cond-expr","locations":[{"start":{"line":244,"column":32},"end":{"line":244,"column":46}},{"start":{"line":244,"column":49},"end":{"line":244,"column":50}}],"line":244},"32":{"loc":{"start":{"line":253,"column":6},"end":{"line":253,"column":26}},"type":"if","locations":[{"start":{"line":253,"column":6},"end":{"line":253,"column":26}},{"start":{},"end":{}}],"line":253},"33":{"loc":{"start":{"line":256,"column":8},"end":{"line":256,"column":90}},"type":"cond-expr","locations":[{"start":{"line":256,"column":37},"end":{"line":256,"column":68}},{"start":{"line":256,"column":71},"end":{"line":256,"column":90}}],"line":256},"34":{"loc":{"start":{"line":259,"column":20},"end":{"line":259,"column":49}},"type":"binary-expr","locations":[{"start":{"line":259,"column":20},"end":{"line":259,"column":30}},{"start":{"line":259,"column":34},"end":{"line":259,"column":49}}],"line":259},"35":{"loc":{"start":{"line":260,"column":8},"end":{"line":262,"column":9}},"type":"if","locations":[{"start":{"line":260,"column":8},"end":{"line":262,"column":9}},{"start":{},"end":{}}],"line":260},"36":{"loc":{"start":{"line":266,"column":8},"end":{"line":268,"column":9}},"type":"if","locations":[{"start":{"line":266,"column":8},"end":{"line":268,"column":9}},{"start":{},"end":{}}],"line":266},"37":{"loc":{"start":{"line":266,"column":12},"end":{"line":266,"column":56}},"type":"binary-expr","locations":[{"start":{"line":266,"column":12},"end":{"line":266,"column":29}},{"start":{"line":266,"column":33},"end":{"line":266,"column":56}}],"line":266},"38":{"loc":{"start":{"line":274,"column":23},"end":{"line":274,"column":58}},"type":"cond-expr","locations":[{"start":{"line":274,"column":31},"end":{"line":274,"column":54}},{"start":{"line":274,"column":57},"end":{"line":274,"column":58}}],"line":274},"39":{"loc":{"start":{"line":298,"column":4},"end":{"line":300,"column":5}},"type":"if","locations":[{"start":{"line":298,"column":4},"end":{"line":300,"column":5}},{"start":{},"end":{}}],"line":298},"40":{"loc":{"start":{"line":317,"column":4},"end":{"line":319,"column":5}},"type":"if","locations":[{"start":{"line":317,"column":4},"end":{"line":319,"column":5}},{"start":{},"end":{}}],"line":317},"41":{"loc":{"start":{"line":322,"column":4},"end":{"line":324,"column":5}},"type":"if","locations":[{"start":{"line":322,"column":4},"end":{"line":324,"column":5}},{"start":{},"end":{}}],"line":322},"42":{"loc":{"start":{"line":331,"column":18},"end":{"line":331,"column":79}},"type":"cond-expr","locations":[{"start":{"line":331,"column":32},"end":{"line":331,"column":75}},{"start":{"line":331,"column":78},"end":{"line":331,"column":79}}],"line":331},"43":{"loc":{"start":{"line":334,"column":21},"end":{"line":334,"column":39}},"type":"binary-expr","locations":[{"start":{"line":334,"column":21},"end":{"line":334,"column":33}},{"start":{"line":334,"column":37},"end":{"line":334,"column":39}}],"line":334},"44":{"loc":{"start":{"line":335,"column":15},"end":{"line":335,"column":34}},"type":"binary-expr","locations":[{"start":{"line":335,"column":15},"end":{"line":335,"column":28}},{"start":{"line":335,"column":32},"end":{"line":335,"column":34}}],"line":335},"45":{"loc":{"start":{"line":344,"column":6},"end":{"line":346,"column":11}},"type":"cond-expr","locations":[{"start":{"line":345,"column":10},"end":{"line":345,"column":70}},{"start":{"line":346,"column":10},"end":{"line":346,"column":11}}],"line":344},"46":{"loc":{"start":{"line":353,"column":23},"end":{"line":353,"column":50}},"type":"binary-expr","locations":[{"start":{"line":353,"column":23},"end":{"line":353,"column":45}},{"start":{"line":353,"column":49},"end":{"line":353,"column":50}}],"line":353},"47":{"loc":{"start":{"line":358,"column":24},"end":{"line":358,"column":84}},"type":"cond-expr","locations":[{"start":{"line":358,"column":38},"end":{"line":358,"column":80}},{"start":{"line":358,"column":83},"end":{"line":358,"column":84}}],"line":358},"48":{"loc":{"start":{"line":359,"column":23},"end":{"line":359,"column":83}},"type":"cond-expr","locations":[{"start":{"line":359,"column":37},"end":{"line":359,"column":79}},{"start":{"line":359,"column":82},"end":{"line":359,"column":83}}],"line":359},"49":{"loc":{"start":{"line":372,"column":4},"end":{"line":374,"column":5}},"type":"if","locations":[{"start":{"line":372,"column":4},"end":{"line":374,"column":5}},{"start":{},"end":{}}],"line":372},"50":{"loc":{"start":{"line":377,"column":4},"end":{"line":379,"column":5}},"type":"if","locations":[{"start":{"line":377,"column":4},"end":{"line":379,"column":5}},{"start":{},"end":{}}],"line":377},"51":{"loc":{"start":{"line":384,"column":18},"end":{"line":384,"column":76}},"type":"cond-expr","locations":[{"start":{"line":384,"column":32},"end":{"line":384,"column":70}},{"start":{"line":384,"column":73},"end":{"line":384,"column":76}}],"line":384},"52":{"loc":{"start":{"line":386,"column":21},"end":{"line":386,"column":39}},"type":"binary-expr","locations":[{"start":{"line":386,"column":21},"end":{"line":386,"column":33}},{"start":{"line":386,"column":37},"end":{"line":386,"column":39}}],"line":386},"53":{"loc":{"start":{"line":387,"column":15},"end":{"line":387,"column":34}},"type":"binary-expr","locations":[{"start":{"line":387,"column":15},"end":{"line":387,"column":28}},{"start":{"line":387,"column":32},"end":{"line":387,"column":34}}],"line":387},"54":{"loc":{"start":{"line":442,"column":4},"end":{"line":444,"column":5}},"type":"if","locations":[{"start":{"line":442,"column":4},"end":{"line":444,"column":5}},{"start":{},"end":{}}],"line":442},"55":{"loc":{"start":{"line":447,"column":4},"end":{"line":449,"column":5}},"type":"if","locations":[{"start":{"line":447,"column":4},"end":{"line":449,"column":5}},{"start":{},"end":{}}],"line":447},"56":{"loc":{"start":{"line":451,"column":4},"end":{"line":453,"column":5}},"type":"if","locations":[{"start":{"line":451,"column":4},"end":{"line":453,"column":5}},{"start":{},"end":{}}],"line":451},"57":{"loc":{"start":{"line":451,"column":8},"end":{"line":451,"column":51}},"type":"binary-expr","locations":[{"start":{"line":451,"column":8},"end":{"line":451,"column":39}},{"start":{"line":451,"column":43},"end":{"line":451,"column":51}}],"line":451},"58":{"loc":{"start":{"line":455,"column":4},"end":{"line":460,"column":5}},"type":"if","locations":[{"start":{"line":455,"column":4},"end":{"line":460,"column":5}},{"start":{},"end":{}}],"line":455},"59":{"loc":{"start":{"line":455,"column":8},"end":{"line":455,"column":51}},"type":"binary-expr","locations":[{"start":{"line":455,"column":8},"end":{"line":455,"column":39}},{"start":{"line":455,"column":43},"end":{"line":455,"column":51}}],"line":455},"60":{"loc":{"start":{"line":457,"column":6},"end":{"line":459,"column":7}},"type":"if","locations":[{"start":{"line":457,"column":6},"end":{"line":459,"column":7}},{"start":{},"end":{}}],"line":457}},"s":{"0":1,"1":1,"2":1,"3":1,"4":1,"5":1,"6":1,"7":1,"8":1,"9":1,"10":0,"11":0,"12":1,"13":0,"14":0,"15":0,"16":0,"17":0,"18":0,"19":1,"20":0,"21":0,"22":0,"23":0,"24":0,"25":0,"26":0,"27":0,"28":0,"29":0,"30":0,"31":0,"32":0,"33":0,"34":0,"35":0,"36":0,"37":0,"38":1,"39":0,"40":0,"41":0,"42":0,"43":0,"44":0,"45":0,"46":0,"47":0,"48":0,"49":0,"50":0,"51":0,"52":0,"53":0,"54":0,"55":0,"56":0,"57":0,"58":1,"59":0,"60":0,"61":0,"62":0,"63":0,"64":0,"65":0,"66":0,"67":0,"68":0,"69":1,"70":0,"71":0,"72":0,"73":0,"74":0,"75":0,"76":1,"77":0,"78":0,"79":0,"80":0,"81":0,"82":0,"83":0,"84":0,"85":0,"86":1,"87":0,"88":0,"89":0,"90":0,"91":0,"92":0,"93":0,"94":0,"95":0,"96":0,"97":0,"98":0,"99":0,"100":0,"101":0,"102":1,"103":0,"104":0,"105":0,"106":0,"107":0,"108":0,"109":0,"110":0,"111":0,"112":1,"113":0,"114":0,"115":0,"116":0,"117":0,"118":0,"119":0,"120":1,"121":0,"122":0,"123":0,"124":0,"125":0,"126":0,"127":0,"128":0,"129":0,"130":0,"131":0,"132":0,"133":0,"134":0,"135":0,"136":0,"137":0,"138":0,"139":0,"140":0,"141":0,"142":0,"143":0,"144":0,"145":0,"146":0,"147":0,"148":0,"149":0,"150":0,"151":0,"152":0,"153":0,"154":0,"155":0,"156":0,"157":0,"158":0,"159":0,"160":0,"161":0,"162":0,"163":0,"164":0,"165":0,"166":0,"167":0,"168":0,"169":0,"170":0,"171":0,"172":0,"173":0,"174":0,"175":0,"176":0,"177":0,"178":0,"179":0,"180":1,"181":0,"182":0,"183":0,"184":0,"185":0,"186":0,"187":0,"188":0,"189":1,"190":1,"191":1,"192":1,"193":0,"194":1,"195":1,"196":0,"197":1,"198":1,"199":0,"200":0,"201":1,"202":0,"203":1,"204":0,"205":0,"206":0,"207":0,"208":1,"209":0,"210":0,"211":0,"212":0,"213":0,"214":0,"215":0,"216":0,"217":0,"218":0,"219":0,"220":0,"221":0,"222":0,"223":0,"224":0,"225":0,"226":0,"227":1,"228":1,"229":1,"230":1,"231":0,"232":0,"233":1,"234":0,"235":0,"236":0,"237":0,"238":0,"239":1,"240":0,"241":0,"242":0,"243":0,"244":0,"245":0,"246":0,"247":0,"248":0,"249":0,"250":0,"251":0,"252":0,"253":0,"254":0,"255":0,"256":0,"257":0,"258":0,"259":1},"f":{"0":0,"1":0,"2":0,"3":0,"4":0,"5":0,"6":0,"7":0,"8":0,"9":0,"10":0,"11":0,"12":0,"13":0,"14":0,"15":1,"16":0,"17":0,"18":0,"19":0,"20":0,"21":0,"22":1,"23":0,"24":0},"b":{"0":[0,0],"1":[0,0],"2":[0,0],"3":[0,0],"4":[0,0],"5":[0,0],"6":[0,0],"7":[0,0],"8":[0,0],"9":[0,0],"10":[0,0],"11":[0,0],"12":[0,0],"13":[0,0],"14":[0],"15":[0,0],"16":[0,0],"17":[0,0],"18":[0,0],"19":[0,0],"20":[0,0],"21":[0,0],"22":[0,0],"23":[0,0],"24":[0,0],"25":[0,0],"26":[0,0],"27":[0,0],"28":[0,0],"29":[0,0],"30":[0,0],"31":[0,0],"32":[0,0],"33":[0,0],"34":[0,0],"35":[0,0],"36":[0,0],"37":[0,0],"38":[0,0],"39":[0,0],"40":[0,1],"41":[0,1],"42":[0,0],"43":[0,0],"44":[0,0],"45":[0,1],"46":[1,0],"47":[0,1],"48":[0,1],"49":[0,0],"50":[0,0],"51":[0,0],"52":[0,0],"53":[0,0],"54":[0,0],"55":[0,0],"56":[0,0],"57":[0,0],"58":[0,0],"59":[0,0],"60":[0,0]},"_coverageSchema":"1a1c01bbd47fc00a2c39e90264f33305004495a9","hash":"0883990b207801a2c1bfb8e76cb57c778d9f3792"}
,"D:\\aptitude-app-cit\\server\\controllers\\authController.js": {"path":"D:\\aptitude-app-cit\\server\\controllers\\authController.js","statementMap":{"0":{"start":{"line":1,"column":13},"end":{"line":1,"column":38}},"1":{"start":{"line":2,"column":12},"end":{"line":2,"column":35}},"2":{"start":{"line":4,"column":22},"end":{"line":15,"column":1}},"3":{"start":{"line":5,"column":16},"end":{"line":7,"column":4}},"4":{"start":{"line":9,"column":2},"end":{"line":14,"column":5}},"5":{"start":{"line":17,"column":0},"end":{"line":42,"column":2}},"6":{"start":{"line":18,"column":2},"end":{"line":41,"column":3}},"7":{"start":{"line":19,"column":38},"end":{"line":19,"column":46}},"8":{"start":{"line":21,"column":23},"end":{"line":21,"column":52}},"9":{"start":{"line":22,"column":4},"end":{"line":24,"column":5}},"10":{"start":{"line":23,"column":6},"end":{"line":23,"column":86}},"11":{"start":{"line":26,"column":17},"end":{"line":26,"column":77}},"12":{"start":{"line":28,"column":4},"end":{"line":28,"column":33}},"13":{"start":{"line":29,"column":4},"end":{"line":34,"column":7}},"14":{"start":{"line":36,"column":4},"end":{"line":36,"column":42}},"15":{"start":{"line":37,"column":4},"end":{"line":39,"column":5}},"16":{"start":{"line":38,"column":6},"end":{"line":38,"column":86}},"17":{"start":{"line":40,"column":4},"end":{"line":40,"column":77}},"18":{"start":{"line":44,"column":0},"end":{"line":63,"column":2}},"19":{"start":{"line":45,"column":2},"end":{"line":62,"column":3}},"20":{"start":{"line":46,"column":32},"end":{"line":46,"column":40}},"21":{"start":{"line":47,"column":17},"end":{"line":47,"column":46}},"22":{"start":{"line":48,"column":4},"end":{"line":58,"column":5}},"23":{"start":{"line":49,"column":6},"end":{"line":49,"column":35}},"24":{"start":{"line":50,"column":6},"end":{"line":55,"column":9}},"25":{"start":{"line":57,"column":6},"end":{"line":57,"column":63}},"26":{"start":{"line":60,"column":4},"end":{"line":60,"column":39}},"27":{"start":{"line":61,"column":4},"end":{"line":61,"column":54}},"28":{"start":{"line":65,"column":0},"end":{"line":73,"column":2}},"29":{"start":{"line":66,"column":2},"end":{"line":71,"column":5}},"30":{"start":{"line":72,"column":2},"end":{"line":72,"column":63}},"31":{"start":{"line":75,"column":0},"end":{"line":83,"column":2}},"32":{"start":{"line":76,"column":15},"end":{"line":81,"column":3}},"33":{"start":{"line":82,"column":2},"end":{"line":82,"column":29}}},"fnMap":{"0":{"name":"(anonymous_0)","decl":{"start":{"line":4,"column":22},"end":{"line":4,"column":23}},"loc":{"start":{"line":4,"column":39},"end":{"line":15,"column":1}},"line":4},"1":{"name":"(anonymous_1)","decl":{"start":{"line":17,"column":23},"end":{"line":17,"column":24}},"loc":{"start":{"line":17,"column":43},"end":{"line":42,"column":1}},"line":17},"2":{"name":"(anonymous_2)","decl":{"start":{"line":44,"column":20},"end":{"line":44,"column":21}},"loc":{"start":{"line":44,"column":40},"end":{"line":63,"column":1}},"line":44},"3":{"name":"(anonymous_3)","decl":{"start":{"line":65,"column":21},"end":{"line":65,"column":22}},"loc":{"start":{"line":65,"column":35},"end":{"line":73,"column":1}},"line":65},"4":{"name":"(anonymous_4)","decl":{"start":{"line":75,"column":16},"end":{"line":75,"column":17}},"loc":{"start":{"line":75,"column":36},"end":{"line":83,"column":1}},"line":75}},"branchMap":{"0":{"loc":{"start":{"line":22,"column":4},"end":{"line":24,"column":5}},"type":"if","locations":[{"start":{"line":22,"column":4},"end":{"line":24,"column":5}},{"start":{},"end":{}}],"line":22},"1":{"loc":{"start":{"line":37,"column":4},"end":{"line":39,"column":5}},"type":"if","locations":[{"start":{"line":37,"column":4},"end":{"line":39,"column":5}},{"start":{},"end":{}}],"line":37},"2":{"loc":{"start":{"line":48,"column":4},"end":{"line":58,"column":5}},"type":"if","locations":[{"start":{"line":48,"column":4},"end":{"line":58,"column":5}},{"start":{"line":56,"column":11},"end":{"line":58,"column":5}}],"line":48},"3":{"loc":{"start":{"line":48,"column":8},"end":{"line":48,"column":52}},"type":"binary-expr","locations":[{"start":{"line":48,"column":8},"end":{"line":48,"column":12}},{"start":{"line":48,"column":17},"end":{"line":48,"column":51}}],"line":48}},"s":{"0":1,"1":1,"2":1,"3":7,"4":7,"5":1,"6":2,"7":2,"8":2,"9":2,"10":1,"11":1,"12":1,"13":1,"14":0,"15":0,"16":0,"17":0,"18":1,"19":7,"20":7,"21":7,"22":7,"23":6,"24":6,"25":1,"26":0,"27":0,"28":1,"29":0,"30":0,"31":1,"32":1,"33":1},"f":{"0":7,"1":2,"2":7,"3":0,"4":1},"b":{"0":[1,1],"1":[0,0],"2":[6,1],"3":[7,7]},"_coverageSchema":"1a1c01bbd47fc00a2c39e90264f33305004495a9","hash":"bfa9581aac888f31091d603033b0fe0cebe3cc48"}
,"D:\\aptitude-app-cit\\server\\controllers\\submissionController.js": {"path":"D:\\aptitude-app-cit\\server\\controllers\\submissionController.js","statementMap":{"0":{"start":{"line":1,"column":17},"end":{"line":1,"column":36}},"1":{"start":{"line":2,"column":20},"end":{"line":2,"column":37}},"2":{"start":{"line":3,"column":19},"end":{"line":3,"column":50}},"3":{"start":{"line":4,"column":13},"end":{"line":4,"column":38}},"4":{"start":{"line":5,"column":17},"end":{"line":5,"column":46}},"5":{"start":{"line":6,"column":28},"end":{"line":44,"column":1}},"6":{"start":{"line":7,"column":2},"end":{"line":43,"column":3}},"7":{"start":{"line":8,"column":23},"end":{"line":8,"column":63}},"8":{"start":{"line":10,"column":4},"end":{"line":12,"column":5}},"9":{"start":{"line":11,"column":6},"end":{"line":11,"column":71}},"10":{"start":{"line":14,"column":4},"end":{"line":16,"column":5}},"11":{"start":{"line":15,"column":6},"end":{"line":15,"column":89}},"12":{"start":{"line":18,"column":24},"end":{"line":18,"column":82}},"13":{"start":{"line":20,"column":4},"end":{"line":22,"column":5}},"14":{"start":{"line":21,"column":6},"end":{"line":21,"column":76}},"15":{"start":{"line":25,"column":6},"end":{"line":27,"column":28}},"16":{"start":{"line":29,"column":23},"end":{"line":37,"column":5}},"17":{"start":{"line":39,"column":4},"end":{"line":39,"column":25}},"18":{"start":{"line":41,"column":4},"end":{"line":41,"column":62}},"19":{"start":{"line":42,"column":4},"end":{"line":42,"column":54}},"20":{"start":{"line":46,"column":33},"end":{"line":119,"column":1}},"21":{"start":{"line":47,"column":2},"end":{"line":118,"column":3}},"22":{"start":{"line":48,"column":4},"end":{"line":50,"column":5}},"23":{"start":{"line":49,"column":6},"end":{"line":49,"column":72}},"24":{"start":{"line":52,"column":23},"end":{"line":54,"column":32}},"25":{"start":{"line":56,"column":4},"end":{"line":58,"column":5}},"26":{"start":{"line":57,"column":6},"end":{"line":57,"column":71}},"27":{"start":{"line":60,"column":4},"end":{"line":62,"column":5}},"28":{"start":{"line":61,"column":6},"end":{"line":61,"column":89}},"29":{"start":{"line":64,"column":20},"end":{"line":64,"column":78}},"30":{"start":{"line":67,"column":6},"end":{"line":69,"column":28}},"31":{"start":{"line":71,"column":4},"end":{"line":71,"column":53}},"32":{"start":{"line":72,"column":4},"end":{"line":75,"column":6}},"33":{"start":{"line":77,"column":16},"end":{"line":77,"column":47}},"34":{"start":{"line":78,"column":4},"end":{"line":78,"column":18}},"35":{"start":{"line":80,"column":4},"end":{"line":80,"column":68}},"36":{"start":{"line":81,"column":4},"end":{"line":81,"column":19}},"37":{"start":{"line":82,"column":4},"end":{"line":82,"column":21}},"38":{"start":{"line":83,"column":4},"end":{"line":83,"column":49}},"39":{"start":{"line":84,"column":4},"end":{"line":84,"column":48}},"40":{"start":{"line":85,"column":4},"end":{"line":85,"column":47}},"41":{"start":{"line":86,"column":4},"end":{"line":86,"column":73}},"42":{"start":{"line":87,"column":4},"end":{"line":87,"column":65}},"43":{"start":{"line":88,"column":4},"end":{"line":88,"column":19}},"44":{"start":{"line":91,"column":6},"end":{"line":91,"column":91}},"45":{"start":{"line":92,"column":4},"end":{"line":92,"column":36}},"46":{"start":{"line":93,"column":4},"end":{"line":93,"column":19}},"47":{"start":{"line":94,"column":4},"end":{"line":94,"column":48}},"48":{"start":{"line":95,"column":4},"end":{"line":95,"column":19}},"49":{"start":{"line":96,"column":4},"end":{"line":96,"column":21}},"50":{"start":{"line":98,"column":15},"end":{"line":98,"column":16}},"51":{"start":{"line":99,"column":4},"end":{"line":110,"column":5}},"52":{"start":{"line":100,"column":18},"end":{"line":100,"column":41}},"53":{"start":{"line":101,"column":23},"end":{"line":101,"column":38}},"54":{"start":{"line":102,"column":22},"end":{"line":102,"column":57}},"55":{"start":{"line":103,"column":6},"end":{"line":103,"column":66}},"56":{"start":{"line":104,"column":6},"end":{"line":104,"column":79}},"57":{"start":{"line":105,"column":6},"end":{"line":105,"column":79}},"58":{"start":{"line":106,"column":6},"end":{"line":106,"column":82}},"59":{"start":{"line":107,"column":6},"end":{"line":107,"column":81}},"60":{"start":{"line":108,"column":6},"end":{"line":108,"column":24}},"61":{"start":{"line":109,"column":6},"end":{"line":109,"column":16}},"62":{"start":{"line":112,"column":4},"end":{"line":112,"column":14}},"63":{"start":{"line":114,"column":4},"end":{"line":114,"column":46}},"64":{"start":{"line":115,"column":4},"end":{"line":117,"column":5}},"65":{"start":{"line":116,"column":6},"end":{"line":116,"column":69}},"66":{"start":{"line":121,"column":0},"end":{"line":124,"column":2}}},"fnMap":{"0":{"name":"(anonymous_0)","decl":{"start":{"line":6,"column":28},"end":{"line":6,"column":29}},"loc":{"start":{"line":6,"column":48},"end":{"line":44,"column":1}},"line":6},"1":{"name":"(anonymous_1)","decl":{"start":{"line":46,"column":33},"end":{"line":46,"column":34}},"loc":{"start":{"line":46,"column":53},"end":{"line":119,"column":1}},"line":46}},"branchMap":{"0":{"loc":{"start":{"line":10,"column":4},"end":{"line":12,"column":5}},"type":"if","locations":[{"start":{"line":10,"column":4},"end":{"line":12,"column":5}},{"start":{},"end":{}}],"line":10},"1":{"loc":{"start":{"line":14,"column":4},"end":{"line":16,"column":5}},"type":"if","locations":[{"start":{"line":14,"column":4},"end":{"line":16,"column":5}},{"start":{},"end":{}}],"line":14},"2":{"loc":{"start":{"line":20,"column":4},"end":{"line":22,"column":5}},"type":"if","locations":[{"start":{"line":20,"column":4},"end":{"line":22,"column":5}},{"start":{},"end":{}}],"line":20},"3":{"loc":{"start":{"line":25,"column":6},"end":{"line":27,"column":28}},"type":"cond-expr","locations":[{"start":{"line":26,"column":10},"end":{"line":26,"column":48}},{"start":{"line":27,"column":10},"end":{"line":27,"column":28}}],"line":25},"4":{"loc":{"start":{"line":48,"column":4},"end":{"line":50,"column":5}},"type":"if","locations":[{"start":{"line":48,"column":4},"end":{"line":50,"column":5}},{"start":{},"end":{}}],"line":48},"5":{"loc":{"start":{"line":56,"column":4},"end":{"line":58,"column":5}},"type":"if","locations":[{"start":{"line":56,"column":4},"end":{"line":58,"column":5}},{"start":{},"end":{}}],"line":56},"6":{"loc":{"start":{"line":60,"column":4},"end":{"line":62,"column":5}},"type":"if","locations":[{"start":{"line":60,"column":4},"end":{"line":62,"column":5}},{"start":{},"end":{}}],"line":60},"7":{"loc":{"start":{"line":67,"column":6},"end":{"line":69,"column":28}},"type":"cond-expr","locations":[{"start":{"line":68,"column":10},"end":{"line":68,"column":48}},{"start":{"line":69,"column":10},"end":{"line":69,"column":28}}],"line":67},"8":{"loc":{"start":{"line":91,"column":6},"end":{"line":91,"column":91}},"type":"cond-expr","locations":[{"start":{"line":91,"column":29},"end":{"line":91,"column":85}},{"start":{"line":91,"column":88},"end":{"line":91,"column":91}}],"line":91},"9":{"loc":{"start":{"line":104,"column":34},"end":{"line":104,"column":59}},"type":"binary-expr","locations":[{"start":{"line":104,"column":34},"end":{"line":104,"column":42}},{"start":{"line":104,"column":46},"end":{"line":104,"column":59}}],"line":104},"10":{"loc":{"start":{"line":106,"column":29},"end":{"line":106,"column":62}},"type":"cond-expr","locations":[{"start":{"line":106,"column":39},"end":{"line":106,"column":48}},{"start":{"line":106,"column":51},"end":{"line":106,"column":62}}],"line":106},"11":{"loc":{"start":{"line":107,"column":34},"end":{"line":107,"column":61}},"type":"binary-expr","locations":[{"start":{"line":107,"column":34},"end":{"line":107,"column":54}},{"start":{"line":107,"column":58},"end":{"line":107,"column":61}}],"line":107},"12":{"loc":{"start":{"line":115,"column":4},"end":{"line":117,"column":5}},"type":"if","locations":[{"start":{"line":115,"column":4},"end":{"line":117,"column":5}},{"start":{},"end":{}}],"line":115}},"s":{"0":1,"1":1,"2":1,"3":1,"4":1,"5":1,"6":0,"7":0,"8":0,"9":0,"10":0,"11":0,"12":0,"13":0,"14":0,"15":0,"16":0,"17":0,"18":0,"19":0,"20":1,"21":0,"22":0,"23":0,"24":0,"25":0,"26":0,"27":0,"28":0,"29":0,"30":0,"31":0,"32":0,"33":0,"34":0,"35":0,"36":0,"37":0,"38":0,"39":0,"40":0,"41":0,"42":0,"43":0,"44":0,"45":0,"46":0,"47":0,"48":0,"49":0,"50":0,"51":0,"52":0,"53":0,"54":0,"55":0,"56":0,"57":0,"58":0,"59":0,"60":0,"61":0,"62":0,"63":0,"64":0,"65":0,"66":1},"f":{"0":0,"1":0},"b":{"0":[0,0],"1":[0,0],"2":[0,0],"3":[0,0],"4":[0,0],"5":[0,0],"6":[0,0],"7":[0,0],"8":[0,0],"9":[0,0],"10":[0,0],"11":[0,0],"12":[0,0]},"_coverageSchema":"1a1c01bbd47fc00a2c39e90264f33305004495a9","hash":"40e5baffd25e14ef13eca0c27cf0215bc7d327e8"}
,"D:\\aptitude-app-cit\\server\\controllers\\testController.js": {"path":"D:\\aptitude-app-cit\\server\\controllers\\testController.js","statementMap":{"0":{"start":{"line":1,"column":17},"end":{"line":1,"column":36}},"1":{"start":{"line":2,"column":13},"end":{"line":2,"column":38}},"2":{"start":{"line":3,"column":17},"end":{"line":3,"column":46}},"3":{"start":{"line":4,"column":19},"end":{"line":4,"column":50}},"4":{"start":{"line":5,"column":16},"end":{"line":5,"column":44}},"5":{"start":{"line":6,"column":18},"end":{"line":6,"column":48}},"6":{"start":{"line":7,"column":28},"end":{"line":7,"column":58}},"7":{"start":{"line":9,"column":21},"end":{"line":16,"column":1}},"8":{"start":{"line":10,"column":15},"end":{"line":10,"column":25}},"9":{"start":{"line":11,"column":2},"end":{"line":14,"column":3}},"10":{"start":{"line":11,"column":15},"end":{"line":11,"column":30}},"11":{"start":{"line":12,"column":14},"end":{"line":12,"column":49}},"12":{"start":{"line":13,"column":4},"end":{"line":13,"column":44}},"13":{"start":{"line":15,"column":2},"end":{"line":15,"column":14}},"14":{"start":{"line":18,"column":20},"end":{"line":26,"column":1}},"15":{"start":{"line":19,"column":2},"end":{"line":25,"column":3}},"16":{"start":{"line":20,"column":18},"end":{"line":20,"column":62}},"17":{"start":{"line":21,"column":4},"end":{"line":21,"column":32}},"18":{"start":{"line":23,"column":4},"end":{"line":23,"column":57}},"19":{"start":{"line":24,"column":4},"end":{"line":24,"column":76}},"20":{"start":{"line":28,"column":18},"end":{"line":116,"column":1}},"21":{"start":{"line":29,"column":2},"end":{"line":115,"column":3}},"22":{"start":{"line":30,"column":19},"end":{"line":30,"column":32}},"23":{"start":{"line":31,"column":4},"end":{"line":33,"column":5}},"24":{"start":{"line":32,"column":6},"end":{"line":32,"column":74}},"25":{"start":{"line":35,"column":19},"end":{"line":35,"column":31}},"26":{"start":{"line":37,"column":31},"end":{"line":37,"column":87}},"27":{"start":{"line":38,"column":4},"end":{"line":40,"column":5}},"28":{"start":{"line":39,"column":6},"end":{"line":39,"column":88}},"29":{"start":{"line":42,"column":16},"end":{"line":42,"column":26}},"30":{"start":{"line":44,"column":18},"end":{"line":48,"column":6}},"31":{"start":{"line":50,"column":4},"end":{"line":73,"column":5}},"32":{"start":{"line":51,"column":22},"end":{"line":51,"column":74}},"33":{"start":{"line":52,"column":6},"end":{"line":54,"column":7}},"34":{"start":{"line":53,"column":8},"end":{"line":53,"column":68}},"35":{"start":{"line":56,"column":27},"end":{"line":58,"column":33}},"36":{"start":{"line":60,"column":23},"end":{"line":60,"column":84}},"37":{"start":{"line":60,"column":64},"end":{"line":60,"column":82}},"38":{"start":{"line":61,"column":6},"end":{"line":61,"column":99}},"39":{"start":{"line":61,"column":34},"end":{"line":61,"column":97}},"40":{"start":{"line":63,"column":6},"end":{"line":72,"column":9}},"41":{"start":{"line":75,"column":4},"end":{"line":78,"column":5}},"42":{"start":{"line":76,"column":6},"end":{"line":76,"column":33}},"43":{"start":{"line":77,"column":6},"end":{"line":77,"column":27}},"44":{"start":{"line":80,"column":17},"end":{"line":83,"column":6}},"45":{"start":{"line":85,"column":4},"end":{"line":87,"column":5}},"46":{"start":{"line":86,"column":6},"end":{"line":86,"column":86}},"47":{"start":{"line":89,"column":21},"end":{"line":89,"column":49}},"48":{"start":{"line":90,"column":28},"end":{"line":90,"column":41}},"49":{"start":{"line":91,"column":22},"end":{"line":91,"column":75}},"50":{"start":{"line":93,"column":4},"end":{"line":100,"column":7}},"51":{"start":{"line":98,"column":37},"end":{"line":98,"column":42}},"52":{"start":{"line":102,"column":4},"end":{"line":111,"column":7}},"53":{"start":{"line":113,"column":4},"end":{"line":113,"column":55}},"54":{"start":{"line":114,"column":4},"end":{"line":114,"column":79}},"55":{"start":{"line":118,"column":19},"end":{"line":224,"column":1}},"56":{"start":{"line":119,"column":2},"end":{"line":223,"column":3}},"57":{"start":{"line":120,"column":35},"end":{"line":120,"column":43}},"58":{"start":{"line":121,"column":19},"end":{"line":121,"column":32}},"59":{"start":{"line":122,"column":19},"end":{"line":122,"column":31}},"60":{"start":{"line":124,"column":4},"end":{"line":126,"column":5}},"61":{"start":{"line":125,"column":6},"end":{"line":125,"column":74}},"62":{"start":{"line":128,"column":4},"end":{"line":130,"column":5}},"63":{"start":{"line":129,"column":6},"end":{"line":129,"column":79}},"64":{"start":{"line":132,"column":4},"end":{"line":134,"column":5}},"65":{"start":{"line":133,"column":6},"end":{"line":133,"column":118}},"66":{"start":{"line":136,"column":20},"end":{"line":136,"column":53}},"67":{"start":{"line":137,"column":4},"end":{"line":139,"column":5}},"68":{"start":{"line":138,"column":6},"end":{"line":138,"column":69}},"69":{"start":{"line":141,"column":4},"end":{"line":143,"column":5}},"70":{"start":{"line":142,"column":6},"end":{"line":142,"column":87}},"71":{"start":{"line":145,"column":4},"end":{"line":147,"column":5}},"72":{"start":{"line":146,"column":6},"end":{"line":146,"column":84}},"73":{"start":{"line":149,"column":4},"end":{"line":151,"column":5}},"74":{"start":{"line":150,"column":6},"end":{"line":150,"column":84}},"75":{"start":{"line":153,"column":21},"end":{"line":153,"column":76}},"76":{"start":{"line":154,"column":16},"end":{"line":154,"column":26}},"77":{"start":{"line":155,"column":4},"end":{"line":159,"column":5}},"78":{"start":{"line":156,"column":6},"end":{"line":156,"column":33}},"79":{"start":{"line":157,"column":6},"end":{"line":157,"column":27}},"80":{"start":{"line":158,"column":6},"end":{"line":158,"column":92}},"81":{"start":{"line":161,"column":23},"end":{"line":161,"column":76}},"82":{"start":{"line":161,"column":61},"end":{"line":161,"column":74}},"83":{"start":{"line":162,"column":26},"end":{"line":162,"column":46}},"84":{"start":{"line":164,"column":4},"end":{"line":170,"column":5}},"85":{"start":{"line":165,"column":6},"end":{"line":169,"column":7}},"86":{"start":{"line":166,"column":8},"end":{"line":168,"column":11}},"87":{"start":{"line":172,"column":25},"end":{"line":174,"column":6}},"88":{"start":{"line":176,"column":17},"end":{"line":176,"column":72}},"89":{"start":{"line":176,"column":49},"end":{"line":176,"column":70}},"90":{"start":{"line":177,"column":16},"end":{"line":177,"column":17}},"91":{"start":{"line":178,"column":18},"end":{"line":178,"column":42}},"92":{"start":{"line":180,"column":4},"end":{"line":187,"column":5}},"93":{"start":{"line":181,"column":16},"end":{"line":181,"column":40}},"94":{"start":{"line":182,"column":6},"end":{"line":182,"column":23}},"95":{"start":{"line":182,"column":14},"end":{"line":182,"column":23}},"96":{"start":{"line":183,"column":23},"end":{"line":183,"column":46}},"97":{"start":{"line":184,"column":6},"end":{"line":186,"column":7}},"98":{"start":{"line":185,"column":8},"end":{"line":185,"column":19}},"99":{"start":{"line":189,"column":23},"end":{"line":189,"column":32}},"100":{"start":{"line":190,"column":4},"end":{"line":195,"column":5}},"101":{"start":{"line":191,"column":18},"end":{"line":191,"column":32}},"102":{"start":{"line":192,"column":6},"end":{"line":194,"column":7}},"103":{"start":{"line":193,"column":8},"end":{"line":193,"column":42}},"104":{"start":{"line":198,"column":4},"end":{"line":212,"column":5}},"105":{"start":{"line":199,"column":6},"end":{"line":206,"column":9}},"106":{"start":{"line":208,"column":6},"end":{"line":210,"column":7}},"107":{"start":{"line":209,"column":8},"end":{"line":209,"column":90}},"108":{"start":{"line":211,"column":6},"end":{"line":211,"column":16}},"109":{"start":{"line":214,"column":4},"end":{"line":214,"column":33}},"110":{"start":{"line":215,"column":4},"end":{"line":215,"column":25}},"111":{"start":{"line":217,"column":32},"end":{"line":217,"column":104}},"112":{"start":{"line":219,"column":4},"end":{"line":219,"column":46}},"113":{"start":{"line":221,"column":4},"end":{"line":221,"column":56}},"114":{"start":{"line":222,"column":4},"end":{"line":222,"column":81}},"115":{"start":{"line":226,"column":21},"end":{"line":261,"column":1}},"116":{"start":{"line":227,"column":2},"end":{"line":260,"column":3}},"117":{"start":{"line":228,"column":19},"end":{"line":228,"column":32}},"118":{"start":{"line":229,"column":32},"end":{"line":229,"column":40}},"119":{"start":{"line":231,"column":4},"end":{"line":233,"column":5}},"120":{"start":{"line":232,"column":6},"end":{"line":232,"column":74}},"121":{"start":{"line":235,"column":4},"end":{"line":237,"column":5}},"122":{"start":{"line":236,"column":6},"end":{"line":236,"column":79}},"123":{"start":{"line":239,"column":20},"end":{"line":239,"column":53}},"124":{"start":{"line":240,"column":4},"end":{"line":242,"column":5}},"125":{"start":{"line":241,"column":6},"end":{"line":241,"column":81}},"126":{"start":{"line":244,"column":4},"end":{"line":246,"column":5}},"127":{"start":{"line":245,"column":6},"end":{"line":245,"column":84}},"128":{"start":{"line":248,"column":4},"end":{"line":254,"column":7}},"129":{"start":{"line":256,"column":4},"end":{"line":256,"column":60}},"130":{"start":{"line":258,"column":4},"end":{"line":258,"column":58}},"131":{"start":{"line":259,"column":4},"end":{"line":259,"column":79}},"132":{"start":{"line":263,"column":0},"end":{"line":268,"column":2}}},"fnMap":{"0":{"name":"(anonymous_0)","decl":{"start":{"line":9,"column":21},"end":{"line":9,"column":22}},"loc":{"start":{"line":9,"column":32},"end":{"line":16,"column":1}},"line":9},"1":{"name":"(anonymous_1)","decl":{"start":{"line":18,"column":20},"end":{"line":18,"column":21}},"loc":{"start":{"line":18,"column":40},"end":{"line":26,"column":1}},"line":18},"2":{"name":"(anonymous_2)","decl":{"start":{"line":28,"column":18},"end":{"line":28,"column":19}},"loc":{"start":{"line":28,"column":38},"end":{"line":116,"column":1}},"line":28},"3":{"name":"(anonymous_3)","decl":{"start":{"line":60,"column":53},"end":{"line":60,"column":54}},"loc":{"start":{"line":60,"column":64},"end":{"line":60,"column":82}},"line":60},"4":{"name":"(anonymous_4)","decl":{"start":{"line":61,"column":24},"end":{"line":61,"column":25}},"loc":{"start":{"line":61,"column":34},"end":{"line":61,"column":97}},"line":61},"5":{"name":"(anonymous_5)","decl":{"start":{"line":98,"column":30},"end":{"line":98,"column":31}},"loc":{"start":{"line":98,"column":37},"end":{"line":98,"column":42}},"line":98},"6":{"name":"(anonymous_6)","decl":{"start":{"line":118,"column":19},"end":{"line":118,"column":20}},"loc":{"start":{"line":118,"column":39},"end":{"line":224,"column":1}},"line":118},"7":{"name":"(anonymous_7)","decl":{"start":{"line":161,"column":53},"end":{"line":161,"column":54}},"loc":{"start":{"line":161,"column":61},"end":{"line":161,"column":74}},"line":161},"8":{"name":"(anonymous_8)","decl":{"start":{"line":176,"column":42},"end":{"line":176,"column":43}},"loc":{"start":{"line":176,"column":49},"end":{"line":176,"column":70}},"line":176},"9":{"name":"(anonymous_9)","decl":{"start":{"line":226,"column":21},"end":{"line":226,"column":22}},"loc":{"start":{"line":226,"column":41},"end":{"line":261,"column":1}},"line":226}},"branchMap":{"0":{"loc":{"start":{"line":31,"column":4},"end":{"line":33,"column":5}},"type":"if","locations":[{"start":{"line":31,"column":4},"end":{"line":33,"column":5}},{"start":{},"end":{}}],"line":31},"1":{"loc":{"start":{"line":38,"column":4},"end":{"line":40,"column":5}},"type":"if","locations":[{"start":{"line":38,"column":4},"end":{"line":40,"column":5}},{"start":{},"end":{}}],"line":38},"2":{"loc":{"start":{"line":50,"column":4},"end":{"line":73,"column":5}},"type":"if","locations":[{"start":{"line":50,"column":4},"end":{"line":73,"column":5}},{"start":{},"end":{}}],"line":50},"3":{"loc":{"start":{"line":50,"column":8},"end":{"line":50,"column":42}},"type":"binary-expr","locations":[{"start":{"line":50,"column":8},"end":{"line":50,"column":15}},{"start":{"line":50,"column":19},"end":{"line":50,"column":42}}],"line":50},"4":{"loc":{"start":{"line":52,"column":6},"end":{"line":54,"column":7}},"type":"if","locations":[{"start":{"line":52,"column":6},"end":{"line":54,"column":7}},{"start":{},"end":{}}],"line":52},"5":{"loc":{"start":{"line":75,"column":4},"end":{"line":78,"column":5}},"type":"if","locations":[{"start":{"line":75,"column":4},"end":{"line":78,"column":5}},{"start":{},"end":{}}],"line":75},"6":{"loc":{"start":{"line":75,"column":8},"end":{"line":75,"column":43}},"type":"binary-expr","locations":[{"start":{"line":75,"column":8},"end":{"line":75,"column":15}},{"start":{"line":75,"column":19},"end":{"line":75,"column":43}}],"line":75},"7":{"loc":{"start":{"line":85,"column":4},"end":{"line":87,"column":5}},"type":"if","locations":[{"start":{"line":85,"column":4},"end":{"line":87,"column":5}},{"start":{},"end":{}}],"line":85},"8":{"loc":{"start":{"line":85,"column":8},"end":{"line":85,"column":40}},"type":"binary-expr","locations":[{"start":{"line":85,"column":8},"end":{"line":85,"column":13}},{"start":{"line":85,"column":17},"end":{"line":85,"column":40}}],"line":85},"9":{"loc":{"start":{"line":124,"column":4},"end":{"line":126,"column":5}},"type":"if","locations":[{"start":{"line":124,"column":4},"end":{"line":126,"column":5}},{"start":{},"end":{}}],"line":124},"10":{"loc":{"start":{"line":128,"column":4},"end":{"line":130,"column":5}},"type":"if","locations":[{"start":{"line":128,"column":4},"end":{"line":130,"column":5}},{"start":{},"end":{}}],"line":128},"11":{"loc":{"start":{"line":128,"column":8},"end":{"line":128,"column":65}},"type":"binary-expr","locations":[{"start":{"line":128,"column":8},"end":{"line":128,"column":18}},{"start":{"line":128,"column":22},"end":{"line":128,"column":65}}],"line":128},"12":{"loc":{"start":{"line":132,"column":4},"end":{"line":134,"column":5}},"type":"if","locations":[{"start":{"line":132,"column":4},"end":{"line":134,"column":5}},{"start":{},"end":{}}],"line":132},"13":{"loc":{"start":{"line":132,"column":8},"end":{"line":132,"column":73}},"type":"binary-expr","locations":[{"start":{"line":132,"column":8},"end":{"line":132,"column":16}},{"start":{"line":132,"column":20},"end":{"line":132,"column":47}},{"start":{"line":132,"column":51},"end":{"line":132,"column":73}}],"line":132},"14":{"loc":{"start":{"line":137,"column":4},"end":{"line":139,"column":5}},"type":"if","locations":[{"start":{"line":137,"column":4},"end":{"line":139,"column":5}},{"start":{},"end":{}}],"line":137},"15":{"loc":{"start":{"line":141,"column":4},"end":{"line":143,"column":5}},"type":"if","locations":[{"start":{"line":141,"column":4},"end":{"line":143,"column":5}},{"start":{},"end":{}}],"line":141},"16":{"loc":{"start":{"line":145,"column":4},"end":{"line":147,"column":5}},"type":"if","locations":[{"start":{"line":145,"column":4},"end":{"line":147,"column":5}},{"start":{},"end":{}}],"line":145},"17":{"loc":{"start":{"line":149,"column":4},"end":{"line":151,"column":5}},"type":"if","locations":[{"start":{"line":149,"column":4},"end":{"line":151,"column":5}},{"start":{},"end":{}}],"line":149},"18":{"loc":{"start":{"line":155,"column":4},"end":{"line":159,"column":5}},"type":"if","locations":[{"start":{"line":155,"column":4},"end":{"line":159,"column":5}},{"start":{},"end":{}}],"line":155},"19":{"loc":{"start":{"line":165,"column":6},"end":{"line":169,"column":7}},"type":"if","locations":[{"start":{"line":165,"column":6},"end":{"line":169,"column":7}},{"start":{},"end":{}}],"line":165},"20":{"loc":{"start":{"line":182,"column":6},"end":{"line":182,"column":23}},"type":"if","locations":[{"start":{"line":182,"column":6},"end":{"line":182,"column":23}},{"start":{},"end":{}}],"line":182},"21":{"loc":{"start":{"line":184,"column":6},"end":{"line":186,"column":7}},"type":"if","locations":[{"start":{"line":184,"column":6},"end":{"line":186,"column":7}},{"start":{},"end":{}}],"line":184},"22":{"loc":{"start":{"line":184,"column":10},"end":{"line":184,"column":64}},"type":"binary-expr","locations":[{"start":{"line":184,"column":10},"end":{"line":184,"column":32}},{"start":{"line":184,"column":36},"end":{"line":184,"column":64}}],"line":184},"23":{"loc":{"start":{"line":192,"column":6},"end":{"line":194,"column":7}},"type":"if","locations":[{"start":{"line":192,"column":6},"end":{"line":194,"column":7}},{"start":{},"end":{}}],"line":192},"24":{"loc":{"start":{"line":208,"column":6},"end":{"line":210,"column":7}},"type":"if","locations":[{"start":{"line":208,"column":6},"end":{"line":210,"column":7}},{"start":{},"end":{}}],"line":208},"25":{"loc":{"start":{"line":231,"column":4},"end":{"line":233,"column":5}},"type":"if","locations":[{"start":{"line":231,"column":4},"end":{"line":233,"column":5}},{"start":{},"end":{}}],"line":231},"26":{"loc":{"start":{"line":235,"column":4},"end":{"line":237,"column":5}},"type":"if","locations":[{"start":{"line":235,"column":4},"end":{"line":237,"column":5}},{"start":{},"end":{}}],"line":235},"27":{"loc":{"start":{"line":235,"column":8},"end":{"line":235,"column":65}},"type":"binary-expr","locations":[{"start":{"line":235,"column":8},"end":{"line":235,"column":18}},{"start":{"line":235,"column":22},"end":{"line":235,"column":65}}],"line":235},"28":{"loc":{"start":{"line":240,"column":4},"end":{"line":242,"column":5}},"type":"if","locations":[{"start":{"line":240,"column":4},"end":{"line":242,"column":5}},{"start":{},"end":{}}],"line":240},"29":{"loc":{"start":{"line":240,"column":8},"end":{"line":240,"column":54}},"type":"binary-expr","locations":[{"start":{"line":240,"column":8},"end":{"line":240,"column":16}},{"start":{"line":240,"column":20},"end":{"line":240,"column":54}}],"line":240},"30":{"loc":{"start":{"line":244,"column":4},"end":{"line":246,"column":5}},"type":"if","locations":[{"start":{"line":244,"column":4},"end":{"line":246,"column":5}},{"start":{},"end":{}}],"line":244}},"s":{"0":1,"1":1,"2":1,"3":1,"4":1,"5":1,"6":1,"7":1,"8":1,"9":1,"10":1,"11":1,"12":1,"13":1,"14":1,"15":0,"16":0,"17":0,"18":0,"19":0,"20":1,"21":1,"22":1,"23":1,"24":0,"25":1,"26":1,"27":1,"28":0,"29":1,"30":1,"31":1,"32":0,"33":0,"34":0,"35":0,"36":0,"37":0,"38":0,"39":0,"40":0,"41":1,"42":0,"43":0,"44":1,"45":1,"46":0,"47":1,"48":1,"49":1,"50":1,"51":2,"52":1,"53":0,"54":0,"55":1,"56":3,"57":3,"58":3,"59":3,"60":3,"61":0,"62":3,"63":0,"64":3,"65":0,"66":3,"67":3,"68":0,"69":3,"70":0,"71":3,"72":0,"73":3,"74":1,"75":2,"76":2,"77":2,"78":0,"79":0,"80":0,"81":2,"82":4,"83":2,"84":2,"85":4,"86":1,"87":1,"88":1,"89":2,"90":1,"91":1,"92":1,"93":2,"94":2,"95":0,"96":2,"97":2,"98":2,"99":1,"100":1,"101":2,"102":2,"103":2,"104":1,"105":1,"106":0,"107":0,"108":0,"109":1,"110":1,"111":1,"112":1,"113":0,"114":0,"115":1,"116":0,"117":0,"118":0,"119":0,"120":0,"121":0,"122":0,"123":0,"124":0,"125":0,"126":0,"127":0,"128":0,"129":0,"130":0,"131":0,"132":1},"f":{"0":1,"1":0,"2":1,"3":0,"4":0,"5":2,"6":3,"7":4,"8":2,"9":0},"b":{"0":[0,1],"1":[0,1],"2":[0,1],"3":[1,0],"4":[0,0],"5":[0,1],"6":[1,0],"7":[0,1],"8":[1,1],"9":[0,3],"10":[0,3],"11":[3,3],"12":[0,3],"13":[3,3,3],"14":[0,3],"15":[0,3],"16":[0,3],"17":[1,2],"18":[0,2],"19":[1,3],"20":[0,2],"21":[2,0],"22":[2,2],"23":[2,0],"24":[0,0],"25":[0,0],"26":[0,0],"27":[0,0],"28":[0,0],"29":[0,0],"30":[0,0]},"_coverageSchema":"1a1c01bbd47fc00a2c39e90264f33305004495a9","hash":"4d114a61143d54852412660cc75fb7cd8809552e"}
,"D:\\aptitude-app-cit\\server\\middleware\\authMiddleware.js": {"path":"D:\\aptitude-app-cit\\server\\middleware\\authMiddleware.js","statementMap":{"0":{"start":{"line":1,"column":12},"end":{"line":1,"column":35}},"1":{"start":{"line":2,"column":13},"end":{"line":2,"column":38}},"2":{"start":{"line":4,"column":16},"end":{"line":24,"column":1}},"3":{"start":{"line":5,"column":16},"end":{"line":5,"column":34}},"4":{"start":{"line":7,"column":2},"end":{"line":9,"column":3}},"5":{"start":{"line":8,"column":4},"end":{"line":8,"column":73}},"6":{"start":{"line":11,"column":2},"end":{"line":23,"column":3}},"7":{"start":{"line":12,"column":20},"end":{"line":12,"column":61}},"8":{"start":{"line":13,"column":17},"end":{"line":13,"column":68}},"9":{"start":{"line":15,"column":4},"end":{"line":17,"column":5}},"10":{"start":{"line":16,"column":6},"end":{"line":16,"column":88}},"11":{"start":{"line":19,"column":4},"end":{"line":19,"column":20}},"12":{"start":{"line":20,"column":4},"end":{"line":20,"column":18}},"13":{"start":{"line":22,"column":4},"end":{"line":22,"column":77}},"14":{"start":{"line":26,"column":14},"end":{"line":31,"column":1}},"15":{"start":{"line":27,"column":2},"end":{"line":29,"column":3}},"16":{"start":{"line":28,"column":4},"end":{"line":28,"column":18}},"17":{"start":{"line":30,"column":2},"end":{"line":30,"column":73}},"18":{"start":{"line":33,"column":0},"end":{"line":33,"column":36}}},"fnMap":{"0":{"name":"(anonymous_0)","decl":{"start":{"line":4,"column":16},"end":{"line":4,"column":17}},"loc":{"start":{"line":4,"column":42},"end":{"line":24,"column":1}},"line":4},"1":{"name":"(anonymous_1)","decl":{"start":{"line":26,"column":14},"end":{"line":26,"column":15}},"loc":{"start":{"line":26,"column":34},"end":{"line":31,"column":1}},"line":26}},"branchMap":{"0":{"loc":{"start":{"line":7,"column":2},"end":{"line":9,"column":3}},"type":"if","locations":[{"start":{"line":7,"column":2},"end":{"line":9,"column":3}},{"start":{},"end":{}}],"line":7},"1":{"loc":{"start":{"line":15,"column":4},"end":{"line":17,"column":5}},"type":"if","locations":[{"start":{"line":15,"column":4},"end":{"line":17,"column":5}},{"start":{},"end":{}}],"line":15},"2":{"loc":{"start":{"line":27,"column":2},"end":{"line":29,"column":3}},"type":"if","locations":[{"start":{"line":27,"column":2},"end":{"line":29,"column":3}},{"start":{},"end":{}}],"line":27},"3":{"loc":{"start":{"line":27,"column":6},"end":{"line":27,"column":34}},"type":"binary-expr","locations":[{"start":{"line":27,"column":6},"end":{"line":27,"column":14}},{"start":{"line":27,"column":18},"end":{"line":27,"column":34}}],"line":27}},"s":{"0":1,"1":1,"2":1,"3":9,"4":9,"5":0,"6":9,"7":9,"8":9,"9":9,"10":0,"11":9,"12":9,"13":0,"14":1,"15":3,"16":2,"17":1,"18":1},"f":{"0":9,"1":3},"b":{"0":[0,9],"1":[0,9],"2":[2,1],"3":[3,3]},"_coverageSchema":"1a1c01bbd47fc00a2c39e90264f33305004495a9","hash":"4a11b56915028c72861533e6833d714fdf07bf5e"}
,"D:\\aptitude-app-cit\\server\\middleware\\errorMiddleware.js": {"path":"D:\\aptitude-app-cit\\server\\middleware\\errorMiddleware.js","statementMap":{"0":{"start":{"line":4,"column":17},"end":{"line":9,"column":1}},"1":{"start":{"line":5,"column":2},"end":{"line":7,"column":3}},"2":{"start":{"line":6,"column":4},"end":{"line":6,"column":92}},"3":{"start":{"line":8,"column":2},"end":{"line":8,"column":16}},"4":{"start":{"line":12,"column":21},"end":{"line":22,"column":1}},"5":{"start":{"line":13,"column":2},"end":{"line":13,"column":36}},"6":{"start":{"line":15,"column":17},"end":{"line":15,"column":52}},"7":{"start":{"line":17,"column":4},"end":{"line":19,"column":37}},"8":{"start":{"line":21,"column":2},"end":{"line":21,"column":39}},"9":{"start":{"line":24,"column":0},"end":{"line":24,"column":44}}},"fnMap":{"0":{"name":"(anonymous_0)","decl":{"start":{"line":4,"column":17},"end":{"line":4,"column":18}},"loc":{"start":{"line":4,"column":37},"end":{"line":9,"column":1}},"line":4},"1":{"name":"(anonymous_1)","decl":{"start":{"line":12,"column":21},"end":{"line":12,"column":22}},"loc":{"start":{"line":12,"column":46},"end":{"line":22,"column":1}},"line":12}},"branchMap":{"0":{"loc":{"start":{"line":5,"column":2},"end":{"line":7,"column":3}},"type":"if","locations":[{"start":{"line":5,"column":2},"end":{"line":7,"column":3}},{"start":{},"end":{}}],"line":5},"1":{"loc":{"start":{"line":15,"column":17},"end":{"line":15,"column":52}},"type":"binary-expr","locations":[{"start":{"line":15,"column":17},"end":{"line":15,"column":31}},{"start":{"line":15,"column":35},"end":{"line":15,"column":45}},{"start":{"line":15,"column":49},"end":{"line":15,"column":52}}],"line":15},"2":{"loc":{"start":{"line":17,"column":4},"end":{"line":19,"column":37}},"type":"cond-expr","locations":[{"start":{"line":18,"column":8},"end":{"line":18,"column":31}},{"start":{"line":19,"column":8},"end":{"line":19,"column":37}}],"line":17},"3":{"loc":{"start":{"line":17,"column":4},"end":{"line":17,"column":59}},"type":"binary-expr","locations":[{"start":{"line":17,"column":4},"end":{"line":17,"column":18}},{"start":{"line":17,"column":22},"end":{"line":17,"column":59}}],"line":17},"4":{"loc":{"start":{"line":19,"column":8},"end":{"line":19,"column":37}},"type":"binary-expr","locations":[{"start":{"line":19,"column":8},"end":{"line":19,"column":19}},{"start":{"line":19,"column":23},"end":{"line":19,"column":37}}],"line":19}},"s":{"0":1,"1":0,"2":0,"3":0,"4":1,"5":0,"6":0,"7":0,"8":0,"9":1},"f":{"0":0,"1":0},"b":{"0":[0,0],"1":[0,0,0],"2":[0,0],"3":[0,0],"4":[0,0]},"_coverageSchema":"1a1c01bbd47fc00a2c39e90264f33305004495a9","hash":"fe94d8afb99255061f49005257794df3da97f0eb"}
,"D:\\aptitude-app-cit\\server\\middleware\\validateRequest.js": {"path":"D:\\aptitude-app-cit\\server\\middleware\\validateRequest.js","statementMap":{"0":{"start":{"line":1,"column":29},"end":{"line":1,"column":57}},"1":{"start":{"line":6,"column":24},"end":{"line":19,"column":1}},"2":{"start":{"line":7,"column":17},"end":{"line":7,"column":38}},"3":{"start":{"line":8,"column":2},"end":{"line":17,"column":3}},"4":{"start":{"line":9,"column":4},"end":{"line":16,"column":7}},"5":{"start":{"line":11,"column":66},"end":{"line":15,"column":7}},"6":{"start":{"line":18,"column":2},"end":{"line":18,"column":16}},"7":{"start":{"line":21,"column":0},"end":{"line":21,"column":33}}},"fnMap":{"0":{"name":"(anonymous_0)","decl":{"start":{"line":6,"column":24},"end":{"line":6,"column":25}},"loc":{"start":{"line":6,"column":44},"end":{"line":19,"column":1}},"line":6},"1":{"name":"(anonymous_1)","decl":{"start":{"line":11,"column":58},"end":{"line":11,"column":59}},"loc":{"start":{"line":11,"column":66},"end":{"line":15,"column":7}},"line":11}},"branchMap":{"0":{"loc":{"start":{"line":8,"column":2},"end":{"line":17,"column":3}},"type":"if","locations":[{"start":{"line":8,"column":2},"end":{"line":17,"column":3}},{"start":{},"end":{}}],"line":8}},"s":{"0":1,"1":1,"2":15,"3":15,"4":1,"5":1,"6":14,"7":1},"f":{"0":15,"1":1},"b":{"0":[1,14]},"_coverageSchema":"1a1c01bbd47fc00a2c39e90264f33305004495a9","hash":"3310843c4d15c487f1bcc419c630dfd622c57d6f"}
,"D:\\aptitude-app-cit\\server\\routes\\adminRoutes.js": {"path":"D:\\aptitude-app-cit\\server\\routes\\adminRoutes.js","statementMap":{"0":{"start":{"line":1,"column":16},"end":{"line":1,"column":34}},"1":{"start":{"line":2,"column":15},"end":{"line":2,"column":31}},"2":{"start":{"line":19,"column":4},"end":{"line":19,"column":45}},"3":{"start":{"line":20,"column":27},"end":{"line":20,"column":66}},"4":{"start":{"line":21,"column":24},"end":{"line":21,"column":64}},"5":{"start":{"line":30,"column":4},"end":{"line":30,"column":44}},"6":{"start":{"line":31,"column":18},"end":{"line":31,"column":46}},"7":{"start":{"line":33,"column":30},"end":{"line":33,"column":90}},"8":{"start":{"line":35,"column":0},"end":{"line":35,"column":50}},"9":{"start":{"line":36,"column":0},"end":{"line":36,"column":62}},"10":{"start":{"line":37,"column":0},"end":{"line":44,"column":2}},"11":{"start":{"line":46,"column":0},"end":{"line":49,"column":78}},"12":{"start":{"line":51,"column":0},"end":{"line":54,"column":82}},"13":{"start":{"line":56,"column":0},"end":{"line":58,"column":70}},"14":{"start":{"line":60,"column":0},"end":{"line":64,"column":78}},"15":{"start":{"line":66,"column":0},"end":{"line":66,"column":55}},"16":{"start":{"line":68,"column":0},"end":{"line":75,"column":2}},"17":{"start":{"line":77,"column":0},"end":{"line":84,"column":2}},"18":{"start":{"line":86,"column":0},"end":{"line":93,"column":2}},"19":{"start":{"line":95,"column":0},"end":{"line":95,"column":24}}},"fnMap":{},"branchMap":{},"s":{"0":1,"1":1,"2":1,"3":1,"4":1,"5":1,"6":1,"7":1,"8":1,"9":1,"10":1,"11":1,"12":1,"13":1,"14":1,"15":1,"16":1,"17":1,"18":1,"19":1},"f":{},"b":{},"_coverageSchema":"1a1c01bbd47fc00a2c39e90264f33305004495a9","hash":"e88071acc11ae1e23f96e03371afcc47be6fbe47"}
,"D:\\aptitude-app-cit\\server\\routes\\auth.js": {"path":"D:\\aptitude-app-cit\\server\\routes\\auth.js","statementMap":{"0":{"start":{"line":1,"column":16},"end":{"line":1,"column":34}},"1":{"start":{"line":2,"column":18},"end":{"line":2,"column":47}},"2":{"start":{"line":3,"column":15},"end":{"line":3,"column":31}},"3":{"start":{"line":4,"column":55},"end":{"line":4,"column":95}},"4":{"start":{"line":5,"column":20},"end":{"line":5,"column":59}},"5":{"start":{"line":6,"column":24},"end":{"line":6,"column":64}},"6":{"start":{"line":7,"column":38},"end":{"line":7,"column":77}},"7":{"start":{"line":9,"column":21},"end":{"line":14,"column":2}},"8":{"start":{"line":16,"column":0},"end":{"line":16,"column":71}},"9":{"start":{"line":17,"column":0},"end":{"line":17,"column":76}},"10":{"start":{"line":18,"column":0},"end":{"line":18,"column":35}},"11":{"start":{"line":19,"column":0},"end":{"line":19,"column":34}},"12":{"start":{"line":21,"column":0},"end":{"line":21,"column":24}}},"fnMap":{},"branchMap":{},"s":{"0":1,"1":1,"2":1,"3":1,"4":1,"5":1,"6":1,"7":1,"8":1,"9":1,"10":1,"11":1,"12":1},"f":{},"b":{},"_coverageSchema":"1a1c01bbd47fc00a2c39e90264f33305004495a9","hash":"7cd2550cfec3acdae5364828b56368657cd2067a"}
,"D:\\aptitude-app-cit\\server\\routes\\submissionRoutes.js": {"path":"D:\\aptitude-app-cit\\server\\routes\\submissionRoutes.js","statementMap":{"0":{"start":{"line":1,"column":16},"end":{"line":1,"column":34}},"1":{"start":{"line":2,"column":15},"end":{"line":2,"column":31}},"2":{"start":{"line":3,"column":20},"end":{"line":3,"column":59}},"3":{"start":{"line":4,"column":24},"end":{"line":4,"column":64}},"4":{"start":{"line":5,"column":19},"end":{"line":5,"column":50}},"5":{"start":{"line":9,"column":4},"end":{"line":9,"column":50}},"6":{"start":{"line":10,"column":30},"end":{"line":10,"column":75}},"7":{"start":{"line":12,"column":0},"end":{"line":22,"column":3}},"8":{"start":{"line":13,"column":2},"end":{"line":21,"column":3}},"9":{"start":{"line":14,"column":24},"end":{"line":16,"column":30}},"10":{"start":{"line":17,"column":4},"end":{"line":17,"column":26}},"11":{"start":{"line":19,"column":4},"end":{"line":19,"column":63}},"12":{"start":{"line":20,"column":4},"end":{"line":20,"column":54}},"13":{"start":{"line":24,"column":0},"end":{"line":24,"column":95}},"14":{"start":{"line":26,"column":0},"end":{"line":32,"column":2}},"15":{"start":{"line":34,"column":0},"end":{"line":34,"column":24}}},"fnMap":{"0":{"name":"(anonymous_0)","decl":{"start":{"line":12,"column":35},"end":{"line":12,"column":36}},"loc":{"start":{"line":12,"column":55},"end":{"line":22,"column":1}},"line":12}},"branchMap":{},"s":{"0":1,"1":1,"2":1,"3":1,"4":1,"5":1,"6":1,"7":1,"8":1,"9":1,"10":1,"11":0,"12":0,"13":1,"14":1,"15":1},"f":{"0":1},"b":{},"_coverageSchema":"1a1c01bbd47fc00a2c39e90264f33305004495a9","hash":"c79a50408ce6065faeed4fc79d3b7b4c3ddc2d91"}
,"D:\\aptitude-app-cit\\server\\routes\\testRoutes.js": {"path":"D:\\aptitude-app-cit\\server\\routes\\testRoutes.js","statementMap":{"0":{"start":{"line":1,"column":16},"end":{"line":1,"column":34}},"1":{"start":{"line":2,"column":15},"end":{"line":2,"column":31}},"2":{"start":{"line":8,"column":4},"end":{"line":8,"column":44}},"3":{"start":{"line":9,"column":20},"end":{"line":9,"column":59}},"4":{"start":{"line":10,"column":24},"end":{"line":10,"column":64}},"5":{"start":{"line":15,"column":4},"end":{"line":15,"column":43}},"6":{"start":{"line":17,"column":0},"end":{"line":17,"column":44}},"7":{"start":{"line":19,"column":0},"end":{"line":21,"column":60}},"8":{"start":{"line":23,"column":0},"end":{"line":25,"column":66}},"9":{"start":{"line":27,"column":0},"end":{"line":29,"column":70}},"10":{"start":{"line":31,"column":0},"end":{"line":31,"column":24}}},"fnMap":{},"branchMap":{},"s":{"0":1,"1":1,"2":1,"3":1,"4":1,"5":1,"6":1,"7":1,"8":1,"9":1,"10":1},"f":{},"b":{},"_coverageSchema":"1a1c01bbd47fc00a2c39e90264f33305004495a9","hash":"04a2efff5ca2a8c5043636027da89b3041ea7e62"}
,"D:\\aptitude-app-cit\\server\\validators\\adminValidators.js": {"path":"D:\\aptitude-app-cit\\server\\validators\\adminValidators.js","statementMap":{"0":{"start":{"line":1,"column":31},"end":{"line":1,"column":59}},"1":{"start":{"line":3,"column":28},"end":{"line":10,"column":1}},"2":{"start":{"line":12,"column":28},"end":{"line":20,"column":1}},"3":{"start":{"line":22,"column":27},"end":{"line":26,"column":1}},"4":{"start":{"line":28,"column":24},"end":{"line":33,"column":1}},"5":{"start":{"line":35,"column":24},"end":{"line":41,"column":1}},"6":{"start":{"line":43,"column":21},"end":{"line":43,"column":89}},"7":{"start":{"line":43,"column":38},"end":{"line":43,"column":89}},"8":{"start":{"line":45,"column":29},"end":{"line":48,"column":1}},"9":{"start":{"line":50,"column":0},"end":{"line":58,"column":2}}},"fnMap":{"0":{"name":"(anonymous_0)","decl":{"start":{"line":43,"column":21},"end":{"line":43,"column":22}},"loc":{"start":{"line":43,"column":38},"end":{"line":43,"column":89}},"line":43}},"branchMap":{"0":{"loc":{"start":{"line":43,"column":22},"end":{"line":43,"column":33}},"type":"default-arg","locations":[{"start":{"line":43,"column":29},"end":{"line":43,"column":33}}],"line":43}},"s":{"0":1,"1":1,"2":1,"3":1,"4":1,"5":1,"6":1,"7":5,"8":1,"9":1},"f":{"0":5},"b":{"0":[0]},"_coverageSchema":"1a1c01bbd47fc00a2c39e90264f33305004495a9","hash":"74bceddd003b9b0ee4a09ad582973198b86c5938"}
,"D:\\aptitude-app-cit\\server\\validators\\authValidators.js": {"path":"D:\\aptitude-app-cit\\server\\validators\\authValidators.js","statementMap":{"0":{"start":{"line":1,"column":17},"end":{"line":1,"column":45}},"1":{"start":{"line":3,"column":22},"end":{"line":9,"column":1}},"2":{"start":{"line":11,"column":19},"end":{"line":14,"column":1}},"3":{"start":{"line":16,"column":0},"end":{"line":16,"column":47}}},"fnMap":{},"branchMap":{},"s":{"0":1,"1":1,"2":1,"3":1},"f":{},"b":{},"_coverageSchema":"1a1c01bbd47fc00a2c39e90264f33305004495a9","hash":"9790f7b1722ac661681e77c571afb96b9f00c1c1"}
,"D:\\aptitude-app-cit\\server\\validators\\submissionValidators.js": {"path":"D:\\aptitude-app-cit\\server\\validators\\submissionValidators.js","statementMap":{"0":{"start":{"line":1,"column":18},"end":{"line":1,"column":46}},"1":{"start":{"line":3,"column":26},"end":{"line":3,"column":88}},"2":{"start":{"line":5,"column":0},"end":{"line":5,"column":39}}},"fnMap":{},"branchMap":{},"s":{"0":1,"1":1,"2":1},"f":{},"b":{},"_coverageSchema":"1a1c01bbd47fc00a2c39e90264f33305004495a9","hash":"c64dc5af78e2da6cffad18cdce87c3412612f879"}
,"D:\\aptitude-app-cit\\server\\validators\\testValidators.js": {"path":"D:\\aptitude-app-cit\\server\\validators\\testValidators.js","statementMap":{"0":{"start":{"line":1,"column":24},"end":{"line":1,"column":52}},"1":{"start":{"line":3,"column":24},"end":{"line":7,"column":1}},"2":{"start":{"line":9,"column":20},"end":{"line":9,"column":76}},"3":{"start":{"line":11,"column":26},"end":{"line":15,"column":1}},"4":{"start":{"line":17,"column":0},"end":{"line":21,"column":2}}},"fnMap":{},"branchMap":{},"s":{"0":1,"1":1,"2":1,"3":1,"4":1},"f":{},"b":{},"_coverageSchema":"1a1c01bbd47fc00a2c39e90264f33305004495a9","hash":"03a95ee86d5a0813a6c1b9885d55f6991f6c0f29"}
}
