TN:
SF:controllers\adminController.js
FN:12,(anonymous_0)
FN:18,(anonymous_1)
FN:36,(anonymous_2)
FN:68,(anonymous_3)
FN:90,(anonymous_4)
FN:112,(anonymous_5)
FN:123,(anonymous_6)
FN:140,(anonymous_7)
FN:160,(anonymous_8)
FN:181,(anonymous_9)
FN:188,(anonymous_10)
FN:241,(anonymous_11)
FN:242,(anonymous_12)
FN:272,(anonymous_13)
FN:295,(anonymous_14)
FN:314,(anonymous_15)
FN:330,(anonymous_16)
FN:345,(anonymous_17)
FN:358,(anonymous_18)
FN:359,(anonymous_19)
FN:369,(anonymous_20)
FN:383,(anonymous_21)
FN:413,(anonymous_22)
FN:425,(anonymous_23)
FN:438,(anonymous_24)
FNF:25
FNH:2
FNDA:0,(anonymous_0)
FNDA:0,(anonymous_1)
FNDA:0,(anonymous_2)
FNDA:0,(anonymous_3)
FNDA:0,(anonymous_4)
FNDA:0,(anonymous_5)
FNDA:0,(anonymous_6)
FNDA:0,(anonymous_7)
FNDA:0,(anonymous_8)
FNDA:0,(anonymous_9)
FNDA:0,(anonymous_10)
FNDA:0,(anonymous_11)
FNDA:0,(anonymous_12)
FNDA:0,(anonymous_13)
FNDA:0,(anonymous_14)
FNDA:1,(anonymous_15)
FNDA:0,(anonymous_16)
FNDA:0,(anonymous_17)
FNDA:0,(anonymous_18)
FNDA:0,(anonymous_19)
FNDA:0,(anonymous_20)
FNDA:0,(anonymous_21)
FNDA:1,(anonymous_22)
FNDA:0,(anonymous_23)
FNDA:0,(anonymous_24)
DA:1,1
DA:2,1
DA:3,1
DA:4,1
DA:5,1
DA:6,1
DA:7,1
DA:8,1
DA:10,1
DA:12,1
DA:13,0
DA:14,0
DA:18,1
DA:19,0
DA:20,0
DA:21,0
DA:29,0
DA:30,0
DA:32,0
DA:36,1
DA:37,0
DA:38,0
DA:39,0
DA:40,0
DA:42,0
DA:43,0
DA:45,0
DA:46,0
DA:47,0
DA:48,0
DA:51,0
DA:52,0
DA:53,0
DA:55,0
DA:63,0
DA:64,0
DA:68,1
DA:69,0
DA:70,0
DA:71,0
DA:72,0
DA:73,0
DA:76,0
DA:77,0
DA:78,0
DA:79,0
DA:80,0
DA:81,0
DA:83,0
DA:84,0
DA:86,0
DA:90,1
DA:91,0
DA:92,0
DA:93,0
DA:94,0
DA:97,0
DA:102,0
DA:103,0
DA:104,0
DA:106,0
DA:107,0
DA:112,1
DA:113,0
DA:114,0
DA:115,0
DA:116,0
DA:117,0
DA:119,0
DA:123,1
DA:124,0
DA:125,0
DA:126,0
DA:128,0
DA:129,0
DA:130,0
DA:132,0
DA:135,0
DA:136,0
DA:140,1
DA:141,0
DA:142,0
DA:143,0
DA:144,0
DA:145,0
DA:148,0
DA:149,0
DA:150,0
DA:151,0
DA:153,0
DA:154,0
DA:156,0
DA:160,1
DA:161,0
DA:162,0
DA:163,0
DA:164,0
DA:167,0
DA:172,0
DA:173,0
DA:175,0
DA:176,0
DA:181,1
DA:182,0
DA:183,0
DA:184,0
DA:185,0
DA:188,1
DA:189,0
DA:190,0
DA:191,0
DA:192,0
DA:194,0
DA:196,0
DA:197,0
DA:199,0
DA:201,0
DA:202,0
DA:204,0
DA:205,0
DA:207,0
DA:208,0
DA:209,0
DA:211,0
DA:212,0
DA:213,0
DA:215,0
DA:216,0
DA:217,0
DA:218,0
DA:219,0
DA:222,0
DA:223,0
DA:224,0
DA:225,0
DA:226,0
DA:227,0
DA:228,0
DA:229,0
DA:232,0
DA:240,0
DA:241,0
DA:242,0
DA:248,0
DA:249,0
DA:251,0
DA:252,0
DA:253,0
DA:256,0
DA:258,0
DA:259,0
DA:260,0
DA:261,0
DA:263,0
DA:264,0
DA:265,0
DA:266,0
DA:267,0
DA:272,0
DA:278,0
DA:290,0
DA:291,0
DA:295,1
DA:296,0
DA:297,0
DA:298,0
DA:299,0
DA:302,0
DA:307,0
DA:309,0
DA:310,0
DA:314,1
DA:315,1
DA:316,1
DA:317,1
DA:318,0
DA:321,1
DA:322,1
DA:323,0
DA:326,1
DA:330,1
DA:331,0
DA:332,0
DA:344,1
DA:345,0
DA:348,1
DA:358,0
DA:359,0
DA:364,0
DA:365,0
DA:369,1
DA:370,0
DA:371,0
DA:372,0
DA:373,0
DA:376,0
DA:377,0
DA:378,0
DA:381,0
DA:383,0
DA:384,0
DA:385,0
DA:395,0
DA:398,0
DA:400,0
DA:401,0
DA:405,0
DA:407,0
DA:408,0
DA:413,1
DA:414,1
DA:415,1
DA:418,1
DA:420,0
DA:421,0
DA:425,1
DA:426,0
DA:427,0
DA:431,0
DA:433,0
DA:434,0
DA:438,1
DA:439,0
DA:441,0
DA:442,0
DA:443,0
DA:446,0
DA:447,0
DA:448,0
DA:451,0
DA:452,0
DA:455,0
DA:456,0
DA:457,0
DA:458,0
DA:462,0
DA:463,0
DA:465,0
DA:471,0
DA:479,0
DA:480,0
DA:484,1
LF:242
LH:39
BRDA:37,0,0,0
BRDA:37,0,1,0
BRDA:38,1,0,0
BRDA:38,1,1,0
BRDA:39,2,0,0
BRDA:39,2,1,0
BRDA:40,3,0,0
BRDA:40,3,1,0
BRDA:42,4,0,0
BRDA:42,4,1,0
BRDA:47,5,0,0
BRDA:47,5,1,0
BRDA:58,6,0,0
BRDA:58,6,1,0
BRDA:72,7,0,0
BRDA:72,7,1,0
BRDA:76,8,0,0
BRDA:76,8,1,0
BRDA:77,9,0,0
BRDA:77,9,1,0
BRDA:78,10,0,0
BRDA:78,10,1,0
BRDA:79,11,0,0
BRDA:79,11,1,0
BRDA:80,12,0,0
BRDA:80,12,1,0
BRDA:93,13,0,0
BRDA:93,13,1,0
BRDA:113,14,0,0
BRDA:125,15,0,0
BRDA:125,15,1,0
BRDA:129,16,0,0
BRDA:129,16,1,0
BRDA:144,17,0,0
BRDA:144,17,1,0
BRDA:148,18,0,0
BRDA:148,18,1,0
BRDA:149,19,0,0
BRDA:149,19,1,0
BRDA:150,20,0,0
BRDA:150,20,1,0
BRDA:163,21,0,0
BRDA:163,21,1,0
BRDA:182,22,0,0
BRDA:182,22,1,0
BRDA:183,23,0,0
BRDA:183,23,1,0
BRDA:184,24,0,0
BRDA:184,24,1,0
BRDA:202,25,0,0
BRDA:202,25,1,0
BRDA:204,26,0,0
BRDA:204,26,1,0
BRDA:208,27,0,0
BRDA:208,27,1,0
BRDA:216,28,0,0
BRDA:216,28,1,0
BRDA:227,29,0,0
BRDA:227,29,1,0
BRDA:235,30,0,0
BRDA:235,30,1,0
BRDA:244,31,0,0
BRDA:244,31,1,0
BRDA:253,32,0,0
BRDA:253,32,1,0
BRDA:256,33,0,0
BRDA:256,33,1,0
BRDA:259,34,0,0
BRDA:259,34,1,0
BRDA:260,35,0,0
BRDA:260,35,1,0
BRDA:266,36,0,0
BRDA:266,36,1,0
BRDA:266,37,0,0
BRDA:266,37,1,0
BRDA:274,38,0,0
BRDA:274,38,1,0
BRDA:298,39,0,0
BRDA:298,39,1,0
BRDA:317,40,0,0
BRDA:317,40,1,1
BRDA:322,41,0,0
BRDA:322,41,1,1
BRDA:331,42,0,0
BRDA:331,42,1,0
BRDA:334,43,0,0
BRDA:334,43,1,0
BRDA:335,44,0,0
BRDA:335,44,1,0
BRDA:344,45,0,0
BRDA:344,45,1,1
BRDA:353,46,0,1
BRDA:353,46,1,0
BRDA:358,47,0,0
BRDA:358,47,1,1
BRDA:359,48,0,0
BRDA:359,48,1,1
BRDA:372,49,0,0
BRDA:372,49,1,0
BRDA:377,50,0,0
BRDA:377,50,1,0
BRDA:384,51,0,0
BRDA:384,51,1,0
BRDA:386,52,0,0
BRDA:386,52,1,0
BRDA:387,53,0,0
BRDA:387,53,1,0
BRDA:442,54,0,0
BRDA:442,54,1,0
BRDA:447,55,0,0
BRDA:447,55,1,0
BRDA:451,56,0,0
BRDA:451,56,1,0
BRDA:451,57,0,0
BRDA:451,57,1,0
BRDA:455,58,0,0
BRDA:455,58,1,0
BRDA:455,59,0,0
BRDA:455,59,1,0
BRDA:457,60,0,0
BRDA:457,60,1,0
BRF:121
BRH:6
end_of_record
TN:
SF:controllers\authController.js
FN:4,(anonymous_0)
FN:17,(anonymous_1)
FN:44,(anonymous_2)
FN:65,(anonymous_3)
FN:75,(anonymous_4)
FNF:5
FNH:4
FNDA:7,(anonymous_0)
FNDA:2,(anonymous_1)
FNDA:7,(anonymous_2)
FNDA:0,(anonymous_3)
FNDA:1,(anonymous_4)
DA:1,1
DA:2,1
DA:4,1
DA:5,7
DA:9,7
DA:17,1
DA:18,2
DA:19,2
DA:21,2
DA:22,2
DA:23,1
DA:26,1
DA:28,1
DA:29,1
DA:36,0
DA:37,0
DA:38,0
DA:40,0
DA:44,1
DA:45,7
DA:46,7
DA:47,7
DA:48,7
DA:49,6
DA:50,6
DA:57,1
DA:60,0
DA:61,0
DA:65,1
DA:66,0
DA:72,0
DA:75,1
DA:76,1
DA:82,1
LF:34
LH:26
BRDA:22,0,0,1
BRDA:22,0,1,1
BRDA:37,1,0,0
BRDA:37,1,1,0
BRDA:48,2,0,6
BRDA:48,2,1,1
BRDA:48,3,0,7
BRDA:48,3,1,7
BRF:8
BRH:6
end_of_record
TN:
SF:controllers\submissionController.js
FN:6,(anonymous_0)
FN:46,(anonymous_1)
FNF:2
FNH:0
FNDA:0,(anonymous_0)
FNDA:0,(anonymous_1)
DA:1,1
DA:2,1
DA:3,1
DA:4,1
DA:5,1
DA:6,1
DA:7,0
DA:8,0
DA:10,0
DA:11,0
DA:14,0
DA:15,0
DA:18,0
DA:20,0
DA:21,0
DA:25,0
DA:29,0
DA:39,0
DA:41,0
DA:42,0
DA:46,1
DA:47,0
DA:48,0
DA:49,0
DA:52,0
DA:56,0
DA:57,0
DA:60,0
DA:61,0
DA:64,0
DA:67,0
DA:71,0
DA:72,0
DA:77,0
DA:78,0
DA:80,0
DA:81,0
DA:82,0
DA:83,0
DA:84,0
DA:85,0
DA:86,0
DA:87,0
DA:88,0
DA:91,0
DA:92,0
DA:93,0
DA:94,0
DA:95,0
DA:96,0
DA:98,0
DA:99,0
DA:100,0
DA:101,0
DA:102,0
DA:103,0
DA:104,0
DA:105,0
DA:106,0
DA:107,0
DA:108,0
DA:109,0
DA:112,0
DA:114,0
DA:115,0
DA:116,0
DA:121,1
LF:67
LH:8
BRDA:10,0,0,0
BRDA:10,0,1,0
BRDA:14,1,0,0
BRDA:14,1,1,0
BRDA:20,2,0,0
BRDA:20,2,1,0
BRDA:25,3,0,0
BRDA:25,3,1,0
BRDA:48,4,0,0
BRDA:48,4,1,0
BRDA:56,5,0,0
BRDA:56,5,1,0
BRDA:60,6,0,0
BRDA:60,6,1,0
BRDA:67,7,0,0
BRDA:67,7,1,0
BRDA:91,8,0,0
BRDA:91,8,1,0
BRDA:104,9,0,0
BRDA:104,9,1,0
BRDA:106,10,0,0
BRDA:106,10,1,0
BRDA:107,11,0,0
BRDA:107,11,1,0
BRDA:115,12,0,0
BRDA:115,12,1,0
BRF:26
BRH:0
end_of_record
TN:
SF:controllers\testController.js
FN:9,(anonymous_0)
FN:18,(anonymous_1)
FN:28,(anonymous_2)
FN:60,(anonymous_3)
FN:61,(anonymous_4)
FN:98,(anonymous_5)
FN:118,(anonymous_6)
FN:161,(anonymous_7)
FN:176,(anonymous_8)
FN:226,(anonymous_9)
FNF:10
FNH:6
FNDA:1,(anonymous_0)
FNDA:0,(anonymous_1)
FNDA:1,(anonymous_2)
FNDA:0,(anonymous_3)
FNDA:0,(anonymous_4)
FNDA:2,(anonymous_5)
FNDA:3,(anonymous_6)
FNDA:4,(anonymous_7)
FNDA:2,(anonymous_8)
FNDA:0,(anonymous_9)
DA:1,1
DA:2,1
DA:3,1
DA:4,1
DA:5,1
DA:6,1
DA:7,1
DA:9,1
DA:10,1
DA:11,1
DA:12,1
DA:13,1
DA:15,1
DA:18,1
DA:19,0
DA:20,0
DA:21,0
DA:23,0
DA:24,0
DA:28,1
DA:29,1
DA:30,1
DA:31,1
DA:32,0
DA:35,1
DA:37,1
DA:38,1
DA:39,0
DA:42,1
DA:44,1
DA:50,1
DA:51,0
DA:52,0
DA:53,0
DA:56,0
DA:60,0
DA:61,0
DA:63,0
DA:75,1
DA:76,0
DA:77,0
DA:80,1
DA:85,1
DA:86,0
DA:89,1
DA:90,1
DA:91,1
DA:93,1
DA:98,2
DA:102,1
DA:113,0
DA:114,0
DA:118,1
DA:119,3
DA:120,3
DA:121,3
DA:122,3
DA:124,3
DA:125,0
DA:128,3
DA:129,0
DA:132,3
DA:133,0
DA:136,3
DA:137,3
DA:138,0
DA:141,3
DA:142,0
DA:145,3
DA:146,0
DA:149,3
DA:150,1
DA:153,2
DA:154,2
DA:155,2
DA:156,0
DA:157,0
DA:158,0
DA:161,4
DA:162,2
DA:164,2
DA:165,4
DA:166,1
DA:172,1
DA:176,2
DA:177,1
DA:178,1
DA:180,1
DA:181,2
DA:182,2
DA:183,2
DA:184,2
DA:185,2
DA:189,1
DA:190,1
DA:191,2
DA:192,2
DA:193,2
DA:198,1
DA:199,1
DA:208,0
DA:209,0
DA:211,0
DA:214,1
DA:215,1
DA:217,1
DA:219,1
DA:221,0
DA:222,0
DA:226,1
DA:227,0
DA:228,0
DA:229,0
DA:231,0
DA:232,0
DA:235,0
DA:236,0
DA:239,0
DA:240,0
DA:241,0
DA:244,0
DA:245,0
DA:248,0
DA:256,0
DA:258,0
DA:259,0
DA:263,1
LF:127
LH:78
BRDA:31,0,0,0
BRDA:31,0,1,1
BRDA:38,1,0,0
BRDA:38,1,1,1
BRDA:50,2,0,0
BRDA:50,2,1,1
BRDA:50,3,0,1
BRDA:50,3,1,0
BRDA:52,4,0,0
BRDA:52,4,1,0
BRDA:75,5,0,0
BRDA:75,5,1,1
BRDA:75,6,0,1
BRDA:75,6,1,0
BRDA:85,7,0,0
BRDA:85,7,1,1
BRDA:85,8,0,1
BRDA:85,8,1,1
BRDA:124,9,0,0
BRDA:124,9,1,3
BRDA:128,10,0,0
BRDA:128,10,1,3
BRDA:128,11,0,3
BRDA:128,11,1,3
BRDA:132,12,0,0
BRDA:132,12,1,3
BRDA:132,13,0,3
BRDA:132,13,1,3
BRDA:132,13,2,3
BRDA:137,14,0,0
BRDA:137,14,1,3
BRDA:141,15,0,0
BRDA:141,15,1,3
BRDA:145,16,0,0
BRDA:145,16,1,3
BRDA:149,17,0,1
BRDA:149,17,1,2
BRDA:155,18,0,0
BRDA:155,18,1,2
BRDA:165,19,0,1
BRDA:165,19,1,3
BRDA:182,20,0,0
BRDA:182,20,1,2
BRDA:184,21,0,2
BRDA:184,21,1,0
BRDA:184,22,0,2
BRDA:184,22,1,2
BRDA:192,23,0,2
BRDA:192,23,1,0
BRDA:208,24,0,0
BRDA:208,24,1,0
BRDA:231,25,0,0
BRDA:231,25,1,0
BRDA:235,26,0,0
BRDA:235,26,1,0
BRDA:235,27,0,0
BRDA:235,27,1,0
BRDA:240,28,0,0
BRDA:240,28,1,0
BRDA:240,29,0,0
BRDA:240,29,1,0
BRDA:244,30,0,0
BRDA:244,30,1,0
BRF:63
BRH:30
end_of_record
TN:
SF:middleware\authMiddleware.js
FN:4,(anonymous_0)
FN:26,(anonymous_1)
FNF:2
FNH:2
FNDA:9,(anonymous_0)
FNDA:3,(anonymous_1)
DA:1,1
DA:2,1
DA:4,1
DA:5,9
DA:7,9
DA:8,0
DA:11,9
DA:12,9
DA:13,9
DA:15,9
DA:16,0
DA:19,9
DA:20,9
DA:22,0
DA:26,1
DA:27,3
DA:28,2
DA:30,1
DA:33,1
LF:19
LH:16
BRDA:7,0,0,0
BRDA:7,0,1,9
BRDA:15,1,0,0
BRDA:15,1,1,9
BRDA:27,2,0,2
BRDA:27,2,1,1
BRDA:27,3,0,3
BRDA:27,3,1,3
BRF:8
BRH:6
end_of_record
TN:
SF:middleware\errorMiddleware.js
FN:4,(anonymous_0)
FN:12,(anonymous_1)
FNF:2
FNH:0
FNDA:0,(anonymous_0)
FNDA:0,(anonymous_1)
DA:4,1
DA:5,0
DA:6,0
DA:8,0
DA:12,1
DA:13,0
DA:15,0
DA:17,0
DA:21,0
DA:24,1
LF:10
LH:3
BRDA:5,0,0,0
BRDA:5,0,1,0
BRDA:15,1,0,0
BRDA:15,1,1,0
BRDA:15,1,2,0
BRDA:17,2,0,0
BRDA:17,2,1,0
BRDA:17,3,0,0
BRDA:17,3,1,0
BRDA:19,4,0,0
BRDA:19,4,1,0
BRF:11
BRH:0
end_of_record
TN:
SF:middleware\validateRequest.js
FN:6,(anonymous_0)
FN:11,(anonymous_1)
FNF:2
FNH:2
FNDA:15,(anonymous_0)
FNDA:1,(anonymous_1)
DA:1,1
DA:6,1
DA:7,15
DA:8,15
DA:9,1
DA:11,1
DA:18,14
DA:21,1
LF:8
LH:8
BRDA:8,0,0,1
BRDA:8,0,1,14
BRF:2
BRH:2
end_of_record
TN:
SF:routes\adminRoutes.js
FNF:0
FNH:0
DA:1,1
DA:2,1
DA:19,1
DA:20,1
DA:21,1
DA:30,1
DA:31,1
DA:33,1
DA:35,1
DA:36,1
DA:37,1
DA:46,1
DA:51,1
DA:56,1
DA:60,1
DA:66,1
DA:68,1
DA:77,1
DA:86,1
DA:95,1
LF:20
LH:20
BRF:0
BRH:0
end_of_record
TN:
SF:routes\auth.js
FNF:0
FNH:0
DA:1,1
DA:2,1
DA:3,1
DA:4,1
DA:5,1
DA:6,1
DA:7,1
DA:9,1
DA:16,1
DA:17,1
DA:18,1
DA:19,1
DA:21,1
LF:13
LH:13
BRF:0
BRH:0
end_of_record
TN:
SF:routes\submissionRoutes.js
FN:12,(anonymous_0)
FNF:1
FNH:1
FNDA:1,(anonymous_0)
DA:1,1
DA:2,1
DA:3,1
DA:4,1
DA:5,1
DA:9,1
DA:10,1
DA:12,1
DA:13,1
DA:14,1
DA:17,1
DA:19,0
DA:20,0
DA:24,1
DA:26,1
DA:34,1
LF:16
LH:14
BRF:0
BRH:0
end_of_record
TN:
SF:routes\testRoutes.js
FNF:0
FNH:0
DA:1,1
DA:2,1
DA:8,1
DA:9,1
DA:10,1
DA:15,1
DA:17,1
DA:19,1
DA:23,1
DA:27,1
DA:31,1
LF:11
LH:11
BRF:0
BRH:0
end_of_record
TN:
SF:validators\adminValidators.js
FN:43,(anonymous_0)
FNF:1
FNH:1
FNDA:5,(anonymous_0)
DA:1,1
DA:3,1
DA:12,1
DA:22,1
DA:28,1
DA:35,1
DA:43,5
DA:45,1
DA:50,1
LF:9
LH:9
BRDA:43,0,0,0
BRF:1
BRH:0
end_of_record
TN:
SF:validators\authValidators.js
FNF:0
FNH:0
DA:1,1
DA:3,1
DA:11,1
DA:16,1
LF:4
LH:4
BRF:0
BRH:0
end_of_record
TN:
SF:validators\submissionValidators.js
FNF:0
FNH:0
DA:1,1
DA:3,1
DA:5,1
LF:3
LH:3
BRF:0
BRH:0
end_of_record
TN:
SF:validators\testValidators.js
FNF:0
FNH:0
DA:1,1
DA:3,1
DA:9,1
DA:11,1
DA:17,1
LF:5
LH:5
BRF:0
BRH:0
end_of_record
